2629  execve("./encdrv", ["./encdrv", "testcases/testcase.1", "output/output.1"], 0x7ffc1ffeee28 /* 18 vars */) = 0
2629  brk(NULL)                         = 0x5d01d824a000
2629  arch_prctl(0x3001 /* ARCH_??? */, 0x7ffc85792790) = -1 EINVAL (Invalid argument)
2629  mmap(NULL, 8192, PROT_READ|PROT_WRITE, MAP_PRIVATE|MAP_ANONYMOUS, -1, 0) = 0x7bc5c82ca000
2629  access("/etc/ld.so.preload", R_OK) = -1 ENOENT (No such file or directory)
2629  openat(AT_FDCWD, "/etc/ld.so.cache", O_RDONLY|O_CLOEXEC) = 3
2629  newfstatat(3, "", {st_mode=S_IFREG|0644, st_size=29392, ...}, AT_EMPTY_PATH) = 0
2629  mmap(NULL, 29392, PROT_READ, MAP_PRIVATE, 3, 0) = 0x7bc5c82c2000
2629  close(3)                          = 0
2629  openat(AT_FDCWD, "/lib/x86_64-linux-gnu/libc.so.6", O_RDONLY|O_CLOEXEC) = 3
2629  read(3, "\177ELF\2\1\1\3\0\0\0\0\0\0\0\0\3\0>\0\1\0\0\0P\237\2\0\0\0\0\0"..., 832) = 832
2629  pread64(3, "\6\0\0\0\4\0\0\0@\0\0\0\0\0\0\0@\0\0\0\0\0\0\0@\0\0\0\0\0\0\0"..., 784, 64) = 784
2629  pread64(3, "\4\0\0\0 \0\0\0\5\0\0\0GNU\0\2\0\0\300\4\0\0\0\3\0\0\0\0\0\0\0"..., 48, 848) = 48
2629  pread64(3, "\4\0\0\0\24\0\0\0\3\0\0\0GNU\0\325\31p\226\367\t\200\30)\261\30\257\33|\366c"..., 68, 896) = 68
2629  newfstatat(3, "", {st_mode=S_IFREG|0755, st_size=2220400, ...}, AT_EMPTY_PATH) = 0
2629  pread64(3, "\6\0\0\0\4\0\0\0@\0\0\0\0\0\0\0@\0\0\0\0\0\0\0@\0\0\0\0\0\0\0"..., 784, 64) = 784
2629  mmap(NULL, 2264656, PROT_READ, MAP_PRIVATE|MAP_DENYWRITE, 3, 0) = 0x7bc5c8099000
2629  mprotect(0x7bc5c80c1000, 2023424, PROT_NONE) = 0
2629  mmap(0x7bc5c80c1000, 1658880, PROT_READ|PROT_EXEC, MAP_PRIVATE|MAP_FIXED|MAP_DENYWRITE, 3, 0x28000) = 0x7bc5c80c1000
2629  mmap(0x7bc5c8256000, 360448, PROT_READ, MAP_PRIVATE|MAP_FIXED|MAP_DENYWRITE, 3, 0x1bd000) = 0x7bc5c8256000
2629  mmap(0x7bc5c82af000, 24576, PROT_READ|PROT_WRITE, MAP_PRIVATE|MAP_FIXED|MAP_DENYWRITE, 3, 0x215000) = 0x7bc5c82af000
2629  mmap(0x7bc5c82b5000, 52816, PROT_READ|PROT_WRITE, MAP_PRIVATE|MAP_FIXED|MAP_ANONYMOUS, -1, 0) = 0x7bc5c82b5000
2629  close(3)                          = 0
2629  mmap(NULL, 12288, PROT_READ|PROT_WRITE, MAP_PRIVATE|MAP_ANONYMOUS, -1, 0) = 0x7bc5c8096000
2629  arch_prctl(ARCH_SET_FS, 0x7bc5c8096740) = 0
2629  set_tid_address(0x7bc5c8096a10)   = 2629
2629  set_robust_list(0x7bc5c8096a20, 24) = 0
2629  rseq(0x7bc5c80970e0, 0x20, 0, 0x53053053) = 0
2629  mprotect(0x7bc5c82af000, 16384, PROT_READ) = 0
2629  mprotect(0x5d019b836000, 4096, PROT_READ) = 0
2629  mprotect(0x7bc5c8304000, 8192, PROT_READ) = 0
2629  prlimit64(0, RLIMIT_STACK, NULL, {rlim_cur=8192*1024, rlim_max=RLIM64_INFINITY}) = 0
2629  munmap(0x7bc5c82c2000, 29392)     = 0
2629  openat(AT_FDCWD, "testcases/testcase.1", O_RDONLY) = 3
2629  openat(AT_FDCWD, "output/output.1", O_WRONLY|O_CREAT, 0644) = 4
2629  pipe2([5, 6], 0)                  = 0
2629  pipe2([7, 8], 0)                  = 0
2629  clone(child_stack=NULL, flags=CLONE_CHILD_CLEARTID|CLONE_CHILD_SETTID|SIGCHLD, child_tidptr=0x7bc5c8096a10) = 2630
2629  close(8)                          = 0
2629  close(5)                          = 0
2629  read(3, "all: encdrv encrypt decrypt\n\nenc"..., 1000) = 196
2629  write(6, "28\n", 3 <unfinished ...>
2630  set_robust_list(0x7bc5c8096a20, 24 <unfinished ...>
2629  <... write resumed>)              = 3
2629  write(6, "all: encdrv encrypt decrypt\n", 28) = 28
2629  write(6, "1\n", 2)                = 2
2630  <... set_robust_list resumed>)    = 0
2629  write(6, "\n", 1)                 = 1
2629  write(6, "18\n", 3)               = 3
2629  write(6, "encrypt:encrypt.c\n", 18) = 18
2629  write(6, "26\n", 3 <unfinished ...>
2630  dup2(5, 0 <unfinished ...>
2629  <... write resumed>)              = 3
2629  write(6, "\tgcc encrypt.c -o encrypt\n", 26) = 26
2629  write(6, "1\n", 2)                = 2
2629  write(6, "\n", 1)                 = 1
2630  <... dup2 resumed>)               = 0
2629  write(6, "18\n", 3)               = 3
2629  write(6, "decrypt:decrypt.c\n", 18) = 18
2629  write(6, "26\n", 3 <unfinished ...>
2630  dup2(8, 1 <unfinished ...>
2629  <... write resumed>)              = 3
2629  write(6, "\tgcc decrypt.c -o decrypt\n", 26) = 26
2629  write(6, "1\n", 2 <unfinished ...>
2630  <... dup2 resumed>)               = 1
2629  <... write resumed>)              = 2
2630  close(7 <unfinished ...>
2629  write(6, "\n", 1 <unfinished ...>
2630  <... close resumed>)              = 0
2629  <... write resumed>)              = 1
2630  close(8 <unfinished ...>
2629  write(6, "16\n", 3 <unfinished ...>
2630  <... close resumed>)              = 0
2629  <... write resumed>)              = 3
2630  close(5 <unfinished ...>
2629  write(6, "encdrv:encdrv.c\n", 16 <unfinished ...>
2630  <... close resumed>)              = 0
2629  <... write resumed>)              = 16
2630  close(6 <unfinished ...>
2629  write(6, "24\n", 3 <unfinished ...>
2630  <... close resumed>)              = 0
2629  <... write resumed>)              = 3
2630  execve("./encrypt", ["encrypt"], 0x7ffc85792978 /* 18 vars */ <unfinished ...>
2629  write(6, "\tgcc encdrv.c -o encdrv\n", 24) = 24
2629  write(6, "7\n", 2)                = 2
2629  write(6, "clean:\n", 7)           = 7
2629  write(6, "30\n", 3)               = 3
2629  write(6, "\trm -f encdrv encrypt decrypt\n", 30) = 30
2629  read(3, "", 1000)                 = 0
2630  <... execve resumed>)             = 0
2629  close(6)                          = 0
2629  read(7,  <unfinished ...>
2630  brk(NULL)                         = 0x5c14df75f000
2630  arch_prctl(0x3001 /* ARCH_??? */, 0x7fff433b95c0) = -1 EINVAL (Invalid argument)
2630  mmap(NULL, 8192, PROT_READ|PROT_WRITE, MAP_PRIVATE|MAP_ANONYMOUS, -1, 0) = 0x7ac93306c000
2630  access("/etc/ld.so.preload", R_OK) = -1 ENOENT (No such file or directory)
2630  openat(AT_FDCWD, "/etc/ld.so.cache", O_RDONLY|O_CLOEXEC) = 5
2630  newfstatat(5, "", {st_mode=S_IFREG|0644, st_size=29392, ...}, AT_EMPTY_PATH) = 0
2630  mmap(NULL, 29392, PROT_READ, MAP_PRIVATE, 5, 0) = 0x7ac933064000
2630  close(5)                          = 0
2630  openat(AT_FDCWD, "/lib/x86_64-linux-gnu/libc.so.6", O_RDONLY|O_CLOEXEC) = 5
2630  read(5, "\177ELF\2\1\1\3\0\0\0\0\0\0\0\0\3\0>\0\1\0\0\0P\237\2\0\0\0\0\0"..., 832) = 832
2630  pread64(5, "\6\0\0\0\4\0\0\0@\0\0\0\0\0\0\0@\0\0\0\0\0\0\0@\0\0\0\0\0\0\0"..., 784, 64) = 784
2630  pread64(5, "\4\0\0\0 \0\0\0\5\0\0\0GNU\0\2\0\0\300\4\0\0\0\3\0\0\0\0\0\0\0"..., 48, 848) = 48
2630  pread64(5, "\4\0\0\0\24\0\0\0\3\0\0\0GNU\0\325\31p\226\367\t\200\30)\261\30\257\33|\366c"..., 68, 896) = 68
2630  newfstatat(5, "", {st_mode=S_IFREG|0755, st_size=2220400, ...}, AT_EMPTY_PATH) = 0
2630  pread64(5, "\6\0\0\0\4\0\0\0@\0\0\0\0\0\0\0@\0\0\0\0\0\0\0@\0\0\0\0\0\0\0"..., 784, 64) = 784
2630  mmap(NULL, 2264656, PROT_READ, MAP_PRIVATE|MAP_DENYWRITE, 5, 0) = 0x7ac932e3b000
2630  mprotect(0x7ac932e63000, 2023424, PROT_NONE) = 0
2630  mmap(0x7ac932e63000, 1658880, PROT_READ|PROT_EXEC, MAP_PRIVATE|MAP_FIXED|MAP_DENYWRITE, 5, 0x28000) = 0x7ac932e63000
2630  mmap(0x7ac932ff8000, 360448, PROT_READ, MAP_PRIVATE|MAP_FIXED|MAP_DENYWRITE, 5, 0x1bd000) = 0x7ac932ff8000
2630  mmap(0x7ac933051000, 24576, PROT_READ|PROT_WRITE, MAP_PRIVATE|MAP_FIXED|MAP_DENYWRITE, 5, 0x215000) = 0x7ac933051000
2630  mmap(0x7ac933057000, 52816, PROT_READ|PROT_WRITE, MAP_PRIVATE|MAP_FIXED|MAP_ANONYMOUS, -1, 0) = 0x7ac933057000
2630  close(5)                          = 0
2630  mmap(NULL, 12288, PROT_READ|PROT_WRITE, MAP_PRIVATE|MAP_ANONYMOUS, -1, 0) = 0x7ac932e38000
2630  arch_prctl(ARCH_SET_FS, 0x7ac932e38740) = 0
2630  set_tid_address(0x7ac932e38a10)   = 2630
2630  set_robust_list(0x7ac932e38a20, 24) = 0
2630  rseq(0x7ac932e390e0, 0x20, 0, 0x53053053) = 0
2630  mprotect(0x7ac933051000, 16384, PROT_READ) = 0
2630  mprotect(0x5c14b35c1000, 4096, PROT_READ) = 0
2630  mprotect(0x7ac9330a6000, 8192, PROT_READ) = 0
2630  prlimit64(0, RLIMIT_STACK, NULL, {rlim_cur=8192*1024, rlim_max=RLIM64_INFINITY}) = 0
2630  munmap(0x7ac933064000, 29392)     = 0
2630  newfstatat(0, "", {st_mode=S_IFIFO|0600, st_size=0, ...}, AT_EMPTY_PATH) = 0
2630  getrandom("\xd9\x48\x25\x22\x6d\xf8\x5a\xfb", 8, GRND_NONBLOCK) = 8
2630  brk(NULL)                         = 0x5c14df75f000
2630  brk(0x5c14df780000)               = 0x5c14df780000
2630  read(0, "28\nall: encdrv encrypt decrypt\n1"..., 4096) = 228
2630  newfstatat(1, "", {st_mode=S_IFIFO|0600, st_size=0, ...}, AT_EMPTY_PATH) = 0
2630  write(1, "28\n}pp&<yr\177xnj<yr\177nelh<xy\177nelh\26", 31) = 31
2629  <... read resumed>"28\n}pp&<yr\177xnj<yr\177nelh<xy\177nelh\26", 1000) = 31
2630  write(1, "1\n\v", 3 <unfinished ...>
2629  write(4, "28\n}pp&<yr\177xnj<yr\177nelh<xy\177nelh\26", 31 <unfinished ...>
2630  <... write resumed>)              = 3
2630  write(1, "18\nw|q`kbf(w|q`kbf<q\30", 21 <unfinished ...>
2629  <... write resumed>)              = 31
2630  <... write resumed>)              = 21
2629  read(7,  <unfinished ...>
2630  write(1, "26\n\23}yy:\177tyhcjn4y:7u:\177tyhcjn\20", 29 <unfinished ...>
2629  <... read resumed>"1\n\v18\nw|q`kbf(w|q`kbf<q\30", 1000) = 24
2630  <... write resumed>)              = 29
2629  write(4, "1\n\v18\nw|q`kbf(w|q`kbf<q\30", 24 <unfinished ...>
2630  write(1, "1\n\v", 3 <unfinished ...>
2629  <... write resumed>)              = 24
2630  <... write resumed>)              = 3
2629  read(7,  <unfinished ...>
2630  write(1, "18\nvwq`kbf(vwq`kbf<q\30", 21 <unfinished ...>
2629  <... read resumed>"26\n\23}yy:\177tyhcjn4y:7u:\177tyhcjn\0201\n\v", 1000) = 32
2630  <... write resumed>)              = 21
2629  write(4, "26\n\23}yy:\177tyhcjn4y:7u:\177tyhcjn\0201\n\v", 32 <unfinished ...>
2630  write(1, "26\n\23}yy:~\177yhcjn4y:7u:~\177yhcjn\20", 29 <unfinished ...>
2629  <... write resumed>)              = 32
2630  <... write resumed>)              = 29
2629  read(7,  <unfinished ...>
2630  write(1, "1\n\v", 3 <unfinished ...>
2629  <... read resumed>"18\nvwq`kbf(vwq`kbf<q\03026\n\23}yy:~\177y"..., 1000) = 50
2630  <... write resumed>)              = 3
2629  write(4, "18\nvwq`kbf(vwq`kbf<q\03026\n\23}yy:~\177y"..., 50 <unfinished ...>
2630  write(1, "16\nu~stbf*u~stbf>s\32", 19 <unfinished ...>
2629  <... write resumed>)              = 50
2630  <... write resumed>)              = 19
2629  read(7,  <unfinished ...>
2630  write(1, "24\n\21\177{{8}v{|jn6{85w8}v{|jn\22", 27 <unfinished ...>
2629  <... read resumed>"1\n\v16\nu~stbf*u~stbf>s\32", 1000) = 22
2630  <... write resumed>)              = 27
2629  write(4, "1\n\v16\nu~stbf*u~stbf>s\32", 22 <unfinished ...>
2630  write(1, "7\ndkbfi=\r", 9 <unfinished ...>
2629  <... write resumed>)              = 22
2630  <... write resumed>)              = 9
2629  read(7,  <unfinished ...>
2630  write(1, "30\n\27ls>3x>{p}zlh>{p}lgnj>z{}lgnj"..., 33 <unfinished ...>
2629  <... read resumed>"24\n\21\177{{8}v{|jn6{85w8}v{|jn\0227\ndkb"..., 1000) = 36
2630  <... write resumed>)              = 33
2629  write(4, "24\n\21\177{{8}v{|jn6{85w8}v{|jn\0227\ndkb"..., 36 <unfinished ...>
2630  read(0,  <unfinished ...>
2629  <... write resumed>)              = 36
2630  <... read resumed>"", 4096)       = 0
2629  read(7, "30\n\27ls>3x>{p}zlh>{p}lgnj>z{}lgnj"..., 1000) = 33
2630  exit_group(0 <unfinished ...>
2629  write(4, "30\n\27ls>3x>{p}zlh>{p}lgnj>z{}lgnj"..., 33 <unfinished ...>
2630  <... exit_group resumed>)         = ?
2629  <... write resumed>)              = 33
2629  read(7, "", 1000)                 = 0
2630  +++ exited with 0 +++
2629  --- SIGCHLD {si_signo=SIGCHLD, si_code=CLD_EXITED, si_pid=2630, si_uid=1000, si_status=0, si_utime=0, si_stime=0} ---
2629  exit_group(0)                     = ?
2629  +++ exited with 0 +++
