2657  execve("./encdrv", ["./encdrv", "testcases/testcase.4", "output/output.4"], 0x7ffcaa32a6b8 /* 18 vars */) = 0
2657  brk(NULL)                         = 0x55c092246000
2657  arch_prctl(0x3001 /* ARCH_??? */, 0x7ffe8a486f20) = -1 EINVAL (Invalid argument)
2657  mmap(NULL, 8192, PROT_READ|PROT_WRITE, MAP_PRIVATE|MAP_ANONYMOUS, -1, 0) = 0x795814f33000
2657  access("/etc/ld.so.preload", R_OK) = -1 ENOENT (No such file or directory)
2657  openat(AT_FDCWD, "/etc/ld.so.cache", O_RDONLY|O_CLOEXEC) = 3
2657  newfstatat(3, "", {st_mode=S_IFREG|0644, st_size=29392, ...}, AT_EMPTY_PATH) = 0
2657  mmap(NULL, 29392, PROT_READ, MAP_PRIVATE, 3, 0) = 0x795814f2b000
2657  close(3)                          = 0
2657  openat(AT_FDCWD, "/lib/x86_64-linux-gnu/libc.so.6", O_RDONLY|O_CLOEXEC) = 3
2657  read(3, "\177ELF\2\1\1\3\0\0\0\0\0\0\0\0\3\0>\0\1\0\0\0P\237\2\0\0\0\0\0"..., 832) = 832
2657  pread64(3, "\6\0\0\0\4\0\0\0@\0\0\0\0\0\0\0@\0\0\0\0\0\0\0@\0\0\0\0\0\0\0"..., 784, 64) = 784
2657  pread64(3, "\4\0\0\0 \0\0\0\5\0\0\0GNU\0\2\0\0\300\4\0\0\0\3\0\0\0\0\0\0\0"..., 48, 848) = 48
2657  pread64(3, "\4\0\0\0\24\0\0\0\3\0\0\0GNU\0\325\31p\226\367\t\200\30)\261\30\257\33|\366c"..., 68, 896) = 68
2657  newfstatat(3, "", {st_mode=S_IFREG|0755, st_size=2220400, ...}, AT_EMPTY_PATH) = 0
2657  pread64(3, "\6\0\0\0\4\0\0\0@\0\0\0\0\0\0\0@\0\0\0\0\0\0\0@\0\0\0\0\0\0\0"..., 784, 64) = 784
2657  mmap(NULL, 2264656, PROT_READ, MAP_PRIVATE|MAP_DENYWRITE, 3, 0) = 0x795814d02000
2657  mprotect(0x795814d2a000, 2023424, PROT_NONE) = 0
2657  mmap(0x795814d2a000, 1658880, PROT_READ|PROT_EXEC, MAP_PRIVATE|MAP_FIXED|MAP_DENYWRITE, 3, 0x28000) = 0x795814d2a000
2657  mmap(0x795814ebf000, 360448, PROT_READ, MAP_PRIVATE|MAP_FIXED|MAP_DENYWRITE, 3, 0x1bd000) = 0x795814ebf000
2657  mmap(0x795814f18000, 24576, PROT_READ|PROT_WRITE, MAP_PRIVATE|MAP_FIXED|MAP_DENYWRITE, 3, 0x215000) = 0x795814f18000
2657  mmap(0x795814f1e000, 52816, PROT_READ|PROT_WRITE, MAP_PRIVATE|MAP_FIXED|MAP_ANONYMOUS, -1, 0) = 0x795814f1e000
2657  close(3)                          = 0
2657  mmap(NULL, 12288, PROT_READ|PROT_WRITE, MAP_PRIVATE|MAP_ANONYMOUS, -1, 0) = 0x795814cff000
2657  arch_prctl(ARCH_SET_FS, 0x795814cff740) = 0
2657  set_tid_address(0x795814cffa10)   = 2657
2657  set_robust_list(0x795814cffa20, 24) = 0
2657  rseq(0x795814d000e0, 0x20, 0, 0x53053053) = 0
2657  mprotect(0x795814f18000, 16384, PROT_READ) = 0
2657  mprotect(0x55c0533d8000, 4096, PROT_READ) = 0
2657  mprotect(0x795814f6d000, 8192, PROT_READ) = 0
2657  prlimit64(0, RLIMIT_STACK, NULL, {rlim_cur=8192*1024, rlim_max=RLIM64_INFINITY}) = 0
2657  munmap(0x795814f2b000, 29392)     = 0
2657  openat(AT_FDCWD, "testcases/testcase.4", O_RDONLY) = 3
2657  openat(AT_FDCWD, "output/output.4", O_WRONLY|O_CREAT, 0644) = 4
2657  pipe2([5, 6], 0)                  = 0
2657  pipe2([7, 8], 0)                  = 0
2657  clone(child_stack=NULL, flags=CLONE_CHILD_CLEARTID|CLONE_CHILD_SETTID|SIGCHLD, child_tidptr=0x795814cffa10) = 2658
2657  close(8)                          = 0
2657  close(5 <unfinished ...>
2658  set_robust_list(0x795814cffa20, 24 <unfinished ...>
2657  <... close resumed>)              = 0
2657  read(3,  <unfinished ...>
2658  <... set_robust_list resumed>)    = 0
2657  <... read resumed>"all: encdrv encrypt decrypt\n\nenc"..., 1000) = 212
2657  write(6, "28\n", 3)               = 3
2657  write(6, "all: encdrv encrypt decrypt\n", 28 <unfinished ...>
2658  dup2(5, 0 <unfinished ...>
2657  <... write resumed>)              = 28
2657  write(6, "1\n", 2 <unfinished ...>
2658  <... dup2 resumed>)               = 0
2657  <... write resumed>)              = 2
2657  write(6, "\n", 1)                 = 1
2657  write(6, "18\n", 3)               = 3
2658  dup2(8, 1 <unfinished ...>
2657  write(6, "encrypt:encrypt.c\n", 18) = 18
2657  write(6, "26\n", 3)               = 3
2657  write(6, "\tgcc encrypt.c -o encrypt\n", 26 <unfinished ...>
2658  <... dup2 resumed>)               = 1
2657  <... write resumed>)              = 26
2658  close(7 <unfinished ...>
2657  write(6, "1\n", 2 <unfinished ...>
2658  <... close resumed>)              = 0
2657  <... write resumed>)              = 2
2658  close(8 <unfinished ...>
2657  write(6, "\n", 1 <unfinished ...>
2658  <... close resumed>)              = 0
2657  <... write resumed>)              = 1
2658  close(5 <unfinished ...>
2657  write(6, "18\n", 3 <unfinished ...>
2658  <... close resumed>)              = 0
2657  <... write resumed>)              = 3
2658  close(6 <unfinished ...>
2657  write(6, "decrypt:decrypt.c\n", 18 <unfinished ...>
2658  <... close resumed>)              = 0
2657  <... write resumed>)              = 18
2658  execve("./encrypt", ["encrypt"], 0x7ffe8a487108 /* 18 vars */ <unfinished ...>
2657  write(6, "26\n", 3)               = 3
2657  write(6, "\tgcc decrypt.c -o decrypt\n", 26) = 26
2657  write(6, "1\n", 2)                = 2
2657  write(6, "\n", 1)                 = 1
2657  write(6, "16\n", 3)               = 3
2657  write(6, "encdrv:encdrv.c\n", 16) = 16
2658  <... execve resumed>)             = 0
2657  write(6, "24\n", 3)               = 3
2657  write(6, "\tgcc encdrv.c -o encdrv\n", 24 <unfinished ...>
2658  brk(NULL <unfinished ...>
2657  <... write resumed>)              = 24
2658  <... brk resumed>)                = 0x5f34c911f000
2657  write(6, "7\n", 2)                = 2
2658  arch_prctl(0x3001 /* ARCH_??? */, 0x7ffff9db5770 <unfinished ...>
2657  write(6, "clean:\n", 7 <unfinished ...>
2658  <... arch_prctl resumed>)         = -1 EINVAL (Invalid argument)
2657  <... write resumed>)              = 7
2657  write(6, "30\n", 3 <unfinished ...>
2658  mmap(NULL, 8192, PROT_READ|PROT_WRITE, MAP_PRIVATE|MAP_ANONYMOUS, -1, 0 <unfinished ...>
2657  <... write resumed>)              = 3
2658  <... mmap resumed>)               = 0x780bb6f0c000
2657  write(6, "\trm -f encdrv encrypt decrypt\n", 30 <unfinished ...>
2658  access("/etc/ld.so.preload", R_OK <unfinished ...>
2657  <... write resumed>)              = 30
2658  <... access resumed>)             = -1 ENOENT (No such file or directory)
2657  write(6, "1\n", 2 <unfinished ...>
2658  openat(AT_FDCWD, "/etc/ld.so.cache", O_RDONLY|O_CLOEXEC <unfinished ...>
2657  <... write resumed>)              = 2
2657  write(6, "\n", 1 <unfinished ...>
2658  <... openat resumed>)             = 5
2657  <... write resumed>)              = 1
2658  newfstatat(5, "",  <unfinished ...>
2657  write(6, "5\n", 2 <unfinished ...>
2658  <... newfstatat resumed>{st_mode=S_IFREG|0644, st_size=29392, ...}, AT_EMPTY_PATH) = 0
2657  <... write resumed>)              = 2
2658  mmap(NULL, 29392, PROT_READ, MAP_PRIVATE, 5, 0 <unfinished ...>
2657  write(6, "\t\t\t\t\n", 5 <unfinished ...>
2658  <... mmap resumed>)               = 0x780bb6f04000
2657  <... write resumed>)              = 5
2658  close(5 <unfinished ...>
2657  write(6, "1\n", 2 <unfinished ...>
2658  <... close resumed>)              = 0
2657  <... write resumed>)              = 2
2657  write(6, "\n", 1 <unfinished ...>
2658  openat(AT_FDCWD, "/lib/x86_64-linux-gnu/libc.so.6", O_RDONLY|O_CLOEXEC <unfinished ...>
2657  <... write resumed>)              = 1
2657  write(6, "1\n", 2 <unfinished ...>
2658  <... openat resumed>)             = 5
2657  <... write resumed>)              = 2
2658  read(5,  <unfinished ...>
2657  write(6, "\n", 1 <unfinished ...>
2658  <... read resumed>"\177ELF\2\1\1\3\0\0\0\0\0\0\0\0\3\0>\0\1\0\0\0P\237\2\0\0\0\0\0"..., 832) = 832
2657  <... write resumed>)              = 1
2658  pread64(5,  <unfinished ...>
2657  write(6, "1\n", 2 <unfinished ...>
2658  <... pread64 resumed>"\6\0\0\0\4\0\0\0@\0\0\0\0\0\0\0@\0\0\0\0\0\0\0@\0\0\0\0\0\0\0"..., 784, 64) = 784
2657  <... write resumed>)              = 2
2658  pread64(5,  <unfinished ...>
2657  write(6, "\n", 1 <unfinished ...>
2658  <... pread64 resumed>"\4\0\0\0 \0\0\0\5\0\0\0GNU\0\2\0\0\300\4\0\0\0\3\0\0\0\0\0\0\0"..., 48, 848) = 48
2657  <... write resumed>)              = 1
2658  pread64(5,  <unfinished ...>
2657  write(6, "4\n", 2 <unfinished ...>
2658  <... pread64 resumed>"\4\0\0\0\24\0\0\0\3\0\0\0GNU\0\325\31p\226\367\t\200\30)\261\30\257\33|\366c"..., 68, 896) = 68
2657  <... write resumed>)              = 2
2658  newfstatat(5, "",  <unfinished ...>
2657  write(6, "\t\t\t\n", 4 <unfinished ...>
2658  <... newfstatat resumed>{st_mode=S_IFREG|0755, st_size=2220400, ...}, AT_EMPTY_PATH) = 0
2657  <... write resumed>)              = 4
2658  pread64(5,  <unfinished ...>
2657  write(6, "1\n", 2 <unfinished ...>
2658  <... pread64 resumed>"\6\0\0\0\4\0\0\0@\0\0\0\0\0\0\0@\0\0\0\0\0\0\0@\0\0\0\0\0\0\0"..., 784, 64) = 784
2657  <... write resumed>)              = 2
2658  mmap(NULL, 2264656, PROT_READ, MAP_PRIVATE|MAP_DENYWRITE, 5, 0 <unfinished ...>
2657  write(6, "\n", 1 <unfinished ...>
2658  <... mmap resumed>)               = 0x780bb6cdb000
2657  <... write resumed>)              = 1
2658  mprotect(0x780bb6d03000, 2023424, PROT_NONE <unfinished ...>
2657  write(6, "1\n", 2 <unfinished ...>
2658  <... mprotect resumed>)           = 0
2657  <... write resumed>)              = 2
2658  mmap(0x780bb6d03000, 1658880, PROT_READ|PROT_EXEC, MAP_PRIVATE|MAP_FIXED|MAP_DENYWRITE, 5, 0x28000 <unfinished ...>
2657  write(6, "\n", 1)                 = 1
2658  <... mmap resumed>)               = 0x780bb6d03000
2657  write(6, "1\n", 2 <unfinished ...>
2658  mmap(0x780bb6e98000, 360448, PROT_READ, MAP_PRIVATE|MAP_FIXED|MAP_DENYWRITE, 5, 0x1bd000 <unfinished ...>
2657  <... write resumed>)              = 2
2658  <... mmap resumed>)               = 0x780bb6e98000
2657  write(6, "\n", 1 <unfinished ...>
2658  mmap(0x780bb6ef1000, 24576, PROT_READ|PROT_WRITE, MAP_PRIVATE|MAP_FIXED|MAP_DENYWRITE, 5, 0x215000 <unfinished ...>
2657  <... write resumed>)              = 1
2657  read(3,  <unfinished ...>
2658  <... mmap resumed>)               = 0x780bb6ef1000
2657  <... read resumed>"", 1000)       = 0
2657  close(6 <unfinished ...>
2658  mmap(0x780bb6ef7000, 52816, PROT_READ|PROT_WRITE, MAP_PRIVATE|MAP_FIXED|MAP_ANONYMOUS, -1, 0 <unfinished ...>
2657  <... close resumed>)              = 0
2658  <... mmap resumed>)               = 0x780bb6ef7000
2657  read(7,  <unfinished ...>
2658  close(5)                          = 0
2658  mmap(NULL, 12288, PROT_READ|PROT_WRITE, MAP_PRIVATE|MAP_ANONYMOUS, -1, 0) = 0x780bb6cd8000
2658  arch_prctl(ARCH_SET_FS, 0x780bb6cd8740) = 0
2658  set_tid_address(0x780bb6cd8a10)   = 2658
2658  set_robust_list(0x780bb6cd8a20, 24) = 0
2658  rseq(0x780bb6cd90e0, 0x20, 0, 0x53053053) = 0
2658  mprotect(0x780bb6ef1000, 16384, PROT_READ) = 0
2658  mprotect(0x5f34bdb49000, 4096, PROT_READ) = 0
2658  mprotect(0x780bb6f46000, 8192, PROT_READ) = 0
2658  prlimit64(0, RLIMIT_STACK, NULL, {rlim_cur=8192*1024, rlim_max=RLIM64_INFINITY}) = 0
2658  munmap(0x780bb6f04000, 29392)     = 0
2658  newfstatat(0, "", {st_mode=S_IFIFO|0600, st_size=0, ...}, AT_EMPTY_PATH) = 0
2658  getrandom("\x18\x52\x4e\x39\x9a\x61\x1c\x71", 8, GRND_NONBLOCK) = 8
2658  brk(NULL)                         = 0x5f34c911f000
2658  brk(0x5f34c9140000)               = 0x5f34c9140000
2658  read(0, "28\nall: encdrv encrypt decrypt\n1"..., 4096) = 262
2658  newfstatat(1, "", {st_mode=S_IFIFO|0600, st_size=0, ...}, AT_EMPTY_PATH) = 0
2658  write(1, "28\n}pp&<yr\177xnj<yr\177nelh<xy\177nelh\26", 31 <unfinished ...>
2657  <... read resumed>"28\n}pp&<yr\177xnj<yr\177nelh<xy\177nelh\26", 1000) = 31
2658  <... write resumed>)              = 31
2657  write(4, "28\n}pp&<yr\177xnj<yr\177nelh<xy\177nelh\26", 31 <unfinished ...>
2658  write(1, "1\n\v", 3)              = 3
2657  <... write resumed>)              = 31
2658  write(1, "18\nw|q`kbf(w|q`kbf<q\30", 21 <unfinished ...>
2657  read(7,  <unfinished ...>
2658  <... write resumed>)              = 21
2657  <... read resumed>"1\n\v18\nw|q`kbf(w|q`kbf<q\30", 1000) = 24
2658  write(1, "26\n\23}yy:\177tyhcjn4y:7u:\177tyhcjn\20", 29 <unfinished ...>
2657  write(4, "1\n\v18\nw|q`kbf(w|q`kbf<q\30", 24 <unfinished ...>
2658  <... write resumed>)              = 29
2657  <... write resumed>)              = 24
2658  write(1, "1\n\v", 3 <unfinished ...>
2657  read(7,  <unfinished ...>
2658  <... write resumed>)              = 3
2657  <... read resumed>"26\n\23}yy:\177tyhcjn4y:7u:\177tyhcjn\0201\n\v", 1000) = 32
2658  write(1, "18\nvwq`kbf(vwq`kbf<q\30", 21 <unfinished ...>
2657  write(4, "26\n\23}yy:\177tyhcjn4y:7u:\177tyhcjn\0201\n\v", 32 <unfinished ...>
2658  <... write resumed>)              = 21
2657  <... write resumed>)              = 32
2658  write(1, "26\n\23}yy:~\177yhcjn4y:7u:~\177yhcjn\20", 29 <unfinished ...>
2657  read(7,  <unfinished ...>
2658  <... write resumed>)              = 29
2657  <... read resumed>"18\nvwq`kbf(vwq`kbf<q\03026\n\23}yy:~\177y"..., 1000) = 50
2658  write(1, "1\n\v", 3 <unfinished ...>
2657  write(4, "18\nvwq`kbf(vwq`kbf<q\03026\n\23}yy:~\177y"..., 50 <unfinished ...>
2658  <... write resumed>)              = 3
2657  <... write resumed>)              = 50
2658  write(1, "16\nu~stbf*u~stbf>s\32", 19 <unfinished ...>
2657  read(7,  <unfinished ...>
2658  <... write resumed>)              = 19
2657  <... read resumed>"1\n\v16\nu~stbf*u~stbf>s\32", 1000) = 22
2658  write(1, "24\n\21\177{{8}v{|jn6{85w8}v{|jn\22", 27 <unfinished ...>
2657  write(4, "1\n\v16\nu~stbf*u~stbf>s\32", 22 <unfinished ...>
2658  <... write resumed>)              = 27
2657  <... write resumed>)              = 22
2658  write(1, "7\ndkbfi=\r", 9 <unfinished ...>
2657  read(7,  <unfinished ...>
2658  <... write resumed>)              = 9
2657  <... read resumed>"24\n\21\177{{8}v{|jn6{85w8}v{|jn\0227\ndkb"..., 1000) = 36
2658  write(1, "30\n\27ls>3x>{p}zlh>{p}lgnj>z{}lgnj"..., 33 <unfinished ...>
2657  write(4, "24\n\21\177{{8}v{|jn6{85w8}v{|jn\0227\ndkb"..., 36 <unfinished ...>
2658  <... write resumed>)              = 33
2657  <... write resumed>)              = 36
2658  write(1, "1\n\v", 3 <unfinished ...>
2657  read(7,  <unfinished ...>
2658  <... write resumed>)              = 3
2657  <... read resumed>"30\n\27ls>3x>{p}zlh>{p}lgnj>z{}lgnj"..., 1000) = 36
2658  write(1, "5\n\f\f\f\f\17", 7 <unfinished ...>
2657  write(4, "30\n\27ls>3x>{p}zlh>{p}lgnj>z{}lgnj"..., 36 <unfinished ...>
2658  <... write resumed>)              = 7
2657  <... write resumed>)              = 36
2658  write(1, "1\n\v", 3 <unfinished ...>
2657  read(7,  <unfinished ...>
2658  <... write resumed>)              = 3
2657  <... read resumed>"5\n\f\f\f\f\0171\n\v", 1000) = 10
2658  write(1, "1\n\v", 3 <unfinished ...>
2657  write(4, "5\n\f\f\f\f\0171\n\v", 10 <unfinished ...>
2658  <... write resumed>)              = 3
2657  <... write resumed>)              = 10
2658  write(1, "1\n\v", 3 <unfinished ...>
2657  read(7,  <unfinished ...>
2658  <... write resumed>)              = 3
2657  <... read resumed>"1\n\v1\n\v", 1000) = 6
2658  write(1, "4\n\r\r\r\16", 6 <unfinished ...>
2657  write(4, "1\n\v1\n\v", 6 <unfinished ...>
2658  <... write resumed>)              = 6
2657  <... write resumed>)              = 6
2658  write(1, "1\n\v", 3 <unfinished ...>
2657  read(7,  <unfinished ...>
2658  <... write resumed>)              = 3
2657  <... read resumed>"4\n\r\r\r\0161\n\v", 1000) = 9
2658  write(1, "1\n\v", 3 <unfinished ...>
2657  write(4, "4\n\r\r\r\0161\n\v", 9 <unfinished ...>
2658  <... write resumed>)              = 3
2657  <... write resumed>)              = 9
2658  write(1, "1\n\v", 3 <unfinished ...>
2657  read(7,  <unfinished ...>
2658  <... write resumed>)              = 3
2657  <... read resumed>"1\n\v1\n\v", 1000) = 6
2658  read(0,  <unfinished ...>
2657  write(4, "1\n\v1\n\v", 6 <unfinished ...>
2658  <... read resumed>"", 4096)       = 0
2657  <... write resumed>)              = 6
2657  read(7,  <unfinished ...>
2658  exit_group(0)                     = ?
2657  <... read resumed>"", 1000)       = 0
2658  +++ exited with 0 +++
2657  --- SIGCHLD {si_signo=SIGCHLD, si_code=CLD_EXITED, si_pid=2658, si_uid=1000, si_status=0, si_utime=0, si_stime=0} ---
2657  exit_group(0)                     = ?
2657  +++ exited with 0 +++
