2693  execve("./cprime", ["./cprime", "500000", "2", "1"], 0x7ffce2ff4940 /* 18 vars */) = 0
2693  brk(NULL)                         = 0x5de16b1d4000
2693  arch_prctl(0x3001 /* ARCH_??? */, 0x7ffc2a737790) = -1 EINVAL (Invalid argument)
2693  mmap(NULL, 8192, PROT_READ|PROT_WRITE, MAP_PRIVATE|MAP_ANONYMOUS, -1, 0) = 0x7eac18a55000
2693  access("/etc/ld.so.preload", R_OK) = -1 ENOENT (No such file or directory)
2693  openat(AT_FDCWD, "/etc/ld.so.cache", O_RDONLY|O_CLOEXEC) = 3
2693  newfstatat(3, "", {st_mode=S_IFREG|0644, st_size=29392, ...}, AT_EMPTY_PATH) = 0
2693  mmap(NULL, 29392, PROT_READ, MAP_PRIVATE, 3, 0) = 0x7eac18a4d000
2693  close(3)                          = 0
2693  openat(AT_FDCWD, "/lib/x86_64-linux-gnu/libm.so.6", O_RDONLY|O_CLOEXEC) = 3
2693  read(3, "\177ELF\2\1\1\3\0\0\0\0\0\0\0\0\3\0>\0\1\0\0\0\0\0\0\0\0\0\0\0"..., 832) = 832
2693  newfstatat(3, "", {st_mode=S_IFREG|0644, st_size=940560, ...}, AT_EMPTY_PATH) = 0
2693  mmap(NULL, 942344, PROT_READ, MAP_PRIVATE|MAP_DENYWRITE, 3, 0) = 0x7eac18966000
2693  mmap(0x7eac18974000, 507904, PROT_READ|PROT_EXEC, MAP_PRIVATE|MAP_FIXED|MAP_DENYWRITE, 3, 0xe000) = 0x7eac18974000
2693  mmap(0x7eac189f0000, 372736, PROT_READ, MAP_PRIVATE|MAP_FIXED|MAP_DENYWRITE, 3, 0x8a000) = 0x7eac189f0000
2693  mmap(0x7eac18a4b000, 8192, PROT_READ|PROT_WRITE, MAP_PRIVATE|MAP_FIXED|MAP_DENYWRITE, 3, 0xe4000) = 0x7eac18a4b000
2693  close(3)                          = 0
2693  openat(AT_FDCWD, "/lib/x86_64-linux-gnu/libc.so.6", O_RDONLY|O_CLOEXEC) = 3
2693  read(3, "\177ELF\2\1\1\3\0\0\0\0\0\0\0\0\3\0>\0\1\0\0\0P\237\2\0\0\0\0\0"..., 832) = 832
2693  pread64(3, "\6\0\0\0\4\0\0\0@\0\0\0\0\0\0\0@\0\0\0\0\0\0\0@\0\0\0\0\0\0\0"..., 784, 64) = 784
2693  pread64(3, "\4\0\0\0 \0\0\0\5\0\0\0GNU\0\2\0\0\300\4\0\0\0\3\0\0\0\0\0\0\0"..., 48, 848) = 48
2693  pread64(3, "\4\0\0\0\24\0\0\0\3\0\0\0GNU\0\325\31p\226\367\t\200\30)\261\30\257\33|\366c"..., 68, 896) = 68
2693  newfstatat(3, "", {st_mode=S_IFREG|0755, st_size=2220400, ...}, AT_EMPTY_PATH) = 0
2693  pread64(3, "\6\0\0\0\4\0\0\0@\0\0\0\0\0\0\0@\0\0\0\0\0\0\0@\0\0\0\0\0\0\0"..., 784, 64) = 784
2693  mmap(NULL, 2264656, PROT_READ, MAP_PRIVATE|MAP_DENYWRITE, 3, 0) = 0x7eac1873d000
2693  mprotect(0x7eac18765000, 2023424, PROT_NONE) = 0
2693  mmap(0x7eac18765000, 1658880, PROT_READ|PROT_EXEC, MAP_PRIVATE|MAP_FIXED|MAP_DENYWRITE, 3, 0x28000) = 0x7eac18765000
2693  mmap(0x7eac188fa000, 360448, PROT_READ, MAP_PRIVATE|MAP_FIXED|MAP_DENYWRITE, 3, 0x1bd000) = 0x7eac188fa000
2693  mmap(0x7eac18953000, 24576, PROT_READ|PROT_WRITE, MAP_PRIVATE|MAP_FIXED|MAP_DENYWRITE, 3, 0x215000) = 0x7eac18953000
2693  mmap(0x7eac18959000, 52816, PROT_READ|PROT_WRITE, MAP_PRIVATE|MAP_FIXED|MAP_ANONYMOUS, -1, 0) = 0x7eac18959000
2693  close(3)                          = 0
2693  mmap(NULL, 12288, PROT_READ|PROT_WRITE, MAP_PRIVATE|MAP_ANONYMOUS, -1, 0) = 0x7eac1873a000
2693  arch_prctl(ARCH_SET_FS, 0x7eac1873a740) = 0
2693  set_tid_address(0x7eac1873aa10)   = 2693
2693  set_robust_list(0x7eac1873aa20, 24) = 0
2693  rseq(0x7eac1873b0e0, 0x20, 0, 0x53053053) = 0
2693  mprotect(0x7eac18953000, 16384, PROT_READ) = 0
2693  mprotect(0x7eac18a4b000, 4096, PROT_READ) = 0
2693  mprotect(0x5de15e77d000, 4096, PROT_READ) = 0
2693  mprotect(0x7eac18a8f000, 8192, PROT_READ) = 0
2693  prlimit64(0, RLIMIT_STACK, NULL, {rlim_cur=8192*1024, rlim_max=RLIM64_INFINITY}) = 0
2693  munmap(0x7eac18a4d000, 29392)     = 0
2693  getrandom("\x57\xcd\xac\xa6\x8c\x59\x81\x0f", 8, GRND_NONBLOCK) = 8
2693  brk(NULL)                         = 0x5de16b1d4000
2693  brk(0x5de16b1f5000)               = 0x5de16b1f5000
2693  pipe([3, 4])                      = 0
2693  pipe([5, 6])                      = 0
2693  clone(child_stack=NULL, flags=CLONE_CHILD_CLEARTID|CLONE_CHILD_SETTID|SIGCHLD, child_tidptr=0x7eac1873aa10) = 2694
2693  clone(child_stack=NULL, flags=CLONE_CHILD_CLEARTID|CLONE_CHILD_SETTID|SIGCHLD <unfinished ...>
2694  set_robust_list(0x7eac1873aa20, 24 <unfinished ...>
2693  <... clone resumed>, child_tidptr=0x7eac1873aa10) = 2695
2693  read(3,  <unfinished ...>
2695  set_robust_list(0x7eac1873aa20, 24 <unfinished ...>
2694  <... set_robust_list resumed>)    = 0
2695  <... set_robust_list resumed>)    = 0
2694  write(4, "\34V\0\0\0\0\0\0", 8 <unfinished ...>
2693  <... read resumed>"\34V\0\0\0\0\0\0", 8) = 8
2694  <... write resumed>)              = 8
2693  read(5,  <unfinished ...>
2694  exit_group(22044)                 = ?
2694  +++ exited with 28 +++
2693  <... read resumed>0x7ffc2a7377a8, 8) = ? ERESTARTSYS (To be restarted if SA_RESTART is set)
2693  --- SIGCHLD {si_signo=SIGCHLD, si_code=CLD_EXITED, si_pid=2694, si_uid=1000, si_status=28, si_utime=6, si_stime=0} ---
2693  read(5,  <unfinished ...>
2695  write(6, "&L\0\0\0\0\0\0", 8 <unfinished ...>
2693  <... read resumed>"&L\0\0\0\0\0\0", 8) = 8
2695  <... write resumed>)              = 8
2695  exit_group(19494)                 = ?
2695  +++ exited with 38 +++
2693  --- SIGCHLD {si_signo=SIGCHLD, si_code=CLD_EXITED, si_pid=2695, si_uid=1000, si_status=38, si_utime=10, si_stime=0} ---
2693  newfstatat(1, "", {st_mode=S_IFREG|0664, st_size=0, ...}, AT_EMPTY_PATH) = 0
2693  write(1, "Testcase: 1 numP: 2 Expected: 41"..., 91) = 91
2693  exit_group(0)                     = ?
2693  +++ exited with 0 +++
