2725  execve("./cprime", ["./cprime", "500000", "8", "3"], 0x7ffcb06532e0 /* 18 vars */) = 0
2725  brk(NULL)                         = 0x5a2f7633d000
2725  arch_prctl(0x3001 /* ARCH_??? */, 0x7ffdf6fe5c60) = -1 EINVAL (Invalid argument)
2725  mmap(NULL, 8192, PROT_READ|PROT_WRITE, MAP_PRIVATE|MAP_ANONYMOUS, -1, 0) = 0x7c32013a6000
2725  access("/etc/ld.so.preload", R_OK) = -1 ENOENT (No such file or directory)
2725  openat(AT_FDCWD, "/etc/ld.so.cache", O_RDONLY|O_CLOEXEC) = 3
2725  newfstatat(3, "", {st_mode=S_IFREG|0644, st_size=29392, ...}, AT_EMPTY_PATH) = 0
2725  mmap(NULL, 29392, PROT_READ, MAP_PRIVATE, 3, 0) = 0x7c320139e000
2725  close(3)                          = 0
2725  openat(AT_FDCWD, "/lib/x86_64-linux-gnu/libm.so.6", O_RDONLY|O_CLOEXEC) = 3
2725  read(3, "\177ELF\2\1\1\3\0\0\0\0\0\0\0\0\3\0>\0\1\0\0\0\0\0\0\0\0\0\0\0"..., 832) = 832
2725  newfstatat(3, "", {st_mode=S_IFREG|0644, st_size=940560, ...}, AT_EMPTY_PATH) = 0
2725  mmap(NULL, 942344, PROT_READ, MAP_PRIVATE|MAP_DENYWRITE, 3, 0) = 0x7c32012b7000
2725  mmap(0x7c32012c5000, 507904, PROT_READ|PROT_EXEC, MAP_PRIVATE|MAP_FIXED|MAP_DENYWRITE, 3, 0xe000) = 0x7c32012c5000
2725  mmap(0x7c3201341000, 372736, PROT_READ, MAP_PRIVATE|MAP_FIXED|MAP_DENYWRITE, 3, 0x8a000) = 0x7c3201341000
2725  mmap(0x7c320139c000, 8192, PROT_READ|PROT_WRITE, MAP_PRIVATE|MAP_FIXED|MAP_DENYWRITE, 3, 0xe4000) = 0x7c320139c000
2725  close(3)                          = 0
2725  openat(AT_FDCWD, "/lib/x86_64-linux-gnu/libc.so.6", O_RDONLY|O_CLOEXEC) = 3
2725  read(3, "\177ELF\2\1\1\3\0\0\0\0\0\0\0\0\3\0>\0\1\0\0\0P\237\2\0\0\0\0\0"..., 832) = 832
2725  pread64(3, "\6\0\0\0\4\0\0\0@\0\0\0\0\0\0\0@\0\0\0\0\0\0\0@\0\0\0\0\0\0\0"..., 784, 64) = 784
2725  pread64(3, "\4\0\0\0 \0\0\0\5\0\0\0GNU\0\2\0\0\300\4\0\0\0\3\0\0\0\0\0\0\0"..., 48, 848) = 48
2725  pread64(3, "\4\0\0\0\24\0\0\0\3\0\0\0GNU\0\325\31p\226\367\t\200\30)\261\30\257\33|\366c"..., 68, 896) = 68
2725  newfstatat(3, "", {st_mode=S_IFREG|0755, st_size=2220400, ...}, AT_EMPTY_PATH) = 0
2725  pread64(3, "\6\0\0\0\4\0\0\0@\0\0\0\0\0\0\0@\0\0\0\0\0\0\0@\0\0\0\0\0\0\0"..., 784, 64) = 784
2725  mmap(NULL, 2264656, PROT_READ, MAP_PRIVATE|MAP_DENYWRITE, 3, 0) = 0x7c320108e000
2725  mprotect(0x7c32010b6000, 2023424, PROT_NONE) = 0
2725  mmap(0x7c32010b6000, 1658880, PROT_READ|PROT_EXEC, MAP_PRIVATE|MAP_FIXED|MAP_DENYWRITE, 3, 0x28000) = 0x7c32010b6000
2725  mmap(0x7c320124b000, 360448, PROT_READ, MAP_PRIVATE|MAP_FIXED|MAP_DENYWRITE, 3, 0x1bd000) = 0x7c320124b000
2725  mmap(0x7c32012a4000, 24576, PROT_READ|PROT_WRITE, MAP_PRIVATE|MAP_FIXED|MAP_DENYWRITE, 3, 0x215000) = 0x7c32012a4000
2725  mmap(0x7c32012aa000, 52816, PROT_READ|PROT_WRITE, MAP_PRIVATE|MAP_FIXED|MAP_ANONYMOUS, -1, 0) = 0x7c32012aa000
2725  close(3)                          = 0
2725  mmap(NULL, 12288, PROT_READ|PROT_WRITE, MAP_PRIVATE|MAP_ANONYMOUS, -1, 0) = 0x7c320108b000
2725  arch_prctl(ARCH_SET_FS, 0x7c320108b740) = 0
2725  set_tid_address(0x7c320108ba10)   = 2725
2725  set_robust_list(0x7c320108ba20, 24) = 0
2725  rseq(0x7c320108c0e0, 0x20, 0, 0x53053053) = 0
2725  mprotect(0x7c32012a4000, 16384, PROT_READ) = 0
2725  mprotect(0x7c320139c000, 4096, PROT_READ) = 0
2725  mprotect(0x5a2f437d1000, 4096, PROT_READ) = 0
2725  mprotect(0x7c32013e0000, 8192, PROT_READ) = 0
2725  prlimit64(0, RLIMIT_STACK, NULL, {rlim_cur=8192*1024, rlim_max=RLIM64_INFINITY}) = 0
2725  munmap(0x7c320139e000, 29392)     = 0
2725  getrandom("\x57\xf6\xdf\x4f\x7f\x71\x26\xa7", 8, GRND_NONBLOCK) = 8
2725  brk(NULL)                         = 0x5a2f7633d000
2725  brk(0x5a2f7635e000)               = 0x5a2f7635e000
2725  pipe([3, 4])                      = 0
2725  pipe([5, 6])                      = 0
2725  pipe([7, 8])                      = 0
2725  pipe([9, 10])                     = 0
2725  pipe([11, 12])                    = 0
2725  pipe([13, 14])                    = 0
2725  pipe([15, 16])                    = 0
2725  pipe([17, 18])                    = 0
2725  clone(child_stack=NULL, flags=CLONE_CHILD_CLEARTID|CLONE_CHILD_SETTID|SIGCHLD, child_tidptr=0x7c320108ba10) = 2726
2725  clone(child_stack=NULL, flags=CLONE_CHILD_CLEARTID|CLONE_CHILD_SETTID|SIGCHLD <unfinished ...>
2726  set_robust_list(0x7c320108ba20, 24) = 0
2725  <... clone resumed>, child_tidptr=0x7c320108ba10) = 2727
2725  clone(child_stack=NULL, flags=CLONE_CHILD_CLEARTID|CLONE_CHILD_SETTID|SIGCHLD <unfinished ...>
2727  set_robust_list(0x7c320108ba20, 24 <unfinished ...>
2725  <... clone resumed>, child_tidptr=0x7c320108ba10) = 2728
2725  clone(child_stack=NULL, flags=CLONE_CHILD_CLEARTID|CLONE_CHILD_SETTID|SIGCHLD <unfinished ...>
2727  <... set_robust_list resumed>)    = 0
2728  set_robust_list(0x7c320108ba20, 24) = 0
2729  set_robust_list(0x7c320108ba20, 24 <unfinished ...>
2725  <... clone resumed>, child_tidptr=0x7c320108ba10) = 2729
2725  clone(child_stack=NULL, flags=CLONE_CHILD_CLEARTID|CLONE_CHILD_SETTID|SIGCHLD <unfinished ...>
2729  <... set_robust_list resumed>)    = 0
2730  set_robust_list(0x7c320108ba20, 24) = 0
2725  <... clone resumed>, child_tidptr=0x7c320108ba10) = 2730
2725  clone(child_stack=NULL, flags=CLONE_CHILD_CLEARTID|CLONE_CHILD_SETTID|SIGCHLD, child_tidptr=0x7c320108ba10) = 2731
2725  clone(child_stack=NULL, flags=CLONE_CHILD_CLEARTID|CLONE_CHILD_SETTID|SIGCHLD <unfinished ...>
2731  set_robust_list(0x7c320108ba20, 24) = 0
2725  <... clone resumed>, child_tidptr=0x7c320108ba10) = 2732
2725  clone(child_stack=NULL, flags=CLONE_CHILD_CLEARTID|CLONE_CHILD_SETTID|SIGCHLD <unfinished ...>
2732  set_robust_list(0x7c320108ba20, 24) = 0
2725  <... clone resumed>, child_tidptr=0x7c320108ba10) = 2733
2725  read(3,  <unfinished ...>
2733  set_robust_list(0x7c320108ba20, 24) = 0
2726  write(4, "\203\30\0\0\0\0\0\0", 8 <unfinished ...>
2725  <... read resumed>"\203\30\0\0\0\0\0\0", 8) = 8
2726  <... write resumed>)              = 8
2725  read(5,  <unfinished ...>
2726  exit_group(6275)                  = ?
2726  +++ exited with 131 +++
2725  <... read resumed>0x7ffdf6fe5c78, 8) = ? ERESTARTSYS (To be restarted if SA_RESTART is set)
2725  --- SIGCHLD {si_signo=SIGCHLD, si_code=CLD_EXITED, si_pid=2726, si_uid=1000, si_status=131, si_utime=1, si_stime=0} ---
2725  read(5,  <unfinished ...>
2727  write(6, "S\25\0\0\0\0\0\0", 8 <unfinished ...>
2725  <... read resumed>"S\25\0\0\0\0\0\0", 8) = 8
2727  <... write resumed>)              = 8
2725  read(7,  <unfinished ...>
2727  exit_group(5459)                  = ?
2727  +++ exited with 83 +++
2725  <... read resumed>0x7ffdf6fe5c78, 8) = ? ERESTARTSYS (To be restarted if SA_RESTART is set)
2725  --- SIGCHLD {si_signo=SIGCHLD, si_code=CLD_EXITED, si_pid=2727, si_uid=1000, si_status=83, si_utime=1, si_stime=0} ---
2725  read(7,  <unfinished ...>
2729  write(10, "\330\23\0\0\0\0\0\0", 8) = 8
2729  exit_group(5080)                  = ?
2729  +++ exited with 216 +++
2725  <... read resumed>0x7ffdf6fe5c78, 8) = ? ERESTARTSYS (To be restarted if SA_RESTART is set)
2725  --- SIGCHLD {si_signo=SIGCHLD, si_code=CLD_EXITED, si_pid=2729, si_uid=1000, si_status=216, si_utime=2, si_stime=0} ---
2725  read(7,  <unfinished ...>
2731  write(14, "0\23\0\0\0\0\0\0", 8)  = 8
2731  exit_group(4912)                  = ?
2731  +++ exited with 48 +++
2725  <... read resumed>0x7ffdf6fe5c78, 8) = ? ERESTARTSYS (To be restarted if SA_RESTART is set)
2725  --- SIGCHLD {si_signo=SIGCHLD, si_code=CLD_EXITED, si_pid=2731, si_uid=1000, si_status=48, si_utime=2, si_stime=0} ---
2725  read(7,  <unfinished ...>
2728  write(8, "n\24\0\0\0\0\0\0", 8 <unfinished ...>
2725  <... read resumed>"n\24\0\0\0\0\0\0", 8) = 8
2728  <... write resumed>)              = 8
2725  read(9, "\330\23\0\0\0\0\0\0", 8) = 8
2725  read(11,  <unfinished ...>
2728  exit_group(5230)                  = ?
2728  +++ exited with 110 +++
2725  <... read resumed>0x7ffdf6fe5c78, 8) = ? ERESTARTSYS (To be restarted if SA_RESTART is set)
2725  --- SIGCHLD {si_signo=SIGCHLD, si_code=CLD_EXITED, si_pid=2728, si_uid=1000, si_status=110, si_utime=3, si_stime=0} ---
2725  read(11,  <unfinished ...>
2730  write(12, "T\23\0\0\0\0\0\0", 8)  = 8
2725  <... read resumed>"T\23\0\0\0\0\0\0", 8) = 8
2725  read(13, "0\23\0\0\0\0\0\0", 8)   = 8
2725  read(15,  <unfinished ...>
2730  exit_group(4948)                  = ?
2730  +++ exited with 84 +++
2725  <... read resumed>0x7ffdf6fe5c78, 8) = ? ERESTARTSYS (To be restarted if SA_RESTART is set)
2725  --- SIGCHLD {si_signo=SIGCHLD, si_code=CLD_EXITED, si_pid=2730, si_uid=1000, si_status=84, si_utime=3, si_stime=0} ---
2725  read(15,  <unfinished ...>
2733  write(18, "\256\22\0\0\0\0\0\0", 8) = 8
2733  exit_group(4782)                  = ?
2733  +++ exited with 174 +++
2725  <... read resumed>0x7ffdf6fe5c78, 8) = ? ERESTARTSYS (To be restarted if SA_RESTART is set)
2725  --- SIGCHLD {si_signo=SIGCHLD, si_code=CLD_EXITED, si_pid=2733, si_uid=1000, si_status=174, si_utime=4, si_stime=0} ---
2725  read(15,  <unfinished ...>
2732  write(16, "\364\22\0\0\0\0\0\0", 8) = 8
2725  <... read resumed>"\364\22\0\0\0\0\0\0", 8) = 8
2725  read(17, "\256\22\0\0\0\0\0\0", 8) = 8
2732  exit_group(4852)                  = ?
2732  +++ exited with 244 +++
2725  --- SIGCHLD {si_signo=SIGCHLD, si_code=CLD_EXITED, si_pid=2732, si_uid=1000, si_status=244, si_utime=4, si_stime=0} ---
2725  newfstatat(1, "", {st_mode=S_IFREG|0664, st_size=181, ...}, AT_EMPTY_PATH) = 0
2725  write(1, "Testcase: 3 numP: 8 Expected: 41"..., 90) = 90
2725  exit_group(0)                     = ?
2725  +++ exited with 0 +++
