2763  execve("./cprime", ["./cprime", "5000000", "8", "5"], 0x7ffeca199b80 /* 18 vars */) = 0
2763  brk(NULL)                         = 0x56b77ee87000
2763  arch_prctl(0x3001 /* ARCH_??? */, 0x7ffd53dd0270) = -1 EINVAL (Invalid argument)
2763  mmap(NULL, 8192, PROT_READ|PROT_WRITE, MAP_PRIVATE|MAP_ANONYMOUS, -1, 0) = 0x767054020000
2763  access("/etc/ld.so.preload", R_OK) = -1 ENOENT (No such file or directory)
2763  openat(AT_FDCWD, "/etc/ld.so.cache", O_RDONLY|O_CLOEXEC) = 3
2763  newfstatat(3, "", {st_mode=S_IFREG|0644, st_size=29392, ...}, AT_EMPTY_PATH) = 0
2763  mmap(NULL, 29392, PROT_READ, MAP_PRIVATE, 3, 0) = 0x767054018000
2763  close(3)                          = 0
2763  openat(AT_FDCWD, "/lib/x86_64-linux-gnu/libm.so.6", O_RDONLY|O_CLOEXEC) = 3
2763  read(3, "\177ELF\2\1\1\3\0\0\0\0\0\0\0\0\3\0>\0\1\0\0\0\0\0\0\0\0\0\0\0"..., 832) = 832
2763  newfstatat(3, "", {st_mode=S_IFREG|0644, st_size=940560, ...}, AT_EMPTY_PATH) = 0
2763  mmap(NULL, 942344, PROT_READ, MAP_PRIVATE|MAP_DENYWRITE, 3, 0) = 0x767053f31000
2763  mmap(0x767053f3f000, 507904, PROT_READ|PROT_EXEC, MAP_PRIVATE|MAP_FIXED|MAP_DENYWRITE, 3, 0xe000) = 0x767053f3f000
2763  mmap(0x767053fbb000, 372736, PROT_READ, MAP_PRIVATE|MAP_FIXED|MAP_DENYWRITE, 3, 0x8a000) = 0x767053fbb000
2763  mmap(0x767054016000, 8192, PROT_READ|PROT_WRITE, MAP_PRIVATE|MAP_FIXED|MAP_DENYWRITE, 3, 0xe4000) = 0x767054016000
2763  close(3)                          = 0
2763  openat(AT_FDCWD, "/lib/x86_64-linux-gnu/libc.so.6", O_RDONLY|O_CLOEXEC) = 3
2763  read(3, "\177ELF\2\1\1\3\0\0\0\0\0\0\0\0\3\0>\0\1\0\0\0P\237\2\0\0\0\0\0"..., 832) = 832
2763  pread64(3, "\6\0\0\0\4\0\0\0@\0\0\0\0\0\0\0@\0\0\0\0\0\0\0@\0\0\0\0\0\0\0"..., 784, 64) = 784
2763  pread64(3, "\4\0\0\0 \0\0\0\5\0\0\0GNU\0\2\0\0\300\4\0\0\0\3\0\0\0\0\0\0\0"..., 48, 848) = 48
2763  pread64(3, "\4\0\0\0\24\0\0\0\3\0\0\0GNU\0\325\31p\226\367\t\200\30)\261\30\257\33|\366c"..., 68, 896) = 68
2763  newfstatat(3, "", {st_mode=S_IFREG|0755, st_size=2220400, ...}, AT_EMPTY_PATH) = 0
2763  pread64(3, "\6\0\0\0\4\0\0\0@\0\0\0\0\0\0\0@\0\0\0\0\0\0\0@\0\0\0\0\0\0\0"..., 784, 64) = 784
2763  mmap(NULL, 2264656, PROT_READ, MAP_PRIVATE|MAP_DENYWRITE, 3, 0) = 0x767053d08000
2763  mprotect(0x767053d30000, 2023424, PROT_NONE) = 0
2763  mmap(0x767053d30000, 1658880, PROT_READ|PROT_EXEC, MAP_PRIVATE|MAP_FIXED|MAP_DENYWRITE, 3, 0x28000) = 0x767053d30000
2763  mmap(0x767053ec5000, 360448, PROT_READ, MAP_PRIVATE|MAP_FIXED|MAP_DENYWRITE, 3, 0x1bd000) = 0x767053ec5000
2763  mmap(0x767053f1e000, 24576, PROT_READ|PROT_WRITE, MAP_PRIVATE|MAP_FIXED|MAP_DENYWRITE, 3, 0x215000) = 0x767053f1e000
2763  mmap(0x767053f24000, 52816, PROT_READ|PROT_WRITE, MAP_PRIVATE|MAP_FIXED|MAP_ANONYMOUS, -1, 0) = 0x767053f24000
2763  close(3)                          = 0
2763  mmap(NULL, 12288, PROT_READ|PROT_WRITE, MAP_PRIVATE|MAP_ANONYMOUS, -1, 0) = 0x767053d05000
2763  arch_prctl(ARCH_SET_FS, 0x767053d05740) = 0
2763  set_tid_address(0x767053d05a10)   = 2763
2763  set_robust_list(0x767053d05a20, 24) = 0
2763  rseq(0x767053d060e0, 0x20, 0, 0x53053053) = 0
2763  mprotect(0x767053f1e000, 16384, PROT_READ) = 0
2763  mprotect(0x767054016000, 4096, PROT_READ) = 0
2763  mprotect(0x56b767cbf000, 4096, PROT_READ) = 0
2763  mprotect(0x76705405a000, 8192, PROT_READ) = 0
2763  prlimit64(0, RLIMIT_STACK, NULL, {rlim_cur=8192*1024, rlim_max=RLIM64_INFINITY}) = 0
2763  munmap(0x767054018000, 29392)     = 0
2763  getrandom("\x1e\x7f\xbb\xb9\x85\xa9\xe1\xc3", 8, GRND_NONBLOCK) = 8
2763  brk(NULL)                         = 0x56b77ee87000
2763  brk(0x56b77eea8000)               = 0x56b77eea8000
2763  pipe([3, 4])                      = 0
2763  pipe([5, 6])                      = 0
2763  pipe([7, 8])                      = 0
2763  pipe([9, 10])                     = 0
2763  pipe([11, 12])                    = 0
2763  pipe([13, 14])                    = 0
2763  pipe([15, 16])                    = 0
2763  pipe([17, 18])                    = 0
2763  clone(child_stack=NULL, flags=CLONE_CHILD_CLEARTID|CLONE_CHILD_SETTID|SIGCHLD, child_tidptr=0x767053d05a10) = 2764
2763  clone(child_stack=NULL, flags=CLONE_CHILD_CLEARTID|CLONE_CHILD_SETTID|SIGCHLD <unfinished ...>
2764  set_robust_list(0x767053d05a20, 24) = 0
2763  <... clone resumed>, child_tidptr=0x767053d05a10) = 2765
2763  clone(child_stack=NULL, flags=CLONE_CHILD_CLEARTID|CLONE_CHILD_SETTID|SIGCHLD <unfinished ...>
2765  set_robust_list(0x767053d05a20, 24) = 0
2763  <... clone resumed>, child_tidptr=0x767053d05a10) = 2766
2763  clone(child_stack=NULL, flags=CLONE_CHILD_CLEARTID|CLONE_CHILD_SETTID|SIGCHLD <unfinished ...>
2766  set_robust_list(0x767053d05a20, 24) = 0
2763  <... clone resumed>, child_tidptr=0x767053d05a10) = 2767
2767  set_robust_list(0x767053d05a20, 24 <unfinished ...>
2763  clone(child_stack=NULL, flags=CLONE_CHILD_CLEARTID|CLONE_CHILD_SETTID|SIGCHLD <unfinished ...>
2767  <... set_robust_list resumed>)    = 0
2763  <... clone resumed>, child_tidptr=0x767053d05a10) = 2768
2768  set_robust_list(0x767053d05a20, 24 <unfinished ...>
2763  clone(child_stack=NULL, flags=CLONE_CHILD_CLEARTID|CLONE_CHILD_SETTID|SIGCHLD <unfinished ...>
2768  <... set_robust_list resumed>)    = 0
2763  <... clone resumed>, child_tidptr=0x767053d05a10) = 2769
2769  set_robust_list(0x767053d05a20, 24 <unfinished ...>
2763  clone(child_stack=NULL, flags=CLONE_CHILD_CLEARTID|CLONE_CHILD_SETTID|SIGCHLD <unfinished ...>
2769  <... set_robust_list resumed>)    = 0
2763  <... clone resumed>, child_tidptr=0x767053d05a10) = 2770
2763  clone(child_stack=NULL, flags=CLONE_CHILD_CLEARTID|CLONE_CHILD_SETTID|SIGCHLD <unfinished ...>
2770  set_robust_list(0x767053d05a20, 24) = 0
2763  <... clone resumed>, child_tidptr=0x767053d05a10) = 2771
2763  read(3,  <unfinished ...>
2771  set_robust_list(0x767053d05a20, 24) = 0
2764  write(4, "*\307\0\0\0\0\0\0", 8)  = 8
2763  <... read resumed>"*\307\0\0\0\0\0\0", 8) = 8
2763  read(5,  <unfinished ...>
2764  exit_group(50986)                 = ?
2764  +++ exited with 42 +++
2763  <... read resumed>0x7ffd53dd0288, 8) = ? ERESTARTSYS (To be restarted if SA_RESTART is set)
2763  --- SIGCHLD {si_signo=SIGCHLD, si_code=CLD_EXITED, si_pid=2764, si_uid=1000, si_status=42, si_utime=24, si_stime=0} ---
2763  read(5,  <unfinished ...>
2765  write(6, "\253\261\0\0\0\0\0\0", 8) = 8
2763  <... read resumed>"\253\261\0\0\0\0\0\0", 8) = 8
2763  read(7,  <unfinished ...>
2765  exit_group(45483)                 = ?
2765  +++ exited with 171 +++
2763  <... read resumed>0x7ffd53dd0288, 8) = ? ERESTARTSYS (To be restarted if SA_RESTART is set)
2763  --- SIGCHLD {si_signo=SIGCHLD, si_code=CLD_EXITED, si_pid=2765, si_uid=1000, si_status=171, si_utime=39, si_stime=0} ---
2763  read(7,  <unfinished ...>
2767  write(10, "\35\247\0\0\0\0\0\0", 8) = 8
2767  exit_group(42781)                 = ?
2767  +++ exited with 29 +++
2763  <... read resumed>0x7ffd53dd0288, 8) = ? ERESTARTSYS (To be restarted if SA_RESTART is set)
2763  --- SIGCHLD {si_signo=SIGCHLD, si_code=CLD_EXITED, si_pid=2767, si_uid=1000, si_status=29, si_utime=55, si_stime=0} ---
2763  read(7,  <unfinished ...>
2766  write(8, ".\253\0\0\0\0\0\0", 8)  = 8
2763  <... read resumed>".\253\0\0\0\0\0\0", 8) = 8
2763  read(9, "\35\247\0\0\0\0\0\0", 8) = 8
2763  read(11,  <unfinished ...>
2766  exit_group(43822)                 = ?
2766  +++ exited with 46 +++
2763  <... read resumed>0x7ffd53dd0288, 8) = ? ERESTARTSYS (To be restarted if SA_RESTART is set)
2763  --- SIGCHLD {si_signo=SIGCHLD, si_code=CLD_EXITED, si_pid=2766, si_uid=1000, si_status=46, si_utime=63, si_stime=0} ---
2763  read(11,  <unfinished ...>
2769  write(14, "F\242\0\0\0\0\0\0", 8) = 8
2769  exit_group(41542)                 = ?
2769  +++ exited with 70 +++
2763  <... read resumed>0x7ffd53dd0288, 8) = ? ERESTARTSYS (To be restarted if SA_RESTART is set)
2763  --- SIGCHLD {si_signo=SIGCHLD, si_code=CLD_EXITED, si_pid=2769, si_uid=1000, si_status=70, si_utime=66, si_stime=0} ---
2763  read(11,  <unfinished ...>
2768  write(12, "w\244\0\0\0\0\0\0", 8) = 8
2763  <... read resumed>"w\244\0\0\0\0\0\0", 8) = 8
2763  read(13,  <unfinished ...>
2768  exit_group(42103)                 = ?
2763  <... read resumed>"F\242\0\0\0\0\0\0", 8) = 8
2763  read(15,  <unfinished ...>
2768  +++ exited with 119 +++
2763  <... read resumed>0x7ffd53dd0288, 8) = ? ERESTARTSYS (To be restarted if SA_RESTART is set)
2763  --- SIGCHLD {si_signo=SIGCHLD, si_code=CLD_EXITED, si_pid=2768, si_uid=1000, si_status=119, si_utime=71, si_stime=0} ---
2763  read(15,  <unfinished ...>
2770  write(16, "2\240\0\0\0\0\0\0", 8 <unfinished ...>
2763  <... read resumed>"2\240\0\0\0\0\0\0", 8) = 8
2770  <... write resumed>)              = 8
2763  read(17,  <unfinished ...>
2770  exit_group(41010)                 = ?
2770  +++ exited with 50 +++
2763  <... read resumed>0x7ffd53dd0288, 8) = ? ERESTARTSYS (To be restarted if SA_RESTART is set)
2763  --- SIGCHLD {si_signo=SIGCHLD, si_code=CLD_EXITED, si_pid=2770, si_uid=1000, si_status=50, si_utime=81, si_stime=0} ---
2763  read(17,  <unfinished ...>
2771  write(18, "R\237\0\0\0\0\0\0", 8) = 8
2763  <... read resumed>"R\237\0\0\0\0\0\0", 8) = 8
2771  exit_group(40786)                 = ?
2771  +++ exited with 82 +++
2763  --- SIGCHLD {si_signo=SIGCHLD, si_code=CLD_EXITED, si_pid=2771, si_uid=1000, si_status=82, si_utime=90, si_stime=0} ---
2763  newfstatat(1, "", {st_mode=S_IFREG|0664, st_size=366, ...}, AT_EMPTY_PATH) = 0
2763  write(1, "Testcase: 5 numP: 8 Expected: 34"..., 94) = 94
2763  exit_group(0)                     = ?
2763  +++ exited with 0 +++
