2503  execve("./fact", ["./fact", "3"], 0x7ffe35112760 /* 18 vars */) = 0
2503  brk(NULL)                         = 0x61fe2d17a000
2503  arch_prctl(0x3001 /* ARCH_??? */, 0x7fff72fe9f80) = -1 EINVAL (Invalid argument)
2503  mmap(NULL, 8192, PROT_READ|PROT_WRITE, MAP_PRIVATE|MAP_ANONYMOUS, -1, 0) = 0x7217ba964000
2503  access("/etc/ld.so.preload", R_OK) = -1 ENOENT (No such file or directory)
2503  openat(AT_FDCWD, "/etc/ld.so.cache", O_RDONLY|O_CLOEXEC) = 3
2503  newfstatat(3, "", {st_mode=S_IFREG|0644, st_size=29392, ...}, AT_EMPTY_PATH) = 0
2503  mmap(NULL, 29392, PROT_READ, MAP_PRIVATE, 3, 0) = 0x7217ba95c000
2503  close(3)                          = 0
2503  openat(AT_FDCWD, "/lib/x86_64-linux-gnu/libc.so.6", O_RDONLY|O_CLOEXEC) = 3
2503  read(3, "\177ELF\2\1\1\3\0\0\0\0\0\0\0\0\3\0>\0\1\0\0\0P\237\2\0\0\0\0\0"..., 832) = 832
2503  pread64(3, "\6\0\0\0\4\0\0\0@\0\0\0\0\0\0\0@\0\0\0\0\0\0\0@\0\0\0\0\0\0\0"..., 784, 64) = 784
2503  pread64(3, "\4\0\0\0 \0\0\0\5\0\0\0GNU\0\2\0\0\300\4\0\0\0\3\0\0\0\0\0\0\0"..., 48, 848) = 48
2503  pread64(3, "\4\0\0\0\24\0\0\0\3\0\0\0GNU\0\325\31p\226\367\t\200\30)\261\30\257\33|\366c"..., 68, 896) = 68
2503  newfstatat(3, "", {st_mode=S_IFREG|0755, st_size=2220400, ...}, AT_EMPTY_PATH) = 0
2503  pread64(3, "\6\0\0\0\4\0\0\0@\0\0\0\0\0\0\0@\0\0\0\0\0\0\0@\0\0\0\0\0\0\0"..., 784, 64) = 784
2503  mmap(NULL, 2264656, PROT_READ, MAP_PRIVATE|MAP_DENYWRITE, 3, 0) = 0x7217ba733000
2503  mprotect(0x7217ba75b000, 2023424, PROT_NONE) = 0
2503  mmap(0x7217ba75b000, 1658880, PROT_READ|PROT_EXEC, MAP_PRIVATE|MAP_FIXED|MAP_DENYWRITE, 3, 0x28000) = 0x7217ba75b000
2503  mmap(0x7217ba8f0000, 360448, PROT_READ, MAP_PRIVATE|MAP_FIXED|MAP_DENYWRITE, 3, 0x1bd000) = 0x7217ba8f0000
2503  mmap(0x7217ba949000, 24576, PROT_READ|PROT_WRITE, MAP_PRIVATE|MAP_FIXED|MAP_DENYWRITE, 3, 0x215000) = 0x7217ba949000
2503  mmap(0x7217ba94f000, 52816, PROT_READ|PROT_WRITE, MAP_PRIVATE|MAP_FIXED|MAP_ANONYMOUS, -1, 0) = 0x7217ba94f000
2503  close(3)                          = 0
2503  mmap(NULL, 12288, PROT_READ|PROT_WRITE, MAP_PRIVATE|MAP_ANONYMOUS, -1, 0) = 0x7217ba730000
2503  arch_prctl(ARCH_SET_FS, 0x7217ba730740) = 0
2503  set_tid_address(0x7217ba730a10)   = 2503
2503  set_robust_list(0x7217ba730a20, 24) = 0
2503  rseq(0x7217ba7310e0, 0x20, 0, 0x53053053) = 0
2503  mprotect(0x7217ba949000, 16384, PROT_READ) = 0
2503  mprotect(0x61fe17ebc000, 4096, PROT_READ) = 0
2503  mprotect(0x7217ba99e000, 8192, PROT_READ) = 0
2503  prlimit64(0, RLIMIT_STACK, NULL, {rlim_cur=8192*1024, rlim_max=RLIM64_INFINITY}) = 0
2503  munmap(0x7217ba95c000, 29392)     = 0
2503  execve("./fact", ["./fact", "2", "3"], 0x7fff72fea160 /* 18 vars */) = 0
2503  brk(NULL)                         = 0x594d432e9000
2503  arch_prctl(0x3001 /* ARCH_??? */, 0x7ffc605c78b0) = -1 EINVAL (Invalid argument)
2503  mmap(NULL, 8192, PROT_READ|PROT_WRITE, MAP_PRIVATE|MAP_ANONYMOUS, -1, 0) = 0x767d7f187000
2503  access("/etc/ld.so.preload", R_OK) = -1 ENOENT (No such file or directory)
2503  openat(AT_FDCWD, "/etc/ld.so.cache", O_RDONLY|O_CLOEXEC) = 3
2503  newfstatat(3, "", {st_mode=S_IFREG|0644, st_size=29392, ...}, AT_EMPTY_PATH) = 0
2503  mmap(NULL, 29392, PROT_READ, MAP_PRIVATE, 3, 0) = 0x767d7f17f000
2503  close(3)                          = 0
2503  openat(AT_FDCWD, "/lib/x86_64-linux-gnu/libc.so.6", O_RDONLY|O_CLOEXEC) = 3
2503  read(3, "\177ELF\2\1\1\3\0\0\0\0\0\0\0\0\3\0>\0\1\0\0\0P\237\2\0\0\0\0\0"..., 832) = 832
2503  pread64(3, "\6\0\0\0\4\0\0\0@\0\0\0\0\0\0\0@\0\0\0\0\0\0\0@\0\0\0\0\0\0\0"..., 784, 64) = 784
2503  pread64(3, "\4\0\0\0 \0\0\0\5\0\0\0GNU\0\2\0\0\300\4\0\0\0\3\0\0\0\0\0\0\0"..., 48, 848) = 48
2503  pread64(3, "\4\0\0\0\24\0\0\0\3\0\0\0GNU\0\325\31p\226\367\t\200\30)\261\30\257\33|\366c"..., 68, 896) = 68
2503  newfstatat(3, "", {st_mode=S_IFREG|0755, st_size=2220400, ...}, AT_EMPTY_PATH) = 0
2503  pread64(3, "\6\0\0\0\4\0\0\0@\0\0\0\0\0\0\0@\0\0\0\0\0\0\0@\0\0\0\0\0\0\0"..., 784, 64) = 784
2503  mmap(NULL, 2264656, PROT_READ, MAP_PRIVATE|MAP_DENYWRITE, 3, 0) = 0x767d7ef56000
2503  mprotect(0x767d7ef7e000, 2023424, PROT_NONE) = 0
2503  mmap(0x767d7ef7e000, 1658880, PROT_READ|PROT_EXEC, MAP_PRIVATE|MAP_FIXED|MAP_DENYWRITE, 3, 0x28000) = 0x767d7ef7e000
2503  mmap(0x767d7f113000, 360448, PROT_READ, MAP_PRIVATE|MAP_FIXED|MAP_DENYWRITE, 3, 0x1bd000) = 0x767d7f113000
2503  mmap(0x767d7f16c000, 24576, PROT_READ|PROT_WRITE, MAP_PRIVATE|MAP_FIXED|MAP_DENYWRITE, 3, 0x215000) = 0x767d7f16c000
2503  mmap(0x767d7f172000, 52816, PROT_READ|PROT_WRITE, MAP_PRIVATE|MAP_FIXED|MAP_ANONYMOUS, -1, 0) = 0x767d7f172000
2503  close(3)                          = 0
2503  mmap(NULL, 12288, PROT_READ|PROT_WRITE, MAP_PRIVATE|MAP_ANONYMOUS, -1, 0) = 0x767d7ef53000
2503  arch_prctl(ARCH_SET_FS, 0x767d7ef53740) = 0
2503  set_tid_address(0x767d7ef53a10)   = 2503
2503  set_robust_list(0x767d7ef53a20, 24) = 0
2503  rseq(0x767d7ef540e0, 0x20, 0, 0x53053053) = 0
2503  mprotect(0x767d7f16c000, 16384, PROT_READ) = 0
2503  mprotect(0x594d275f5000, 4096, PROT_READ) = 0
2503  mprotect(0x767d7f1c1000, 8192, PROT_READ) = 0
2503  prlimit64(0, RLIMIT_STACK, NULL, {rlim_cur=8192*1024, rlim_max=RLIM64_INFINITY}) = 0
2503  munmap(0x767d7f17f000, 29392)     = 0
2503  execve("./fact", ["./fact", "1", "6"], 0x7ffc605c7a98 /* 18 vars */) = 0
2503  brk(NULL)                         = 0x5cd03b04b000
2503  arch_prctl(0x3001 /* ARCH_??? */, 0x7ffdb38bee90) = -1 EINVAL (Invalid argument)
2503  mmap(NULL, 8192, PROT_READ|PROT_WRITE, MAP_PRIVATE|MAP_ANONYMOUS, -1, 0) = 0x7adbb4755000
2503  access("/etc/ld.so.preload", R_OK) = -1 ENOENT (No such file or directory)
2503  openat(AT_FDCWD, "/etc/ld.so.cache", O_RDONLY|O_CLOEXEC) = 3
2503  newfstatat(3, "", {st_mode=S_IFREG|0644, st_size=29392, ...}, AT_EMPTY_PATH) = 0
2503  mmap(NULL, 29392, PROT_READ, MAP_PRIVATE, 3, 0) = 0x7adbb474d000
2503  close(3)                          = 0
2503  openat(AT_FDCWD, "/lib/x86_64-linux-gnu/libc.so.6", O_RDONLY|O_CLOEXEC) = 3
2503  read(3, "\177ELF\2\1\1\3\0\0\0\0\0\0\0\0\3\0>\0\1\0\0\0P\237\2\0\0\0\0\0"..., 832) = 832
2503  pread64(3, "\6\0\0\0\4\0\0\0@\0\0\0\0\0\0\0@\0\0\0\0\0\0\0@\0\0\0\0\0\0\0"..., 784, 64) = 784
2503  pread64(3, "\4\0\0\0 \0\0\0\5\0\0\0GNU\0\2\0\0\300\4\0\0\0\3\0\0\0\0\0\0\0"..., 48, 848) = 48
2503  pread64(3, "\4\0\0\0\24\0\0\0\3\0\0\0GNU\0\325\31p\226\367\t\200\30)\261\30\257\33|\366c"..., 68, 896) = 68
2503  newfstatat(3, "", {st_mode=S_IFREG|0755, st_size=2220400, ...}, AT_EMPTY_PATH) = 0
2503  pread64(3, "\6\0\0\0\4\0\0\0@\0\0\0\0\0\0\0@\0\0\0\0\0\0\0@\0\0\0\0\0\0\0"..., 784, 64) = 784
2503  mmap(NULL, 2264656, PROT_READ, MAP_PRIVATE|MAP_DENYWRITE, 3, 0) = 0x7adbb4524000
2503  mprotect(0x7adbb454c000, 2023424, PROT_NONE) = 0
2503  mmap(0x7adbb454c000, 1658880, PROT_READ|PROT_EXEC, MAP_PRIVATE|MAP_FIXED|MAP_DENYWRITE, 3, 0x28000) = 0x7adbb454c000
2503  mmap(0x7adbb46e1000, 360448, PROT_READ, MAP_PRIVATE|MAP_FIXED|MAP_DENYWRITE, 3, 0x1bd000) = 0x7adbb46e1000
2503  mmap(0x7adbb473a000, 24576, PROT_READ|PROT_WRITE, MAP_PRIVATE|MAP_FIXED|MAP_DENYWRITE, 3, 0x215000) = 0x7adbb473a000
2503  mmap(0x7adbb4740000, 52816, PROT_READ|PROT_WRITE, MAP_PRIVATE|MAP_FIXED|MAP_ANONYMOUS, -1, 0) = 0x7adbb4740000
2503  close(3)                          = 0
2503  mmap(NULL, 12288, PROT_READ|PROT_WRITE, MAP_PRIVATE|MAP_ANONYMOUS, -1, 0) = 0x7adbb4521000
2503  arch_prctl(ARCH_SET_FS, 0x7adbb4521740) = 0
2503  set_tid_address(0x7adbb4521a10)   = 2503
2503  set_robust_list(0x7adbb4521a20, 24) = 0
2503  rseq(0x7adbb45220e0, 0x20, 0, 0x53053053) = 0
2503  mprotect(0x7adbb473a000, 16384, PROT_READ) = 0
2503  mprotect(0x5cd029695000, 4096, PROT_READ) = 0
2503  mprotect(0x7adbb478f000, 8192, PROT_READ) = 0
2503  prlimit64(0, RLIMIT_STACK, NULL, {rlim_cur=8192*1024, rlim_max=RLIM64_INFINITY}) = 0
2503  munmap(0x7adbb474d000, 29392)     = 0
2503  newfstatat(1, "", {st_mode=S_IFIFO|0600, st_size=0, ...}, AT_EMPTY_PATH) = 0
2503  getrandom("\xda\x90\x8b\x0b\xdc\xa5\x84\xb6", 8, GRND_NONBLOCK) = 8
2503  brk(NULL)                         = 0x5cd03b04b000
2503  brk(0x5cd03b06c000)               = 0x5cd03b06c000
2503  write(1, "6", 1)                  = 1
2503  exit_group(0)                     = ?
2503  +++ exited with 0 +++
