2510  execve("./fact", ["./fact", "4"], 0x7ffc24d450c0 /* 18 vars */) = 0
2510  brk(NULL)                         = 0x579795c2a000
2510  arch_prctl(0x3001 /* ARCH_??? */, 0x7ffc0821e9e0) = -1 EINVAL (Invalid argument)
2510  mmap(NULL, 8192, PROT_READ|PROT_WRITE, MAP_PRIVATE|MAP_ANONYMOUS, -1, 0) = 0x70f2c524e000
2510  access("/etc/ld.so.preload", R_OK) = -1 ENOENT (No such file or directory)
2510  openat(AT_FDCWD, "/etc/ld.so.cache", O_RDONLY|O_CLOEXEC) = 3
2510  newfstatat(3, "", {st_mode=S_IFREG|0644, st_size=29392, ...}, AT_EMPTY_PATH) = 0
2510  mmap(NULL, 29392, PROT_READ, MAP_PRIVATE, 3, 0) = 0x70f2c5246000
2510  close(3)                          = 0
2510  openat(AT_FDCWD, "/lib/x86_64-linux-gnu/libc.so.6", O_RDONLY|O_CLOEXEC) = 3
2510  read(3, "\177ELF\2\1\1\3\0\0\0\0\0\0\0\0\3\0>\0\1\0\0\0P\237\2\0\0\0\0\0"..., 832) = 832
2510  pread64(3, "\6\0\0\0\4\0\0\0@\0\0\0\0\0\0\0@\0\0\0\0\0\0\0@\0\0\0\0\0\0\0"..., 784, 64) = 784
2510  pread64(3, "\4\0\0\0 \0\0\0\5\0\0\0GNU\0\2\0\0\300\4\0\0\0\3\0\0\0\0\0\0\0"..., 48, 848) = 48
2510  pread64(3, "\4\0\0\0\24\0\0\0\3\0\0\0GNU\0\325\31p\226\367\t\200\30)\261\30\257\33|\366c"..., 68, 896) = 68
2510  newfstatat(3, "", {st_mode=S_IFREG|0755, st_size=2220400, ...}, AT_EMPTY_PATH) = 0
2510  pread64(3, "\6\0\0\0\4\0\0\0@\0\0\0\0\0\0\0@\0\0\0\0\0\0\0@\0\0\0\0\0\0\0"..., 784, 64) = 784
2510  mmap(NULL, 2264656, PROT_READ, MAP_PRIVATE|MAP_DENYWRITE, 3, 0) = 0x70f2c501d000
2510  mprotect(0x70f2c5045000, 2023424, PROT_NONE) = 0
2510  mmap(0x70f2c5045000, 1658880, PROT_READ|PROT_EXEC, MAP_PRIVATE|MAP_FIXED|MAP_DENYWRITE, 3, 0x28000) = 0x70f2c5045000
2510  mmap(0x70f2c51da000, 360448, PROT_READ, MAP_PRIVATE|MAP_FIXED|MAP_DENYWRITE, 3, 0x1bd000) = 0x70f2c51da000
2510  mmap(0x70f2c5233000, 24576, PROT_READ|PROT_WRITE, MAP_PRIVATE|MAP_FIXED|MAP_DENYWRITE, 3, 0x215000) = 0x70f2c5233000
2510  mmap(0x70f2c5239000, 52816, PROT_READ|PROT_WRITE, MAP_PRIVATE|MAP_FIXED|MAP_ANONYMOUS, -1, 0) = 0x70f2c5239000
2510  close(3)                          = 0
2510  mmap(NULL, 12288, PROT_READ|PROT_WRITE, MAP_PRIVATE|MAP_ANONYMOUS, -1, 0) = 0x70f2c501a000
2510  arch_prctl(ARCH_SET_FS, 0x70f2c501a740) = 0
2510  set_tid_address(0x70f2c501aa10)   = 2510
2510  set_robust_list(0x70f2c501aa20, 24) = 0
2510  rseq(0x70f2c501b0e0, 0x20, 0, 0x53053053) = 0
2510  mprotect(0x70f2c5233000, 16384, PROT_READ) = 0
2510  mprotect(0x57978b96e000, 4096, PROT_READ) = 0
2510  mprotect(0x70f2c5288000, 8192, PROT_READ) = 0
2510  prlimit64(0, RLIMIT_STACK, NULL, {rlim_cur=8192*1024, rlim_max=RLIM64_INFINITY}) = 0
2510  munmap(0x70f2c5246000, 29392)     = 0
2510  execve("./fact", ["./fact", "3", "4"], 0x7ffc0821ebc0 /* 18 vars */) = 0
2510  brk(NULL)                         = 0x631b8d70b000
2510  arch_prctl(0x3001 /* ARCH_??? */, 0x7ffe3062ba90) = -1 EINVAL (Invalid argument)
2510  mmap(NULL, 8192, PROT_READ|PROT_WRITE, MAP_PRIVATE|MAP_ANONYMOUS, -1, 0) = 0x76af29768000
2510  access("/etc/ld.so.preload", R_OK) = -1 ENOENT (No such file or directory)
2510  openat(AT_FDCWD, "/etc/ld.so.cache", O_RDONLY|O_CLOEXEC) = 3
2510  newfstatat(3, "", {st_mode=S_IFREG|0644, st_size=29392, ...}, AT_EMPTY_PATH) = 0
2510  mmap(NULL, 29392, PROT_READ, MAP_PRIVATE, 3, 0) = 0x76af29760000
2510  close(3)                          = 0
2510  openat(AT_FDCWD, "/lib/x86_64-linux-gnu/libc.so.6", O_RDONLY|O_CLOEXEC) = 3
2510  read(3, "\177ELF\2\1\1\3\0\0\0\0\0\0\0\0\3\0>\0\1\0\0\0P\237\2\0\0\0\0\0"..., 832) = 832
2510  pread64(3, "\6\0\0\0\4\0\0\0@\0\0\0\0\0\0\0@\0\0\0\0\0\0\0@\0\0\0\0\0\0\0"..., 784, 64) = 784
2510  pread64(3, "\4\0\0\0 \0\0\0\5\0\0\0GNU\0\2\0\0\300\4\0\0\0\3\0\0\0\0\0\0\0"..., 48, 848) = 48
2510  pread64(3, "\4\0\0\0\24\0\0\0\3\0\0\0GNU\0\325\31p\226\367\t\200\30)\261\30\257\33|\366c"..., 68, 896) = 68
2510  newfstatat(3, "", {st_mode=S_IFREG|0755, st_size=2220400, ...}, AT_EMPTY_PATH) = 0
2510  pread64(3, "\6\0\0\0\4\0\0\0@\0\0\0\0\0\0\0@\0\0\0\0\0\0\0@\0\0\0\0\0\0\0"..., 784, 64) = 784
2510  mmap(NULL, 2264656, PROT_READ, MAP_PRIVATE|MAP_DENYWRITE, 3, 0) = 0x76af29537000
2510  mprotect(0x76af2955f000, 2023424, PROT_NONE) = 0
2510  mmap(0x76af2955f000, 1658880, PROT_READ|PROT_EXEC, MAP_PRIVATE|MAP_FIXED|MAP_DENYWRITE, 3, 0x28000) = 0x76af2955f000
2510  mmap(0x76af296f4000, 360448, PROT_READ, MAP_PRIVATE|MAP_FIXED|MAP_DENYWRITE, 3, 0x1bd000) = 0x76af296f4000
2510  mmap(0x76af2974d000, 24576, PROT_READ|PROT_WRITE, MAP_PRIVATE|MAP_FIXED|MAP_DENYWRITE, 3, 0x215000) = 0x76af2974d000
2510  mmap(0x76af29753000, 52816, PROT_READ|PROT_WRITE, MAP_PRIVATE|MAP_FIXED|MAP_ANONYMOUS, -1, 0) = 0x76af29753000
2510  close(3)                          = 0
2510  mmap(NULL, 12288, PROT_READ|PROT_WRITE, MAP_PRIVATE|MAP_ANONYMOUS, -1, 0) = 0x76af29534000
2510  arch_prctl(ARCH_SET_FS, 0x76af29534740) = 0
2510  set_tid_address(0x76af29534a10)   = 2510
2510  set_robust_list(0x76af29534a20, 24) = 0
2510  rseq(0x76af295350e0, 0x20, 0, 0x53053053) = 0
2510  mprotect(0x76af2974d000, 16384, PROT_READ) = 0
2510  mprotect(0x631b5bc88000, 4096, PROT_READ) = 0
2510  mprotect(0x76af297a2000, 8192, PROT_READ) = 0
2510  prlimit64(0, RLIMIT_STACK, NULL, {rlim_cur=8192*1024, rlim_max=RLIM64_INFINITY}) = 0
2510  munmap(0x76af29760000, 29392)     = 0
2510  execve("./fact", ["./fact", "2", "12"], 0x7ffe3062bc78 /* 18 vars */) = 0
2510  brk(NULL)                         = 0x5bb052f94000
2510  arch_prctl(0x3001 /* ARCH_??? */, 0x7ffd77abd340) = -1 EINVAL (Invalid argument)
2510  mmap(NULL, 8192, PROT_READ|PROT_WRITE, MAP_PRIVATE|MAP_ANONYMOUS, -1, 0) = 0x7a488da4e000
2510  access("/etc/ld.so.preload", R_OK) = -1 ENOENT (No such file or directory)
2510  openat(AT_FDCWD, "/etc/ld.so.cache", O_RDONLY|O_CLOEXEC) = 3
2510  newfstatat(3, "", {st_mode=S_IFREG|0644, st_size=29392, ...}, AT_EMPTY_PATH) = 0
2510  mmap(NULL, 29392, PROT_READ, MAP_PRIVATE, 3, 0) = 0x7a488da46000
2510  close(3)                          = 0
2510  openat(AT_FDCWD, "/lib/x86_64-linux-gnu/libc.so.6", O_RDONLY|O_CLOEXEC) = 3
2510  read(3, "\177ELF\2\1\1\3\0\0\0\0\0\0\0\0\3\0>\0\1\0\0\0P\237\2\0\0\0\0\0"..., 832) = 832
2510  pread64(3, "\6\0\0\0\4\0\0\0@\0\0\0\0\0\0\0@\0\0\0\0\0\0\0@\0\0\0\0\0\0\0"..., 784, 64) = 784
2510  pread64(3, "\4\0\0\0 \0\0\0\5\0\0\0GNU\0\2\0\0\300\4\0\0\0\3\0\0\0\0\0\0\0"..., 48, 848) = 48
2510  pread64(3, "\4\0\0\0\24\0\0\0\3\0\0\0GNU\0\325\31p\226\367\t\200\30)\261\30\257\33|\366c"..., 68, 896) = 68
2510  newfstatat(3, "", {st_mode=S_IFREG|0755, st_size=2220400, ...}, AT_EMPTY_PATH) = 0
2510  pread64(3, "\6\0\0\0\4\0\0\0@\0\0\0\0\0\0\0@\0\0\0\0\0\0\0@\0\0\0\0\0\0\0"..., 784, 64) = 784
2510  mmap(NULL, 2264656, PROT_READ, MAP_PRIVATE|MAP_DENYWRITE, 3, 0) = 0x7a488d81d000
2510  mprotect(0x7a488d845000, 2023424, PROT_NONE) = 0
2510  mmap(0x7a488d845000, 1658880, PROT_READ|PROT_EXEC, MAP_PRIVATE|MAP_FIXED|MAP_DENYWRITE, 3, 0x28000) = 0x7a488d845000
2510  mmap(0x7a488d9da000, 360448, PROT_READ, MAP_PRIVATE|MAP_FIXED|MAP_DENYWRITE, 3, 0x1bd000) = 0x7a488d9da000
2510  mmap(0x7a488da33000, 24576, PROT_READ|PROT_WRITE, MAP_PRIVATE|MAP_FIXED|MAP_DENYWRITE, 3, 0x215000) = 0x7a488da33000
2510  mmap(0x7a488da39000, 52816, PROT_READ|PROT_WRITE, MAP_PRIVATE|MAP_FIXED|MAP_ANONYMOUS, -1, 0) = 0x7a488da39000
2510  close(3)                          = 0
2510  mmap(NULL, 12288, PROT_READ|PROT_WRITE, MAP_PRIVATE|MAP_ANONYMOUS, -1, 0) = 0x7a488d81a000
2510  arch_prctl(ARCH_SET_FS, 0x7a488d81a740) = 0
2510  set_tid_address(0x7a488d81aa10)   = 2510
2510  set_robust_list(0x7a488d81aa20, 24) = 0
2510  rseq(0x7a488d81b0e0, 0x20, 0, 0x53053053) = 0
2510  mprotect(0x7a488da33000, 16384, PROT_READ) = 0
2510  mprotect(0x5bb03dd8d000, 4096, PROT_READ) = 0
2510  mprotect(0x7a488da88000, 8192, PROT_READ) = 0
2510  prlimit64(0, RLIMIT_STACK, NULL, {rlim_cur=8192*1024, rlim_max=RLIM64_INFINITY}) = 0
2510  munmap(0x7a488da46000, 29392)     = 0
2510  execve("./fact", ["./fact", "1", "24"], 0x7ffd77abd528 /* 18 vars */) = 0
2510  brk(NULL)                         = 0x580204c2c000
2510  arch_prctl(0x3001 /* ARCH_??? */, 0x7ffe70c73390) = -1 EINVAL (Invalid argument)
2510  mmap(NULL, 8192, PROT_READ|PROT_WRITE, MAP_PRIVATE|MAP_ANONYMOUS, -1, 0) = 0x714e410e9000
2510  access("/etc/ld.so.preload", R_OK) = -1 ENOENT (No such file or directory)
2510  openat(AT_FDCWD, "/etc/ld.so.cache", O_RDONLY|O_CLOEXEC) = 3
2510  newfstatat(3, "", {st_mode=S_IFREG|0644, st_size=29392, ...}, AT_EMPTY_PATH) = 0
2510  mmap(NULL, 29392, PROT_READ, MAP_PRIVATE, 3, 0) = 0x714e410e1000
2510  close(3)                          = 0
2510  openat(AT_FDCWD, "/lib/x86_64-linux-gnu/libc.so.6", O_RDONLY|O_CLOEXEC) = 3
2510  read(3, "\177ELF\2\1\1\3\0\0\0\0\0\0\0\0\3\0>\0\1\0\0\0P\237\2\0\0\0\0\0"..., 832) = 832
2510  pread64(3, "\6\0\0\0\4\0\0\0@\0\0\0\0\0\0\0@\0\0\0\0\0\0\0@\0\0\0\0\0\0\0"..., 784, 64) = 784
2510  pread64(3, "\4\0\0\0 \0\0\0\5\0\0\0GNU\0\2\0\0\300\4\0\0\0\3\0\0\0\0\0\0\0"..., 48, 848) = 48
2510  pread64(3, "\4\0\0\0\24\0\0\0\3\0\0\0GNU\0\325\31p\226\367\t\200\30)\261\30\257\33|\366c"..., 68, 896) = 68
2510  newfstatat(3, "", {st_mode=S_IFREG|0755, st_size=2220400, ...}, AT_EMPTY_PATH) = 0
2510  pread64(3, "\6\0\0\0\4\0\0\0@\0\0\0\0\0\0\0@\0\0\0\0\0\0\0@\0\0\0\0\0\0\0"..., 784, 64) = 784
2510  mmap(NULL, 2264656, PROT_READ, MAP_PRIVATE|MAP_DENYWRITE, 3, 0) = 0x714e40eb8000
2510  mprotect(0x714e40ee0000, 2023424, PROT_NONE) = 0
2510  mmap(0x714e40ee0000, 1658880, PROT_READ|PROT_EXEC, MAP_PRIVATE|MAP_FIXED|MAP_DENYWRITE, 3, 0x28000) = 0x714e40ee0000
2510  mmap(0x714e41075000, 360448, PROT_READ, MAP_PRIVATE|MAP_FIXED|MAP_DENYWRITE, 3, 0x1bd000) = 0x714e41075000
2510  mmap(0x714e410ce000, 24576, PROT_READ|PROT_WRITE, MAP_PRIVATE|MAP_FIXED|MAP_DENYWRITE, 3, 0x215000) = 0x714e410ce000
2510  mmap(0x714e410d4000, 52816, PROT_READ|PROT_WRITE, MAP_PRIVATE|MAP_FIXED|MAP_ANONYMOUS, -1, 0) = 0x714e410d4000
2510  close(3)                          = 0
2510  mmap(NULL, 12288, PROT_READ|PROT_WRITE, MAP_PRIVATE|MAP_ANONYMOUS, -1, 0) = 0x714e40eb5000
2510  arch_prctl(ARCH_SET_FS, 0x714e40eb5740) = 0
2510  set_tid_address(0x714e40eb5a10)   = 2510
2510  set_robust_list(0x714e40eb5a20, 24) = 0
2510  rseq(0x714e40eb60e0, 0x20, 0, 0x53053053) = 0
2510  mprotect(0x714e410ce000, 16384, PROT_READ) = 0
2510  mprotect(0x5801db725000, 4096, PROT_READ) = 0
2510  mprotect(0x714e41123000, 8192, PROT_READ) = 0
2510  prlimit64(0, RLIMIT_STACK, NULL, {rlim_cur=8192*1024, rlim_max=RLIM64_INFINITY}) = 0
2510  munmap(0x714e410e1000, 29392)     = 0
2510  newfstatat(1, "", {st_mode=S_IFIFO|0600, st_size=0, ...}, AT_EMPTY_PATH) = 0
2510  getrandom("\x2b\x01\x36\x7b\xc9\xbc\x5d\xea", 8, GRND_NONBLOCK) = 8
2510  brk(NULL)                         = 0x580204c2c000
2510  brk(0x580204c4d000)               = 0x580204c4d000
2510  write(1, "24", 2)                 = 2
2510  exit_group(0)                     = ?
2510  +++ exited with 0 +++
