2538  execve("./fact", ["./fact", "8"], 0x7fff774d8980 /* 18 vars */) = 0
2538  brk(NULL)                         = 0x588315da6000
2538  arch_prctl(0x3001 /* ARCH_??? */, 0x7ffe3831c5a0) = -1 EINVAL (Invalid argument)
2538  mmap(NULL, 8192, PROT_READ|PROT_WRITE, MAP_PRIVATE|MAP_ANONYMOUS, -1, 0) = 0x765704e16000
2538  access("/etc/ld.so.preload", R_OK) = -1 ENOENT (No such file or directory)
2538  openat(AT_FDCWD, "/etc/ld.so.cache", O_RDONLY|O_CLOEXEC) = 3
2538  newfstatat(3, "", {st_mode=S_IFREG|0644, st_size=29392, ...}, AT_EMPTY_PATH) = 0
2538  mmap(NULL, 29392, PROT_READ, MAP_PRIVATE, 3, 0) = 0x765704e0e000
2538  close(3)                          = 0
2538  openat(AT_FDCWD, "/lib/x86_64-linux-gnu/libc.so.6", O_RDONLY|O_CLOEXEC) = 3
2538  read(3, "\177ELF\2\1\1\3\0\0\0\0\0\0\0\0\3\0>\0\1\0\0\0P\237\2\0\0\0\0\0"..., 832) = 832
2538  pread64(3, "\6\0\0\0\4\0\0\0@\0\0\0\0\0\0\0@\0\0\0\0\0\0\0@\0\0\0\0\0\0\0"..., 784, 64) = 784
2538  pread64(3, "\4\0\0\0 \0\0\0\5\0\0\0GNU\0\2\0\0\300\4\0\0\0\3\0\0\0\0\0\0\0"..., 48, 848) = 48
2538  pread64(3, "\4\0\0\0\24\0\0\0\3\0\0\0GNU\0\325\31p\226\367\t\200\30)\261\30\257\33|\366c"..., 68, 896) = 68
2538  newfstatat(3, "", {st_mode=S_IFREG|0755, st_size=2220400, ...}, AT_EMPTY_PATH) = 0
2538  pread64(3, "\6\0\0\0\4\0\0\0@\0\0\0\0\0\0\0@\0\0\0\0\0\0\0@\0\0\0\0\0\0\0"..., 784, 64) = 784
2538  mmap(NULL, 2264656, PROT_READ, MAP_PRIVATE|MAP_DENYWRITE, 3, 0) = 0x765704be5000
2538  mprotect(0x765704c0d000, 2023424, PROT_NONE) = 0
2538  mmap(0x765704c0d000, 1658880, PROT_READ|PROT_EXEC, MAP_PRIVATE|MAP_FIXED|MAP_DENYWRITE, 3, 0x28000) = 0x765704c0d000
2538  mmap(0x765704da2000, 360448, PROT_READ, MAP_PRIVATE|MAP_FIXED|MAP_DENYWRITE, 3, 0x1bd000) = 0x765704da2000
2538  mmap(0x765704dfb000, 24576, PROT_READ|PROT_WRITE, MAP_PRIVATE|MAP_FIXED|MAP_DENYWRITE, 3, 0x215000) = 0x765704dfb000
2538  mmap(0x765704e01000, 52816, PROT_READ|PROT_WRITE, MAP_PRIVATE|MAP_FIXED|MAP_ANONYMOUS, -1, 0) = 0x765704e01000
2538  close(3)                          = 0
2538  mmap(NULL, 12288, PROT_READ|PROT_WRITE, MAP_PRIVATE|MAP_ANONYMOUS, -1, 0) = 0x765704be2000
2538  arch_prctl(ARCH_SET_FS, 0x765704be2740) = 0
2538  set_tid_address(0x765704be2a10)   = 2538
2538  set_robust_list(0x765704be2a20, 24) = 0
2538  rseq(0x765704be30e0, 0x20, 0, 0x53053053) = 0
2538  mprotect(0x765704dfb000, 16384, PROT_READ) = 0
2538  mprotect(0x5882f2ed0000, 4096, PROT_READ) = 0
2538  mprotect(0x765704e50000, 8192, PROT_READ) = 0
2538  prlimit64(0, RLIMIT_STACK, NULL, {rlim_cur=8192*1024, rlim_max=RLIM64_INFINITY}) = 0
2538  munmap(0x765704e0e000, 29392)     = 0
2538  execve("./fact", ["./fact", "7", "8"], 0x7ffe3831c780 /* 18 vars */) = 0
2538  brk(NULL)                         = 0x614fc3c98000
2538  arch_prctl(0x3001 /* ARCH_??? */, 0x7fff653d76d0) = -1 EINVAL (Invalid argument)
2538  mmap(NULL, 8192, PROT_READ|PROT_WRITE, MAP_PRIVATE|MAP_ANONYMOUS, -1, 0) = 0x74b17e4f5000
2538  access("/etc/ld.so.preload", R_OK) = -1 ENOENT (No such file or directory)
2538  openat(AT_FDCWD, "/etc/ld.so.cache", O_RDONLY|O_CLOEXEC) = 3
2538  newfstatat(3, "", {st_mode=S_IFREG|0644, st_size=29392, ...}, AT_EMPTY_PATH) = 0
2538  mmap(NULL, 29392, PROT_READ, MAP_PRIVATE, 3, 0) = 0x74b17e4ed000
2538  close(3)                          = 0
2538  openat(AT_FDCWD, "/lib/x86_64-linux-gnu/libc.so.6", O_RDONLY|O_CLOEXEC) = 3
2538  read(3, "\177ELF\2\1\1\3\0\0\0\0\0\0\0\0\3\0>\0\1\0\0\0P\237\2\0\0\0\0\0"..., 832) = 832
2538  pread64(3, "\6\0\0\0\4\0\0\0@\0\0\0\0\0\0\0@\0\0\0\0\0\0\0@\0\0\0\0\0\0\0"..., 784, 64) = 784
2538  pread64(3, "\4\0\0\0 \0\0\0\5\0\0\0GNU\0\2\0\0\300\4\0\0\0\3\0\0\0\0\0\0\0"..., 48, 848) = 48
2538  pread64(3, "\4\0\0\0\24\0\0\0\3\0\0\0GNU\0\325\31p\226\367\t\200\30)\261\30\257\33|\366c"..., 68, 896) = 68
2538  newfstatat(3, "", {st_mode=S_IFREG|0755, st_size=2220400, ...}, AT_EMPTY_PATH) = 0
2538  pread64(3, "\6\0\0\0\4\0\0\0@\0\0\0\0\0\0\0@\0\0\0\0\0\0\0@\0\0\0\0\0\0\0"..., 784, 64) = 784
2538  mmap(NULL, 2264656, PROT_READ, MAP_PRIVATE|MAP_DENYWRITE, 3, 0) = 0x74b17e2c4000
2538  mprotect(0x74b17e2ec000, 2023424, PROT_NONE) = 0
2538  mmap(0x74b17e2ec000, 1658880, PROT_READ|PROT_EXEC, MAP_PRIVATE|MAP_FIXED|MAP_DENYWRITE, 3, 0x28000) = 0x74b17e2ec000
2538  mmap(0x74b17e481000, 360448, PROT_READ, MAP_PRIVATE|MAP_FIXED|MAP_DENYWRITE, 3, 0x1bd000) = 0x74b17e481000
2538  mmap(0x74b17e4da000, 24576, PROT_READ|PROT_WRITE, MAP_PRIVATE|MAP_FIXED|MAP_DENYWRITE, 3, 0x215000) = 0x74b17e4da000
2538  mmap(0x74b17e4e0000, 52816, PROT_READ|PROT_WRITE, MAP_PRIVATE|MAP_FIXED|MAP_ANONYMOUS, -1, 0) = 0x74b17e4e0000
2538  close(3)                          = 0
2538  mmap(NULL, 12288, PROT_READ|PROT_WRITE, MAP_PRIVATE|MAP_ANONYMOUS, -1, 0) = 0x74b17e2c1000
2538  arch_prctl(ARCH_SET_FS, 0x74b17e2c1740) = 0
2538  set_tid_address(0x74b17e2c1a10)   = 2538
2538  set_robust_list(0x74b17e2c1a20, 24) = 0
2538  rseq(0x74b17e2c20e0, 0x20, 0, 0x53053053) = 0
2538  mprotect(0x74b17e4da000, 16384, PROT_READ) = 0
2538  mprotect(0x614fb08d2000, 4096, PROT_READ) = 0
2538  mprotect(0x74b17e52f000, 8192, PROT_READ) = 0
2538  prlimit64(0, RLIMIT_STACK, NULL, {rlim_cur=8192*1024, rlim_max=RLIM64_INFINITY}) = 0
2538  munmap(0x74b17e4ed000, 29392)     = 0
2538  execve("./fact", ["./fact", "6", "56"], 0x7fff653d78b8 /* 18 vars */) = 0
2538  brk(NULL)                         = 0x5bbb783c6000
2538  arch_prctl(0x3001 /* ARCH_??? */, 0x7ffc59f3db50) = -1 EINVAL (Invalid argument)
2538  mmap(NULL, 8192, PROT_READ|PROT_WRITE, MAP_PRIVATE|MAP_ANONYMOUS, -1, 0) = 0x79f3fe3af000
2538  access("/etc/ld.so.preload", R_OK) = -1 ENOENT (No such file or directory)
2538  openat(AT_FDCWD, "/etc/ld.so.cache", O_RDONLY|O_CLOEXEC) = 3
2538  newfstatat(3, "", {st_mode=S_IFREG|0644, st_size=29392, ...}, AT_EMPTY_PATH) = 0
2538  mmap(NULL, 29392, PROT_READ, MAP_PRIVATE, 3, 0) = 0x79f3fe3a7000
2538  close(3)                          = 0
2538  openat(AT_FDCWD, "/lib/x86_64-linux-gnu/libc.so.6", O_RDONLY|O_CLOEXEC) = 3
2538  read(3, "\177ELF\2\1\1\3\0\0\0\0\0\0\0\0\3\0>\0\1\0\0\0P\237\2\0\0\0\0\0"..., 832) = 832
2538  pread64(3, "\6\0\0\0\4\0\0\0@\0\0\0\0\0\0\0@\0\0\0\0\0\0\0@\0\0\0\0\0\0\0"..., 784, 64) = 784
2538  pread64(3, "\4\0\0\0 \0\0\0\5\0\0\0GNU\0\2\0\0\300\4\0\0\0\3\0\0\0\0\0\0\0"..., 48, 848) = 48
2538  pread64(3, "\4\0\0\0\24\0\0\0\3\0\0\0GNU\0\325\31p\226\367\t\200\30)\261\30\257\33|\366c"..., 68, 896) = 68
2538  newfstatat(3, "", {st_mode=S_IFREG|0755, st_size=2220400, ...}, AT_EMPTY_PATH) = 0
2538  pread64(3, "\6\0\0\0\4\0\0\0@\0\0\0\0\0\0\0@\0\0\0\0\0\0\0@\0\0\0\0\0\0\0"..., 784, 64) = 784
2538  mmap(NULL, 2264656, PROT_READ, MAP_PRIVATE|MAP_DENYWRITE, 3, 0) = 0x79f3fe17e000
2538  mprotect(0x79f3fe1a6000, 2023424, PROT_NONE) = 0
2538  mmap(0x79f3fe1a6000, 1658880, PROT_READ|PROT_EXEC, MAP_PRIVATE|MAP_FIXED|MAP_DENYWRITE, 3, 0x28000) = 0x79f3fe1a6000
2538  mmap(0x79f3fe33b000, 360448, PROT_READ, MAP_PRIVATE|MAP_FIXED|MAP_DENYWRITE, 3, 0x1bd000) = 0x79f3fe33b000
2538  mmap(0x79f3fe394000, 24576, PROT_READ|PROT_WRITE, MAP_PRIVATE|MAP_FIXED|MAP_DENYWRITE, 3, 0x215000) = 0x79f3fe394000
2538  mmap(0x79f3fe39a000, 52816, PROT_READ|PROT_WRITE, MAP_PRIVATE|MAP_FIXED|MAP_ANONYMOUS, -1, 0) = 0x79f3fe39a000
2538  close(3)                          = 0
2538  mmap(NULL, 12288, PROT_READ|PROT_WRITE, MAP_PRIVATE|MAP_ANONYMOUS, -1, 0) = 0x79f3fe17b000
2538  arch_prctl(ARCH_SET_FS, 0x79f3fe17b740) = 0
2538  set_tid_address(0x79f3fe17ba10)   = 2538
2538  set_robust_list(0x79f3fe17ba20, 24) = 0
2538  rseq(0x79f3fe17c0e0, 0x20, 0, 0x53053053) = 0
2538  mprotect(0x79f3fe394000, 16384, PROT_READ) = 0
2538  mprotect(0x5bbb4580a000, 4096, PROT_READ) = 0
2538  mprotect(0x79f3fe3e9000, 8192, PROT_READ) = 0
2538  prlimit64(0, RLIMIT_STACK, NULL, {rlim_cur=8192*1024, rlim_max=RLIM64_INFINITY}) = 0
2538  munmap(0x79f3fe3a7000, 29392)     = 0
2538  execve("./fact", ["./fact", "5", "336"], 0x7ffc59f3dd38 /* 18 vars */) = 0
2538  brk(NULL)                         = 0x644af8669000
2538  arch_prctl(0x3001 /* ARCH_??? */, 0x7ffefe65b2b0) = -1 EINVAL (Invalid argument)
2538  mmap(NULL, 8192, PROT_READ|PROT_WRITE, MAP_PRIVATE|MAP_ANONYMOUS, -1, 0) = 0x71ae96a04000
2538  access("/etc/ld.so.preload", R_OK) = -1 ENOENT (No such file or directory)
2538  openat(AT_FDCWD, "/etc/ld.so.cache", O_RDONLY|O_CLOEXEC) = 3
2538  newfstatat(3, "", {st_mode=S_IFREG|0644, st_size=29392, ...}, AT_EMPTY_PATH) = 0
2538  mmap(NULL, 29392, PROT_READ, MAP_PRIVATE, 3, 0) = 0x71ae969fc000
2538  close(3)                          = 0
2538  openat(AT_FDCWD, "/lib/x86_64-linux-gnu/libc.so.6", O_RDONLY|O_CLOEXEC) = 3
2538  read(3, "\177ELF\2\1\1\3\0\0\0\0\0\0\0\0\3\0>\0\1\0\0\0P\237\2\0\0\0\0\0"..., 832) = 832
2538  pread64(3, "\6\0\0\0\4\0\0\0@\0\0\0\0\0\0\0@\0\0\0\0\0\0\0@\0\0\0\0\0\0\0"..., 784, 64) = 784
2538  pread64(3, "\4\0\0\0 \0\0\0\5\0\0\0GNU\0\2\0\0\300\4\0\0\0\3\0\0\0\0\0\0\0"..., 48, 848) = 48
2538  pread64(3, "\4\0\0\0\24\0\0\0\3\0\0\0GNU\0\325\31p\226\367\t\200\30)\261\30\257\33|\366c"..., 68, 896) = 68
2538  newfstatat(3, "", {st_mode=S_IFREG|0755, st_size=2220400, ...}, AT_EMPTY_PATH) = 0
2538  pread64(3, "\6\0\0\0\4\0\0\0@\0\0\0\0\0\0\0@\0\0\0\0\0\0\0@\0\0\0\0\0\0\0"..., 784, 64) = 784
2538  mmap(NULL, 2264656, PROT_READ, MAP_PRIVATE|MAP_DENYWRITE, 3, 0) = 0x71ae967d3000
2538  mprotect(0x71ae967fb000, 2023424, PROT_NONE) = 0
2538  mmap(0x71ae967fb000, 1658880, PROT_READ|PROT_EXEC, MAP_PRIVATE|MAP_FIXED|MAP_DENYWRITE, 3, 0x28000) = 0x71ae967fb000
2538  mmap(0x71ae96990000, 360448, PROT_READ, MAP_PRIVATE|MAP_FIXED|MAP_DENYWRITE, 3, 0x1bd000) = 0x71ae96990000
2538  mmap(0x71ae969e9000, 24576, PROT_READ|PROT_WRITE, MAP_PRIVATE|MAP_FIXED|MAP_DENYWRITE, 3, 0x215000) = 0x71ae969e9000
2538  mmap(0x71ae969ef000, 52816, PROT_READ|PROT_WRITE, MAP_PRIVATE|MAP_FIXED|MAP_ANONYMOUS, -1, 0) = 0x71ae969ef000
2538  close(3)                          = 0
2538  mmap(NULL, 12288, PROT_READ|PROT_WRITE, MAP_PRIVATE|MAP_ANONYMOUS, -1, 0) = 0x71ae967d0000
2538  arch_prctl(ARCH_SET_FS, 0x71ae967d0740) = 0
2538  set_tid_address(0x71ae967d0a10)   = 2538
2538  set_robust_list(0x71ae967d0a20, 24) = 0
2538  rseq(0x71ae967d10e0, 0x20, 0, 0x53053053) = 0
2538  mprotect(0x71ae969e9000, 16384, PROT_READ) = 0
2538  mprotect(0x644aba583000, 4096, PROT_READ) = 0
2538  mprotect(0x71ae96a3e000, 8192, PROT_READ) = 0
2538  prlimit64(0, RLIMIT_STACK, NULL, {rlim_cur=8192*1024, rlim_max=RLIM64_INFINITY}) = 0
2538  munmap(0x71ae969fc000, 29392)     = 0
2538  execve("./fact", ["./fact", "4", "1680"], 0x7ffefe65b498 /* 18 vars */) = 0
2538  brk(NULL)                         = 0x60af76883000
2538  arch_prctl(0x3001 /* ARCH_??? */, 0x7fff1b35a800) = -1 EINVAL (Invalid argument)
2538  mmap(NULL, 8192, PROT_READ|PROT_WRITE, MAP_PRIVATE|MAP_ANONYMOUS, -1, 0) = 0x7b35f5e4f000
2538  access("/etc/ld.so.preload", R_OK) = -1 ENOENT (No such file or directory)
2538  openat(AT_FDCWD, "/etc/ld.so.cache", O_RDONLY|O_CLOEXEC) = 3
2538  newfstatat(3, "", {st_mode=S_IFREG|0644, st_size=29392, ...}, AT_EMPTY_PATH) = 0
2538  mmap(NULL, 29392, PROT_READ, MAP_PRIVATE, 3, 0) = 0x7b35f5e47000
2538  close(3)                          = 0
2538  openat(AT_FDCWD, "/lib/x86_64-linux-gnu/libc.so.6", O_RDONLY|O_CLOEXEC) = 3
2538  read(3, "\177ELF\2\1\1\3\0\0\0\0\0\0\0\0\3\0>\0\1\0\0\0P\237\2\0\0\0\0\0"..., 832) = 832
2538  pread64(3, "\6\0\0\0\4\0\0\0@\0\0\0\0\0\0\0@\0\0\0\0\0\0\0@\0\0\0\0\0\0\0"..., 784, 64) = 784
2538  pread64(3, "\4\0\0\0 \0\0\0\5\0\0\0GNU\0\2\0\0\300\4\0\0\0\3\0\0\0\0\0\0\0"..., 48, 848) = 48
2538  pread64(3, "\4\0\0\0\24\0\0\0\3\0\0\0GNU\0\325\31p\226\367\t\200\30)\261\30\257\33|\366c"..., 68, 896) = 68
2538  newfstatat(3, "", {st_mode=S_IFREG|0755, st_size=2220400, ...}, AT_EMPTY_PATH) = 0
2538  pread64(3, "\6\0\0\0\4\0\0\0@\0\0\0\0\0\0\0@\0\0\0\0\0\0\0@\0\0\0\0\0\0\0"..., 784, 64) = 784
2538  mmap(NULL, 2264656, PROT_READ, MAP_PRIVATE|MAP_DENYWRITE, 3, 0) = 0x7b35f5c1e000
2538  mprotect(0x7b35f5c46000, 2023424, PROT_NONE) = 0
2538  mmap(0x7b35f5c46000, 1658880, PROT_READ|PROT_EXEC, MAP_PRIVATE|MAP_FIXED|MAP_DENYWRITE, 3, 0x28000) = 0x7b35f5c46000
2538  mmap(0x7b35f5ddb000, 360448, PROT_READ, MAP_PRIVATE|MAP_FIXED|MAP_DENYWRITE, 3, 0x1bd000) = 0x7b35f5ddb000
2538  mmap(0x7b35f5e34000, 24576, PROT_READ|PROT_WRITE, MAP_PRIVATE|MAP_FIXED|MAP_DENYWRITE, 3, 0x215000) = 0x7b35f5e34000
2538  mmap(0x7b35f5e3a000, 52816, PROT_READ|PROT_WRITE, MAP_PRIVATE|MAP_FIXED|MAP_ANONYMOUS, -1, 0) = 0x7b35f5e3a000
2538  close(3)                          = 0
2538  mmap(NULL, 12288, PROT_READ|PROT_WRITE, MAP_PRIVATE|MAP_ANONYMOUS, -1, 0) = 0x7b35f5c1b000
2538  arch_prctl(ARCH_SET_FS, 0x7b35f5c1b740) = 0
2538  set_tid_address(0x7b35f5c1ba10)   = 2538
2538  set_robust_list(0x7b35f5c1ba20, 24) = 0
2538  rseq(0x7b35f5c1c0e0, 0x20, 0, 0x53053053) = 0
2538  mprotect(0x7b35f5e34000, 16384, PROT_READ) = 0
2538  mprotect(0x60af47df3000, 4096, PROT_READ) = 0
2538  mprotect(0x7b35f5e89000, 8192, PROT_READ) = 0
2538  prlimit64(0, RLIMIT_STACK, NULL, {rlim_cur=8192*1024, rlim_max=RLIM64_INFINITY}) = 0
2538  munmap(0x7b35f5e47000, 29392)     = 0
2538  execve("./fact", ["./fact", "3", "6720"], 0x7fff1b35a9e8 /* 18 vars */) = 0
2538  brk(NULL)                         = 0x55a9f2d9b000
2538  arch_prctl(0x3001 /* ARCH_??? */, 0x7ffd4a7c99f0) = -1 EINVAL (Invalid argument)
2538  mmap(NULL, 8192, PROT_READ|PROT_WRITE, MAP_PRIVATE|MAP_ANONYMOUS, -1, 0) = 0x7be7a9a27000
2538  access("/etc/ld.so.preload", R_OK) = -1 ENOENT (No such file or directory)
2538  openat(AT_FDCWD, "/etc/ld.so.cache", O_RDONLY|O_CLOEXEC) = 3
2538  newfstatat(3, "", {st_mode=S_IFREG|0644, st_size=29392, ...}, AT_EMPTY_PATH) = 0
2538  mmap(NULL, 29392, PROT_READ, MAP_PRIVATE, 3, 0) = 0x7be7a9a1f000
2538  close(3)                          = 0
2538  openat(AT_FDCWD, "/lib/x86_64-linux-gnu/libc.so.6", O_RDONLY|O_CLOEXEC) = 3
2538  read(3, "\177ELF\2\1\1\3\0\0\0\0\0\0\0\0\3\0>\0\1\0\0\0P\237\2\0\0\0\0\0"..., 832) = 832
2538  pread64(3, "\6\0\0\0\4\0\0\0@\0\0\0\0\0\0\0@\0\0\0\0\0\0\0@\0\0\0\0\0\0\0"..., 784, 64) = 784
2538  pread64(3, "\4\0\0\0 \0\0\0\5\0\0\0GNU\0\2\0\0\300\4\0\0\0\3\0\0\0\0\0\0\0"..., 48, 848) = 48
2538  pread64(3, "\4\0\0\0\24\0\0\0\3\0\0\0GNU\0\325\31p\226\367\t\200\30)\261\30\257\33|\366c"..., 68, 896) = 68
2538  newfstatat(3, "", {st_mode=S_IFREG|0755, st_size=2220400, ...}, AT_EMPTY_PATH) = 0
2538  pread64(3, "\6\0\0\0\4\0\0\0@\0\0\0\0\0\0\0@\0\0\0\0\0\0\0@\0\0\0\0\0\0\0"..., 784, 64) = 784
2538  mmap(NULL, 2264656, PROT_READ, MAP_PRIVATE|MAP_DENYWRITE, 3, 0) = 0x7be7a97f6000
2538  mprotect(0x7be7a981e000, 2023424, PROT_NONE) = 0
2538  mmap(0x7be7a981e000, 1658880, PROT_READ|PROT_EXEC, MAP_PRIVATE|MAP_FIXED|MAP_DENYWRITE, 3, 0x28000) = 0x7be7a981e000
2538  mmap(0x7be7a99b3000, 360448, PROT_READ, MAP_PRIVATE|MAP_FIXED|MAP_DENYWRITE, 3, 0x1bd000) = 0x7be7a99b3000
2538  mmap(0x7be7a9a0c000, 24576, PROT_READ|PROT_WRITE, MAP_PRIVATE|MAP_FIXED|MAP_DENYWRITE, 3, 0x215000) = 0x7be7a9a0c000
2538  mmap(0x7be7a9a12000, 52816, PROT_READ|PROT_WRITE, MAP_PRIVATE|MAP_FIXED|MAP_ANONYMOUS, -1, 0) = 0x7be7a9a12000
2538  close(3)                          = 0
2538  mmap(NULL, 12288, PROT_READ|PROT_WRITE, MAP_PRIVATE|MAP_ANONYMOUS, -1, 0) = 0x7be7a97f3000
2538  arch_prctl(ARCH_SET_FS, 0x7be7a97f3740) = 0
2538  set_tid_address(0x7be7a97f3a10)   = 2538
2538  set_robust_list(0x7be7a97f3a20, 24) = 0
2538  rseq(0x7be7a97f40e0, 0x20, 0, 0x53053053) = 0
2538  mprotect(0x7be7a9a0c000, 16384, PROT_READ) = 0
2538  mprotect(0x55a9b8c46000, 4096, PROT_READ) = 0
2538  mprotect(0x7be7a9a61000, 8192, PROT_READ) = 0
2538  prlimit64(0, RLIMIT_STACK, NULL, {rlim_cur=8192*1024, rlim_max=RLIM64_INFINITY}) = 0
2538  munmap(0x7be7a9a1f000, 29392)     = 0
2538  execve("./fact", ["./fact", "2", "20160"], 0x7ffd4a7c9bd8 /* 18 vars */) = 0
2538  brk(NULL)                         = 0x5b95e4022000
2538  arch_prctl(0x3001 /* ARCH_??? */, 0x7ffe5108a8d0) = -1 EINVAL (Invalid argument)
2538  mmap(NULL, 8192, PROT_READ|PROT_WRITE, MAP_PRIVATE|MAP_ANONYMOUS, -1, 0) = 0x7b22574b1000
2538  access("/etc/ld.so.preload", R_OK) = -1 ENOENT (No such file or directory)
2538  openat(AT_FDCWD, "/etc/ld.so.cache", O_RDONLY|O_CLOEXEC) = 3
2538  newfstatat(3, "", {st_mode=S_IFREG|0644, st_size=29392, ...}, AT_EMPTY_PATH) = 0
2538  mmap(NULL, 29392, PROT_READ, MAP_PRIVATE, 3, 0) = 0x7b22574a9000
2538  close(3)                          = 0
2538  openat(AT_FDCWD, "/lib/x86_64-linux-gnu/libc.so.6", O_RDONLY|O_CLOEXEC) = 3
2538  read(3, "\177ELF\2\1\1\3\0\0\0\0\0\0\0\0\3\0>\0\1\0\0\0P\237\2\0\0\0\0\0"..., 832) = 832
2538  pread64(3, "\6\0\0\0\4\0\0\0@\0\0\0\0\0\0\0@\0\0\0\0\0\0\0@\0\0\0\0\0\0\0"..., 784, 64) = 784
2538  pread64(3, "\4\0\0\0 \0\0\0\5\0\0\0GNU\0\2\0\0\300\4\0\0\0\3\0\0\0\0\0\0\0"..., 48, 848) = 48
2538  pread64(3, "\4\0\0\0\24\0\0\0\3\0\0\0GNU\0\325\31p\226\367\t\200\30)\261\30\257\33|\366c"..., 68, 896) = 68
2538  newfstatat(3, "", {st_mode=S_IFREG|0755, st_size=2220400, ...}, AT_EMPTY_PATH) = 0
2538  pread64(3, "\6\0\0\0\4\0\0\0@\0\0\0\0\0\0\0@\0\0\0\0\0\0\0@\0\0\0\0\0\0\0"..., 784, 64) = 784
2538  mmap(NULL, 2264656, PROT_READ, MAP_PRIVATE|MAP_DENYWRITE, 3, 0) = 0x7b2257280000
2538  mprotect(0x7b22572a8000, 2023424, PROT_NONE) = 0
2538  mmap(0x7b22572a8000, 1658880, PROT_READ|PROT_EXEC, MAP_PRIVATE|MAP_FIXED|MAP_DENYWRITE, 3, 0x28000) = 0x7b22572a8000
2538  mmap(0x7b225743d000, 360448, PROT_READ, MAP_PRIVATE|MAP_FIXED|MAP_DENYWRITE, 3, 0x1bd000) = 0x7b225743d000
2538  mmap(0x7b2257496000, 24576, PROT_READ|PROT_WRITE, MAP_PRIVATE|MAP_FIXED|MAP_DENYWRITE, 3, 0x215000) = 0x7b2257496000
2538  mmap(0x7b225749c000, 52816, PROT_READ|PROT_WRITE, MAP_PRIVATE|MAP_FIXED|MAP_ANONYMOUS, -1, 0) = 0x7b225749c000
2538  close(3)                          = 0
2538  mmap(NULL, 12288, PROT_READ|PROT_WRITE, MAP_PRIVATE|MAP_ANONYMOUS, -1, 0) = 0x7b225727d000
2538  arch_prctl(ARCH_SET_FS, 0x7b225727d740) = 0
2538  set_tid_address(0x7b225727da10)   = 2538
2538  set_robust_list(0x7b225727da20, 24) = 0
2538  rseq(0x7b225727e0e0, 0x20, 0, 0x53053053) = 0
2538  mprotect(0x7b2257496000, 16384, PROT_READ) = 0
2538  mprotect(0x5b95d6032000, 4096, PROT_READ) = 0
2538  mprotect(0x7b22574eb000, 8192, PROT_READ) = 0
2538  prlimit64(0, RLIMIT_STACK, NULL, {rlim_cur=8192*1024, rlim_max=RLIM64_INFINITY}) = 0
2538  munmap(0x7b22574a9000, 29392)     = 0
2538  execve("./fact", ["./fact", "1", "40320"], 0x7ffe5108aab8 /* 18 vars */) = 0
2538  brk(NULL)                         = 0x5a11c4e0d000
2538  arch_prctl(0x3001 /* ARCH_??? */, 0x7ffe809e8b30) = -1 EINVAL (Invalid argument)
2538  mmap(NULL, 8192, PROT_READ|PROT_WRITE, MAP_PRIVATE|MAP_ANONYMOUS, -1, 0) = 0x7be957cb7000
2538  access("/etc/ld.so.preload", R_OK) = -1 ENOENT (No such file or directory)
2538  openat(AT_FDCWD, "/etc/ld.so.cache", O_RDONLY|O_CLOEXEC) = 3
2538  newfstatat(3, "", {st_mode=S_IFREG|0644, st_size=29392, ...}, AT_EMPTY_PATH) = 0
2538  mmap(NULL, 29392, PROT_READ, MAP_PRIVATE, 3, 0) = 0x7be957caf000
2538  close(3)                          = 0
2538  openat(AT_FDCWD, "/lib/x86_64-linux-gnu/libc.so.6", O_RDONLY|O_CLOEXEC) = 3
2538  read(3, "\177ELF\2\1\1\3\0\0\0\0\0\0\0\0\3\0>\0\1\0\0\0P\237\2\0\0\0\0\0"..., 832) = 832
2538  pread64(3, "\6\0\0\0\4\0\0\0@\0\0\0\0\0\0\0@\0\0\0\0\0\0\0@\0\0\0\0\0\0\0"..., 784, 64) = 784
2538  pread64(3, "\4\0\0\0 \0\0\0\5\0\0\0GNU\0\2\0\0\300\4\0\0\0\3\0\0\0\0\0\0\0"..., 48, 848) = 48
2538  pread64(3, "\4\0\0\0\24\0\0\0\3\0\0\0GNU\0\325\31p\226\367\t\200\30)\261\30\257\33|\366c"..., 68, 896) = 68
2538  newfstatat(3, "", {st_mode=S_IFREG|0755, st_size=2220400, ...}, AT_EMPTY_PATH) = 0
2538  pread64(3, "\6\0\0\0\4\0\0\0@\0\0\0\0\0\0\0@\0\0\0\0\0\0\0@\0\0\0\0\0\0\0"..., 784, 64) = 784
2538  mmap(NULL, 2264656, PROT_READ, MAP_PRIVATE|MAP_DENYWRITE, 3, 0) = 0x7be957a86000
2538  mprotect(0x7be957aae000, 2023424, PROT_NONE) = 0
2538  mmap(0x7be957aae000, 1658880, PROT_READ|PROT_EXEC, MAP_PRIVATE|MAP_FIXED|MAP_DENYWRITE, 3, 0x28000) = 0x7be957aae000
2538  mmap(0x7be957c43000, 360448, PROT_READ, MAP_PRIVATE|MAP_FIXED|MAP_DENYWRITE, 3, 0x1bd000) = 0x7be957c43000
2538  mmap(0x7be957c9c000, 24576, PROT_READ|PROT_WRITE, MAP_PRIVATE|MAP_FIXED|MAP_DENYWRITE, 3, 0x215000) = 0x7be957c9c000
2538  mmap(0x7be957ca2000, 52816, PROT_READ|PROT_WRITE, MAP_PRIVATE|MAP_FIXED|MAP_ANONYMOUS, -1, 0) = 0x7be957ca2000
2538  close(3)                          = 0
2538  mmap(NULL, 12288, PROT_READ|PROT_WRITE, MAP_PRIVATE|MAP_ANONYMOUS, -1, 0) = 0x7be957a83000
2538  arch_prctl(ARCH_SET_FS, 0x7be957a83740) = 0
2538  set_tid_address(0x7be957a83a10)   = 2538
2538  set_robust_list(0x7be957a83a20, 24) = 0
2538  rseq(0x7be957a840e0, 0x20, 0, 0x53053053) = 0
2538  mprotect(0x7be957c9c000, 16384, PROT_READ) = 0
2538  mprotect(0x5a11bfcd2000, 4096, PROT_READ) = 0
2538  mprotect(0x7be957cf1000, 8192, PROT_READ) = 0
2538  prlimit64(0, RLIMIT_STACK, NULL, {rlim_cur=8192*1024, rlim_max=RLIM64_INFINITY}) = 0
2538  munmap(0x7be957caf000, 29392)     = 0
2538  newfstatat(1, "", {st_mode=S_IFIFO|0600, st_size=0, ...}, AT_EMPTY_PATH) = 0
2538  getrandom("\xb3\x98\x97\x12\x9f\x13\x04\x6f", 8, GRND_NONBLOCK) = 8
2538  brk(NULL)                         = 0x5a11c4e0d000
2538  brk(0x5a11c4e2e000)               = 0x5a11c4e2e000
2538  write(1, "40320", 5)              = 5
2538  exit_group(0)                     = ?
2538  +++ exited with 0 +++
