2545  execve("./fact", ["./fact", "9"], 0x7fff1f05f0c0 /* 18 vars */) = 0
2545  brk(NULL)                         = 0x58f17f292000
2545  arch_prctl(0x3001 /* ARCH_??? */, 0x7ffc558e2030) = -1 EINVAL (Invalid argument)
2545  mmap(NULL, 8192, PROT_READ|PROT_WRITE, MAP_PRIVATE|MAP_ANONYMOUS, -1, 0) = 0x7dd83fce5000
2545  access("/etc/ld.so.preload", R_OK) = -1 ENOENT (No such file or directory)
2545  openat(AT_FDCWD, "/etc/ld.so.cache", O_RDONLY|O_CLOEXEC) = 3
2545  newfstatat(3, "", {st_mode=S_IFREG|0644, st_size=29392, ...}, AT_EMPTY_PATH) = 0
2545  mmap(NULL, 29392, PROT_READ, MAP_PRIVATE, 3, 0) = 0x7dd83fcdd000
2545  close(3)                          = 0
2545  openat(AT_FDCWD, "/lib/x86_64-linux-gnu/libc.so.6", O_RDONLY|O_CLOEXEC) = 3
2545  read(3, "\177ELF\2\1\1\3\0\0\0\0\0\0\0\0\3\0>\0\1\0\0\0P\237\2\0\0\0\0\0"..., 832) = 832
2545  pread64(3, "\6\0\0\0\4\0\0\0@\0\0\0\0\0\0\0@\0\0\0\0\0\0\0@\0\0\0\0\0\0\0"..., 784, 64) = 784
2545  pread64(3, "\4\0\0\0 \0\0\0\5\0\0\0GNU\0\2\0\0\300\4\0\0\0\3\0\0\0\0\0\0\0"..., 48, 848) = 48
2545  pread64(3, "\4\0\0\0\24\0\0\0\3\0\0\0GNU\0\325\31p\226\367\t\200\30)\261\30\257\33|\366c"..., 68, 896) = 68
2545  newfstatat(3, "", {st_mode=S_IFREG|0755, st_size=2220400, ...}, AT_EMPTY_PATH) = 0
2545  pread64(3, "\6\0\0\0\4\0\0\0@\0\0\0\0\0\0\0@\0\0\0\0\0\0\0@\0\0\0\0\0\0\0"..., 784, 64) = 784
2545  mmap(NULL, 2264656, PROT_READ, MAP_PRIVATE|MAP_DENYWRITE, 3, 0) = 0x7dd83fab4000
2545  mprotect(0x7dd83fadc000, 2023424, PROT_NONE) = 0
2545  mmap(0x7dd83fadc000, 1658880, PROT_READ|PROT_EXEC, MAP_PRIVATE|MAP_FIXED|MAP_DENYWRITE, 3, 0x28000) = 0x7dd83fadc000
2545  mmap(0x7dd83fc71000, 360448, PROT_READ, MAP_PRIVATE|MAP_FIXED|MAP_DENYWRITE, 3, 0x1bd000) = 0x7dd83fc71000
2545  mmap(0x7dd83fcca000, 24576, PROT_READ|PROT_WRITE, MAP_PRIVATE|MAP_FIXED|MAP_DENYWRITE, 3, 0x215000) = 0x7dd83fcca000
2545  mmap(0x7dd83fcd0000, 52816, PROT_READ|PROT_WRITE, MAP_PRIVATE|MAP_FIXED|MAP_ANONYMOUS, -1, 0) = 0x7dd83fcd0000
2545  close(3)                          = 0
2545  mmap(NULL, 12288, PROT_READ|PROT_WRITE, MAP_PRIVATE|MAP_ANONYMOUS, -1, 0) = 0x7dd83fab1000
2545  arch_prctl(ARCH_SET_FS, 0x7dd83fab1740) = 0
2545  set_tid_address(0x7dd83fab1a10)   = 2545
2545  set_robust_list(0x7dd83fab1a20, 24) = 0
2545  rseq(0x7dd83fab20e0, 0x20, 0, 0x53053053) = 0
2545  mprotect(0x7dd83fcca000, 16384, PROT_READ) = 0
2545  mprotect(0x58f154f75000, 4096, PROT_READ) = 0
2545  mprotect(0x7dd83fd1f000, 8192, PROT_READ) = 0
2545  prlimit64(0, RLIMIT_STACK, NULL, {rlim_cur=8192*1024, rlim_max=RLIM64_INFINITY}) = 0
2545  munmap(0x7dd83fcdd000, 29392)     = 0
2545  execve("./fact", ["./fact", "8", "9"], 0x7ffc558e2210 /* 18 vars */) = 0
2545  brk(NULL)                         = 0x58e2fb1b8000
2545  arch_prctl(0x3001 /* ARCH_??? */, 0x7fff0f0f63f0) = -1 EINVAL (Invalid argument)
2545  mmap(NULL, 8192, PROT_READ|PROT_WRITE, MAP_PRIVATE|MAP_ANONYMOUS, -1, 0) = 0x73de319de000
2545  access("/etc/ld.so.preload", R_OK) = -1 ENOENT (No such file or directory)
2545  openat(AT_FDCWD, "/etc/ld.so.cache", O_RDONLY|O_CLOEXEC) = 3
2545  newfstatat(3, "", {st_mode=S_IFREG|0644, st_size=29392, ...}, AT_EMPTY_PATH) = 0
2545  mmap(NULL, 29392, PROT_READ, MAP_PRIVATE, 3, 0) = 0x73de319d6000
2545  close(3)                          = 0
2545  openat(AT_FDCWD, "/lib/x86_64-linux-gnu/libc.so.6", O_RDONLY|O_CLOEXEC) = 3
2545  read(3, "\177ELF\2\1\1\3\0\0\0\0\0\0\0\0\3\0>\0\1\0\0\0P\237\2\0\0\0\0\0"..., 832) = 832
2545  pread64(3, "\6\0\0\0\4\0\0\0@\0\0\0\0\0\0\0@\0\0\0\0\0\0\0@\0\0\0\0\0\0\0"..., 784, 64) = 784
2545  pread64(3, "\4\0\0\0 \0\0\0\5\0\0\0GNU\0\2\0\0\300\4\0\0\0\3\0\0\0\0\0\0\0"..., 48, 848) = 48
2545  pread64(3, "\4\0\0\0\24\0\0\0\3\0\0\0GNU\0\325\31p\226\367\t\200\30)\261\30\257\33|\366c"..., 68, 896) = 68
2545  newfstatat(3, "", {st_mode=S_IFREG|0755, st_size=2220400, ...}, AT_EMPTY_PATH) = 0
2545  pread64(3, "\6\0\0\0\4\0\0\0@\0\0\0\0\0\0\0@\0\0\0\0\0\0\0@\0\0\0\0\0\0\0"..., 784, 64) = 784
2545  mmap(NULL, 2264656, PROT_READ, MAP_PRIVATE|MAP_DENYWRITE, 3, 0) = 0x73de317ad000
2545  mprotect(0x73de317d5000, 2023424, PROT_NONE) = 0
2545  mmap(0x73de317d5000, 1658880, PROT_READ|PROT_EXEC, MAP_PRIVATE|MAP_FIXED|MAP_DENYWRITE, 3, 0x28000) = 0x73de317d5000
2545  mmap(0x73de3196a000, 360448, PROT_READ, MAP_PRIVATE|MAP_FIXED|MAP_DENYWRITE, 3, 0x1bd000) = 0x73de3196a000
2545  mmap(0x73de319c3000, 24576, PROT_READ|PROT_WRITE, MAP_PRIVATE|MAP_FIXED|MAP_DENYWRITE, 3, 0x215000) = 0x73de319c3000
2545  mmap(0x73de319c9000, 52816, PROT_READ|PROT_WRITE, MAP_PRIVATE|MAP_FIXED|MAP_ANONYMOUS, -1, 0) = 0x73de319c9000
2545  close(3)                          = 0
2545  mmap(NULL, 12288, PROT_READ|PROT_WRITE, MAP_PRIVATE|MAP_ANONYMOUS, -1, 0) = 0x73de317aa000
2545  arch_prctl(ARCH_SET_FS, 0x73de317aa740) = 0
2545  set_tid_address(0x73de317aaa10)   = 2545
2545  set_robust_list(0x73de317aaa20, 24) = 0
2545  rseq(0x73de317ab0e0, 0x20, 0, 0x53053053) = 0
2545  mprotect(0x73de319c3000, 16384, PROT_READ) = 0
2545  mprotect(0x58e2e910e000, 4096, PROT_READ) = 0
2545  mprotect(0x73de31a18000, 8192, PROT_READ) = 0
2545  prlimit64(0, RLIMIT_STACK, NULL, {rlim_cur=8192*1024, rlim_max=RLIM64_INFINITY}) = 0
2545  munmap(0x73de319d6000, 29392)     = 0
2545  execve("./fact", ["./fact", "7", "72"], 0x7fff0f0f65d8 /* 18 vars */) = 0
2545  brk(NULL)                         = 0x5f28d3f74000
2545  arch_prctl(0x3001 /* ARCH_??? */, 0x7fffeaee1010) = -1 EINVAL (Invalid argument)
2545  mmap(NULL, 8192, PROT_READ|PROT_WRITE, MAP_PRIVATE|MAP_ANONYMOUS, -1, 0) = 0x703f76a75000
2545  access("/etc/ld.so.preload", R_OK) = -1 ENOENT (No such file or directory)
2545  openat(AT_FDCWD, "/etc/ld.so.cache", O_RDONLY|O_CLOEXEC) = 3
2545  newfstatat(3, "", {st_mode=S_IFREG|0644, st_size=29392, ...}, AT_EMPTY_PATH) = 0
2545  mmap(NULL, 29392, PROT_READ, MAP_PRIVATE, 3, 0) = 0x703f76a6d000
2545  close(3)                          = 0
2545  openat(AT_FDCWD, "/lib/x86_64-linux-gnu/libc.so.6", O_RDONLY|O_CLOEXEC) = 3
2545  read(3, "\177ELF\2\1\1\3\0\0\0\0\0\0\0\0\3\0>\0\1\0\0\0P\237\2\0\0\0\0\0"..., 832) = 832
2545  pread64(3, "\6\0\0\0\4\0\0\0@\0\0\0\0\0\0\0@\0\0\0\0\0\0\0@\0\0\0\0\0\0\0"..., 784, 64) = 784
2545  pread64(3, "\4\0\0\0 \0\0\0\5\0\0\0GNU\0\2\0\0\300\4\0\0\0\3\0\0\0\0\0\0\0"..., 48, 848) = 48
2545  pread64(3, "\4\0\0\0\24\0\0\0\3\0\0\0GNU\0\325\31p\226\367\t\200\30)\261\30\257\33|\366c"..., 68, 896) = 68
2545  newfstatat(3, "", {st_mode=S_IFREG|0755, st_size=2220400, ...}, AT_EMPTY_PATH) = 0
2545  pread64(3, "\6\0\0\0\4\0\0\0@\0\0\0\0\0\0\0@\0\0\0\0\0\0\0@\0\0\0\0\0\0\0"..., 784, 64) = 784
2545  mmap(NULL, 2264656, PROT_READ, MAP_PRIVATE|MAP_DENYWRITE, 3, 0) = 0x703f76844000
2545  mprotect(0x703f7686c000, 2023424, PROT_NONE) = 0
2545  mmap(0x703f7686c000, 1658880, PROT_READ|PROT_EXEC, MAP_PRIVATE|MAP_FIXED|MAP_DENYWRITE, 3, 0x28000) = 0x703f7686c000
2545  mmap(0x703f76a01000, 360448, PROT_READ, MAP_PRIVATE|MAP_FIXED|MAP_DENYWRITE, 3, 0x1bd000) = 0x703f76a01000
2545  mmap(0x703f76a5a000, 24576, PROT_READ|PROT_WRITE, MAP_PRIVATE|MAP_FIXED|MAP_DENYWRITE, 3, 0x215000) = 0x703f76a5a000
2545  mmap(0x703f76a60000, 52816, PROT_READ|PROT_WRITE, MAP_PRIVATE|MAP_FIXED|MAP_ANONYMOUS, -1, 0) = 0x703f76a60000
2545  close(3)                          = 0
2545  mmap(NULL, 12288, PROT_READ|PROT_WRITE, MAP_PRIVATE|MAP_ANONYMOUS, -1, 0) = 0x703f76841000
2545  arch_prctl(ARCH_SET_FS, 0x703f76841740) = 0
2545  set_tid_address(0x703f76841a10)   = 2545
2545  set_robust_list(0x703f76841a20, 24) = 0
2545  rseq(0x703f768420e0, 0x20, 0, 0x53053053) = 0
2545  mprotect(0x703f76a5a000, 16384, PROT_READ) = 0
2545  mprotect(0x5f28bf158000, 4096, PROT_READ) = 0
2545  mprotect(0x703f76aaf000, 8192, PROT_READ) = 0
2545  prlimit64(0, RLIMIT_STACK, NULL, {rlim_cur=8192*1024, rlim_max=RLIM64_INFINITY}) = 0
2545  munmap(0x703f76a6d000, 29392)     = 0
2545  execve("./fact", ["./fact", "6", "504"], 0x7fffeaee11f8 /* 18 vars */) = 0
2545  brk(NULL)                         = 0x65370070a000
2545  arch_prctl(0x3001 /* ARCH_??? */, 0x7fffb644b760) = -1 EINVAL (Invalid argument)
2545  mmap(NULL, 8192, PROT_READ|PROT_WRITE, MAP_PRIVATE|MAP_ANONYMOUS, -1, 0) = 0x7ea44ea48000
2545  access("/etc/ld.so.preload", R_OK) = -1 ENOENT (No such file or directory)
2545  openat(AT_FDCWD, "/etc/ld.so.cache", O_RDONLY|O_CLOEXEC) = 3
2545  newfstatat(3, "", {st_mode=S_IFREG|0644, st_size=29392, ...}, AT_EMPTY_PATH) = 0
2545  mmap(NULL, 29392, PROT_READ, MAP_PRIVATE, 3, 0) = 0x7ea44ea40000
2545  close(3)                          = 0
2545  openat(AT_FDCWD, "/lib/x86_64-linux-gnu/libc.so.6", O_RDONLY|O_CLOEXEC) = 3
2545  read(3, "\177ELF\2\1\1\3\0\0\0\0\0\0\0\0\3\0>\0\1\0\0\0P\237\2\0\0\0\0\0"..., 832) = 832
2545  pread64(3, "\6\0\0\0\4\0\0\0@\0\0\0\0\0\0\0@\0\0\0\0\0\0\0@\0\0\0\0\0\0\0"..., 784, 64) = 784
2545  pread64(3, "\4\0\0\0 \0\0\0\5\0\0\0GNU\0\2\0\0\300\4\0\0\0\3\0\0\0\0\0\0\0"..., 48, 848) = 48
2545  pread64(3, "\4\0\0\0\24\0\0\0\3\0\0\0GNU\0\325\31p\226\367\t\200\30)\261\30\257\33|\366c"..., 68, 896) = 68
2545  newfstatat(3, "", {st_mode=S_IFREG|0755, st_size=2220400, ...}, AT_EMPTY_PATH) = 0
2545  pread64(3, "\6\0\0\0\4\0\0\0@\0\0\0\0\0\0\0@\0\0\0\0\0\0\0@\0\0\0\0\0\0\0"..., 784, 64) = 784
2545  mmap(NULL, 2264656, PROT_READ, MAP_PRIVATE|MAP_DENYWRITE, 3, 0) = 0x7ea44e817000
2545  mprotect(0x7ea44e83f000, 2023424, PROT_NONE) = 0
2545  mmap(0x7ea44e83f000, 1658880, PROT_READ|PROT_EXEC, MAP_PRIVATE|MAP_FIXED|MAP_DENYWRITE, 3, 0x28000) = 0x7ea44e83f000
2545  mmap(0x7ea44e9d4000, 360448, PROT_READ, MAP_PRIVATE|MAP_FIXED|MAP_DENYWRITE, 3, 0x1bd000) = 0x7ea44e9d4000
2545  mmap(0x7ea44ea2d000, 24576, PROT_READ|PROT_WRITE, MAP_PRIVATE|MAP_FIXED|MAP_DENYWRITE, 3, 0x215000) = 0x7ea44ea2d000
2545  mmap(0x7ea44ea33000, 52816, PROT_READ|PROT_WRITE, MAP_PRIVATE|MAP_FIXED|MAP_ANONYMOUS, -1, 0) = 0x7ea44ea33000
2545  close(3)                          = 0
2545  mmap(NULL, 12288, PROT_READ|PROT_WRITE, MAP_PRIVATE|MAP_ANONYMOUS, -1, 0) = 0x7ea44e814000
2545  arch_prctl(ARCH_SET_FS, 0x7ea44e814740) = 0
2545  set_tid_address(0x7ea44e814a10)   = 2545
2545  set_robust_list(0x7ea44e814a20, 24) = 0
2545  rseq(0x7ea44e8150e0, 0x20, 0, 0x53053053) = 0
2545  mprotect(0x7ea44ea2d000, 16384, PROT_READ) = 0
2545  mprotect(0x6536f33e0000, 4096, PROT_READ) = 0
2545  mprotect(0x7ea44ea82000, 8192, PROT_READ) = 0
2545  prlimit64(0, RLIMIT_STACK, NULL, {rlim_cur=8192*1024, rlim_max=RLIM64_INFINITY}) = 0
2545  munmap(0x7ea44ea40000, 29392)     = 0
2545  execve("./fact", ["./fact", "5", "3024"], 0x7fffb644b948 /* 18 vars */) = 0
2545  brk(NULL)                         = 0x5903a8809000
2545  arch_prctl(0x3001 /* ARCH_??? */, 0x7ffd02c44b00) = -1 EINVAL (Invalid argument)
2545  mmap(NULL, 8192, PROT_READ|PROT_WRITE, MAP_PRIVATE|MAP_ANONYMOUS, -1, 0) = 0x7efb3798e000
2545  access("/etc/ld.so.preload", R_OK) = -1 ENOENT (No such file or directory)
2545  openat(AT_FDCWD, "/etc/ld.so.cache", O_RDONLY|O_CLOEXEC) = 3
2545  newfstatat(3, "", {st_mode=S_IFREG|0644, st_size=29392, ...}, AT_EMPTY_PATH) = 0
2545  mmap(NULL, 29392, PROT_READ, MAP_PRIVATE, 3, 0) = 0x7efb37986000
2545  close(3)                          = 0
2545  openat(AT_FDCWD, "/lib/x86_64-linux-gnu/libc.so.6", O_RDONLY|O_CLOEXEC) = 3
2545  read(3, "\177ELF\2\1\1\3\0\0\0\0\0\0\0\0\3\0>\0\1\0\0\0P\237\2\0\0\0\0\0"..., 832) = 832
2545  pread64(3, "\6\0\0\0\4\0\0\0@\0\0\0\0\0\0\0@\0\0\0\0\0\0\0@\0\0\0\0\0\0\0"..., 784, 64) = 784
2545  pread64(3, "\4\0\0\0 \0\0\0\5\0\0\0GNU\0\2\0\0\300\4\0\0\0\3\0\0\0\0\0\0\0"..., 48, 848) = 48
2545  pread64(3, "\4\0\0\0\24\0\0\0\3\0\0\0GNU\0\325\31p\226\367\t\200\30)\261\30\257\33|\366c"..., 68, 896) = 68
2545  newfstatat(3, "", {st_mode=S_IFREG|0755, st_size=2220400, ...}, AT_EMPTY_PATH) = 0
2545  pread64(3, "\6\0\0\0\4\0\0\0@\0\0\0\0\0\0\0@\0\0\0\0\0\0\0@\0\0\0\0\0\0\0"..., 784, 64) = 784
2545  mmap(NULL, 2264656, PROT_READ, MAP_PRIVATE|MAP_DENYWRITE, 3, 0) = 0x7efb3775d000
2545  mprotect(0x7efb37785000, 2023424, PROT_NONE) = 0
2545  mmap(0x7efb37785000, 1658880, PROT_READ|PROT_EXEC, MAP_PRIVATE|MAP_FIXED|MAP_DENYWRITE, 3, 0x28000) = 0x7efb37785000
2545  mmap(0x7efb3791a000, 360448, PROT_READ, MAP_PRIVATE|MAP_FIXED|MAP_DENYWRITE, 3, 0x1bd000) = 0x7efb3791a000
2545  mmap(0x7efb37973000, 24576, PROT_READ|PROT_WRITE, MAP_PRIVATE|MAP_FIXED|MAP_DENYWRITE, 3, 0x215000) = 0x7efb37973000
2545  mmap(0x7efb37979000, 52816, PROT_READ|PROT_WRITE, MAP_PRIVATE|MAP_FIXED|MAP_ANONYMOUS, -1, 0) = 0x7efb37979000
2545  close(3)                          = 0
2545  mmap(NULL, 12288, PROT_READ|PROT_WRITE, MAP_PRIVATE|MAP_ANONYMOUS, -1, 0) = 0x7efb3775a000
2545  arch_prctl(ARCH_SET_FS, 0x7efb3775a740) = 0
2545  set_tid_address(0x7efb3775aa10)   = 2545
2545  set_robust_list(0x7efb3775aa20, 24) = 0
2545  rseq(0x7efb3775b0e0, 0x20, 0, 0x53053053) = 0
2545  mprotect(0x7efb37973000, 16384, PROT_READ) = 0
2545  mprotect(0x590378d7f000, 4096, PROT_READ) = 0
2545  mprotect(0x7efb379c8000, 8192, PROT_READ) = 0
2545  prlimit64(0, RLIMIT_STACK, NULL, {rlim_cur=8192*1024, rlim_max=RLIM64_INFINITY}) = 0
2545  munmap(0x7efb37986000, 29392)     = 0
2545  execve("./fact", ["./fact", "4", "15120"], 0x7ffd02c44ce8 /* 18 vars */) = 0
2545  brk(NULL)                         = 0x56939af8d000
2545  arch_prctl(0x3001 /* ARCH_??? */, 0x7ffcdfc32200) = -1 EINVAL (Invalid argument)
2545  mmap(NULL, 8192, PROT_READ|PROT_WRITE, MAP_PRIVATE|MAP_ANONYMOUS, -1, 0) = 0x7f5da0fa5000
2545  access("/etc/ld.so.preload", R_OK) = -1 ENOENT (No such file or directory)
2545  openat(AT_FDCWD, "/etc/ld.so.cache", O_RDONLY|O_CLOEXEC) = 3
2545  newfstatat(3, "", {st_mode=S_IFREG|0644, st_size=29392, ...}, AT_EMPTY_PATH) = 0
2545  mmap(NULL, 29392, PROT_READ, MAP_PRIVATE, 3, 0) = 0x7f5da0f9d000
2545  close(3)                          = 0
2545  openat(AT_FDCWD, "/lib/x86_64-linux-gnu/libc.so.6", O_RDONLY|O_CLOEXEC) = 3
2545  read(3, "\177ELF\2\1\1\3\0\0\0\0\0\0\0\0\3\0>\0\1\0\0\0P\237\2\0\0\0\0\0"..., 832) = 832
2545  pread64(3, "\6\0\0\0\4\0\0\0@\0\0\0\0\0\0\0@\0\0\0\0\0\0\0@\0\0\0\0\0\0\0"..., 784, 64) = 784
2545  pread64(3, "\4\0\0\0 \0\0\0\5\0\0\0GNU\0\2\0\0\300\4\0\0\0\3\0\0\0\0\0\0\0"..., 48, 848) = 48
2545  pread64(3, "\4\0\0\0\24\0\0\0\3\0\0\0GNU\0\325\31p\226\367\t\200\30)\261\30\257\33|\366c"..., 68, 896) = 68
2545  newfstatat(3, "", {st_mode=S_IFREG|0755, st_size=2220400, ...}, AT_EMPTY_PATH) = 0
2545  pread64(3, "\6\0\0\0\4\0\0\0@\0\0\0\0\0\0\0@\0\0\0\0\0\0\0@\0\0\0\0\0\0\0"..., 784, 64) = 784
2545  mmap(NULL, 2264656, PROT_READ, MAP_PRIVATE|MAP_DENYWRITE, 3, 0) = 0x7f5da0d74000
2545  mprotect(0x7f5da0d9c000, 2023424, PROT_NONE) = 0
2545  mmap(0x7f5da0d9c000, 1658880, PROT_READ|PROT_EXEC, MAP_PRIVATE|MAP_FIXED|MAP_DENYWRITE, 3, 0x28000) = 0x7f5da0d9c000
2545  mmap(0x7f5da0f31000, 360448, PROT_READ, MAP_PRIVATE|MAP_FIXED|MAP_DENYWRITE, 3, 0x1bd000) = 0x7f5da0f31000
2545  mmap(0x7f5da0f8a000, 24576, PROT_READ|PROT_WRITE, MAP_PRIVATE|MAP_FIXED|MAP_DENYWRITE, 3, 0x215000) = 0x7f5da0f8a000
2545  mmap(0x7f5da0f90000, 52816, PROT_READ|PROT_WRITE, MAP_PRIVATE|MAP_FIXED|MAP_ANONYMOUS, -1, 0) = 0x7f5da0f90000
2545  close(3)                          = 0
2545  mmap(NULL, 12288, PROT_READ|PROT_WRITE, MAP_PRIVATE|MAP_ANONYMOUS, -1, 0) = 0x7f5da0d71000
2545  arch_prctl(ARCH_SET_FS, 0x7f5da0d71740) = 0
2545  set_tid_address(0x7f5da0d71a10)   = 2545
2545  set_robust_list(0x7f5da0d71a20, 24) = 0
2545  rseq(0x7f5da0d720e0, 0x20, 0, 0x53053053) = 0
2545  mprotect(0x7f5da0f8a000, 16384, PROT_READ) = 0
2545  mprotect(0x569366099000, 4096, PROT_READ) = 0
2545  mprotect(0x7f5da0fdf000, 8192, PROT_READ) = 0
2545  prlimit64(0, RLIMIT_STACK, NULL, {rlim_cur=8192*1024, rlim_max=RLIM64_INFINITY}) = 0
2545  munmap(0x7f5da0f9d000, 29392)     = 0
2545  execve("./fact", ["./fact", "3", "60480"], 0x7ffcdfc323e8 /* 18 vars */) = 0
2545  brk(NULL)                         = 0x593d19159000
2545  arch_prctl(0x3001 /* ARCH_??? */, 0x7ffc9fab8450) = -1 EINVAL (Invalid argument)
2545  mmap(NULL, 8192, PROT_READ|PROT_WRITE, MAP_PRIVATE|MAP_ANONYMOUS, -1, 0) = 0x7021fa15b000
2545  access("/etc/ld.so.preload", R_OK) = -1 ENOENT (No such file or directory)
2545  openat(AT_FDCWD, "/etc/ld.so.cache", O_RDONLY|O_CLOEXEC) = 3
2545  newfstatat(3, "", {st_mode=S_IFREG|0644, st_size=29392, ...}, AT_EMPTY_PATH) = 0
2545  mmap(NULL, 29392, PROT_READ, MAP_PRIVATE, 3, 0) = 0x7021fa153000
2545  close(3)                          = 0
2545  openat(AT_FDCWD, "/lib/x86_64-linux-gnu/libc.so.6", O_RDONLY|O_CLOEXEC) = 3
2545  read(3, "\177ELF\2\1\1\3\0\0\0\0\0\0\0\0\3\0>\0\1\0\0\0P\237\2\0\0\0\0\0"..., 832) = 832
2545  pread64(3, "\6\0\0\0\4\0\0\0@\0\0\0\0\0\0\0@\0\0\0\0\0\0\0@\0\0\0\0\0\0\0"..., 784, 64) = 784
2545  pread64(3, "\4\0\0\0 \0\0\0\5\0\0\0GNU\0\2\0\0\300\4\0\0\0\3\0\0\0\0\0\0\0"..., 48, 848) = 48
2545  pread64(3, "\4\0\0\0\24\0\0\0\3\0\0\0GNU\0\325\31p\226\367\t\200\30)\261\30\257\33|\366c"..., 68, 896) = 68
2545  newfstatat(3, "", {st_mode=S_IFREG|0755, st_size=2220400, ...}, AT_EMPTY_PATH) = 0
2545  pread64(3, "\6\0\0\0\4\0\0\0@\0\0\0\0\0\0\0@\0\0\0\0\0\0\0@\0\0\0\0\0\0\0"..., 784, 64) = 784
2545  mmap(NULL, 2264656, PROT_READ, MAP_PRIVATE|MAP_DENYWRITE, 3, 0) = 0x7021f9f2a000
2545  mprotect(0x7021f9f52000, 2023424, PROT_NONE) = 0
2545  mmap(0x7021f9f52000, 1658880, PROT_READ|PROT_EXEC, MAP_PRIVATE|MAP_FIXED|MAP_DENYWRITE, 3, 0x28000) = 0x7021f9f52000
2545  mmap(0x7021fa0e7000, 360448, PROT_READ, MAP_PRIVATE|MAP_FIXED|MAP_DENYWRITE, 3, 0x1bd000) = 0x7021fa0e7000
2545  mmap(0x7021fa140000, 24576, PROT_READ|PROT_WRITE, MAP_PRIVATE|MAP_FIXED|MAP_DENYWRITE, 3, 0x215000) = 0x7021fa140000
2545  mmap(0x7021fa146000, 52816, PROT_READ|PROT_WRITE, MAP_PRIVATE|MAP_FIXED|MAP_ANONYMOUS, -1, 0) = 0x7021fa146000
2545  close(3)                          = 0
2545  mmap(NULL, 12288, PROT_READ|PROT_WRITE, MAP_PRIVATE|MAP_ANONYMOUS, -1, 0) = 0x7021f9f27000
2545  arch_prctl(ARCH_SET_FS, 0x7021f9f27740) = 0
2545  set_tid_address(0x7021f9f27a10)   = 2545
2545  set_robust_list(0x7021f9f27a20, 24) = 0
2545  rseq(0x7021f9f280e0, 0x20, 0, 0x53053053) = 0
2545  mprotect(0x7021fa140000, 16384, PROT_READ) = 0
2545  mprotect(0x593cff125000, 4096, PROT_READ) = 0
2545  mprotect(0x7021fa195000, 8192, PROT_READ) = 0
2545  prlimit64(0, RLIMIT_STACK, NULL, {rlim_cur=8192*1024, rlim_max=RLIM64_INFINITY}) = 0
2545  munmap(0x7021fa153000, 29392)     = 0
2545  execve("./fact", ["./fact", "2", "181440"], 0x7ffc9fab8638 /* 18 vars */) = 0
2545  brk(NULL)                         = 0x5b9b37d45000
2545  arch_prctl(0x3001 /* ARCH_??? */, 0x7fff285d89c0) = -1 EINVAL (Invalid argument)
2545  mmap(NULL, 8192, PROT_READ|PROT_WRITE, MAP_PRIVATE|MAP_ANONYMOUS, -1, 0) = 0x72dd2191a000
2545  access("/etc/ld.so.preload", R_OK) = -1 ENOENT (No such file or directory)
2545  openat(AT_FDCWD, "/etc/ld.so.cache", O_RDONLY|O_CLOEXEC) = 3
2545  newfstatat(3, "", {st_mode=S_IFREG|0644, st_size=29392, ...}, AT_EMPTY_PATH) = 0
2545  mmap(NULL, 29392, PROT_READ, MAP_PRIVATE, 3, 0) = 0x72dd21912000
2545  close(3)                          = 0
2545  openat(AT_FDCWD, "/lib/x86_64-linux-gnu/libc.so.6", O_RDONLY|O_CLOEXEC) = 3
2545  read(3, "\177ELF\2\1\1\3\0\0\0\0\0\0\0\0\3\0>\0\1\0\0\0P\237\2\0\0\0\0\0"..., 832) = 832
2545  pread64(3, "\6\0\0\0\4\0\0\0@\0\0\0\0\0\0\0@\0\0\0\0\0\0\0@\0\0\0\0\0\0\0"..., 784, 64) = 784
2545  pread64(3, "\4\0\0\0 \0\0\0\5\0\0\0GNU\0\2\0\0\300\4\0\0\0\3\0\0\0\0\0\0\0"..., 48, 848) = 48
2545  pread64(3, "\4\0\0\0\24\0\0\0\3\0\0\0GNU\0\325\31p\226\367\t\200\30)\261\30\257\33|\366c"..., 68, 896) = 68
2545  newfstatat(3, "", {st_mode=S_IFREG|0755, st_size=2220400, ...}, AT_EMPTY_PATH) = 0
2545  pread64(3, "\6\0\0\0\4\0\0\0@\0\0\0\0\0\0\0@\0\0\0\0\0\0\0@\0\0\0\0\0\0\0"..., 784, 64) = 784
2545  mmap(NULL, 2264656, PROT_READ, MAP_PRIVATE|MAP_DENYWRITE, 3, 0) = 0x72dd216e9000
2545  mprotect(0x72dd21711000, 2023424, PROT_NONE) = 0
2545  mmap(0x72dd21711000, 1658880, PROT_READ|PROT_EXEC, MAP_PRIVATE|MAP_FIXED|MAP_DENYWRITE, 3, 0x28000) = 0x72dd21711000
2545  mmap(0x72dd218a6000, 360448, PROT_READ, MAP_PRIVATE|MAP_FIXED|MAP_DENYWRITE, 3, 0x1bd000) = 0x72dd218a6000
2545  mmap(0x72dd218ff000, 24576, PROT_READ|PROT_WRITE, MAP_PRIVATE|MAP_FIXED|MAP_DENYWRITE, 3, 0x215000) = 0x72dd218ff000
2545  mmap(0x72dd21905000, 52816, PROT_READ|PROT_WRITE, MAP_PRIVATE|MAP_FIXED|MAP_ANONYMOUS, -1, 0) = 0x72dd21905000
2545  close(3)                          = 0
2545  mmap(NULL, 12288, PROT_READ|PROT_WRITE, MAP_PRIVATE|MAP_ANONYMOUS, -1, 0) = 0x72dd216e6000
2545  arch_prctl(ARCH_SET_FS, 0x72dd216e6740) = 0
2545  set_tid_address(0x72dd216e6a10)   = 2545
2545  set_robust_list(0x72dd216e6a20, 24) = 0
2545  rseq(0x72dd216e70e0, 0x20, 0, 0x53053053) = 0
2545  mprotect(0x72dd218ff000, 16384, PROT_READ) = 0
2545  mprotect(0x5b9afe4b1000, 4096, PROT_READ) = 0
2545  mprotect(0x72dd21954000, 8192, PROT_READ) = 0
2545  prlimit64(0, RLIMIT_STACK, NULL, {rlim_cur=8192*1024, rlim_max=RLIM64_INFINITY}) = 0
2545  munmap(0x72dd21912000, 29392)     = 0
2545  execve("./fact", ["./fact", "1", "362880"], 0x7fff285d8ba8 /* 18 vars */) = 0
2545  brk(NULL)                         = 0x56739750a000
2545  arch_prctl(0x3001 /* ARCH_??? */, 0x7ffef25d4250) = -1 EINVAL (Invalid argument)
2545  mmap(NULL, 8192, PROT_READ|PROT_WRITE, MAP_PRIVATE|MAP_ANONYMOUS, -1, 0) = 0x7d77b3b7b000
2545  access("/etc/ld.so.preload", R_OK) = -1 ENOENT (No such file or directory)
2545  openat(AT_FDCWD, "/etc/ld.so.cache", O_RDONLY|O_CLOEXEC) = 3
2545  newfstatat(3, "", {st_mode=S_IFREG|0644, st_size=29392, ...}, AT_EMPTY_PATH) = 0
2545  mmap(NULL, 29392, PROT_READ, MAP_PRIVATE, 3, 0) = 0x7d77b3b73000
2545  close(3)                          = 0
2545  openat(AT_FDCWD, "/lib/x86_64-linux-gnu/libc.so.6", O_RDONLY|O_CLOEXEC) = 3
2545  read(3, "\177ELF\2\1\1\3\0\0\0\0\0\0\0\0\3\0>\0\1\0\0\0P\237\2\0\0\0\0\0"..., 832) = 832
2545  pread64(3, "\6\0\0\0\4\0\0\0@\0\0\0\0\0\0\0@\0\0\0\0\0\0\0@\0\0\0\0\0\0\0"..., 784, 64) = 784
2545  pread64(3, "\4\0\0\0 \0\0\0\5\0\0\0GNU\0\2\0\0\300\4\0\0\0\3\0\0\0\0\0\0\0"..., 48, 848) = 48
2545  pread64(3, "\4\0\0\0\24\0\0\0\3\0\0\0GNU\0\325\31p\226\367\t\200\30)\261\30\257\33|\366c"..., 68, 896) = 68
2545  newfstatat(3, "", {st_mode=S_IFREG|0755, st_size=2220400, ...}, AT_EMPTY_PATH) = 0
2545  pread64(3, "\6\0\0\0\4\0\0\0@\0\0\0\0\0\0\0@\0\0\0\0\0\0\0@\0\0\0\0\0\0\0"..., 784, 64) = 784
2545  mmap(NULL, 2264656, PROT_READ, MAP_PRIVATE|MAP_DENYWRITE, 3, 0) = 0x7d77b394a000
2545  mprotect(0x7d77b3972000, 2023424, PROT_NONE) = 0
2545  mmap(0x7d77b3972000, 1658880, PROT_READ|PROT_EXEC, MAP_PRIVATE|MAP_FIXED|MAP_DENYWRITE, 3, 0x28000) = 0x7d77b3972000
2545  mmap(0x7d77b3b07000, 360448, PROT_READ, MAP_PRIVATE|MAP_FIXED|MAP_DENYWRITE, 3, 0x1bd000) = 0x7d77b3b07000
2545  mmap(0x7d77b3b60000, 24576, PROT_READ|PROT_WRITE, MAP_PRIVATE|MAP_FIXED|MAP_DENYWRITE, 3, 0x215000) = 0x7d77b3b60000
2545  mmap(0x7d77b3b66000, 52816, PROT_READ|PROT_WRITE, MAP_PRIVATE|MAP_FIXED|MAP_ANONYMOUS, -1, 0) = 0x7d77b3b66000
2545  close(3)                          = 0
2545  mmap(NULL, 12288, PROT_READ|PROT_WRITE, MAP_PRIVATE|MAP_ANONYMOUS, -1, 0) = 0x7d77b3947000
2545  arch_prctl(ARCH_SET_FS, 0x7d77b3947740) = 0
2545  set_tid_address(0x7d77b3947a10)   = 2545
2545  set_robust_list(0x7d77b3947a20, 24) = 0
2545  rseq(0x7d77b39480e0, 0x20, 0, 0x53053053) = 0
2545  mprotect(0x7d77b3b60000, 16384, PROT_READ) = 0
2545  mprotect(0x56736ee27000, 4096, PROT_READ) = 0
2545  mprotect(0x7d77b3bb5000, 8192, PROT_READ) = 0
2545  prlimit64(0, RLIMIT_STACK, NULL, {rlim_cur=8192*1024, rlim_max=RLIM64_INFINITY}) = 0
2545  munmap(0x7d77b3b73000, 29392)     = 0
2545  newfstatat(1, "", {st_mode=S_IFIFO|0600, st_size=0, ...}, AT_EMPTY_PATH) = 0
2545  getrandom("\x4b\x5b\xa2\xaf\x45\x09\xb1\xe2", 8, GRND_NONBLOCK) = 8
2545  brk(NULL)                         = 0x56739750a000
2545  brk(0x56739752b000)               = 0x56739752b000
2545  write(1, "362880", 6)             = 6
2545  exit_group(0)                     = ?
2545  +++ exited with 0 +++
