2428  execve("./pprime", ["./pprime", "500", "1"], 0x7fffe2541d08 /* 18 vars */) = 0
2428  brk(NULL)                         = 0x5ef8e4d6a000
2428  arch_prctl(0x3001 /* ARCH_??? */, 0x7ffe647b2650) = -1 EINVAL (Invalid argument)
2428  mmap(NULL, 8192, PROT_READ|PROT_WRITE, MAP_PRIVATE|MAP_ANONYMOUS, -1, 0) = 0x762d10925000
2428  access("/etc/ld.so.preload", R_OK) = -1 ENOENT (No such file or directory)
2428  openat(AT_FDCWD, "/etc/ld.so.cache", O_RDONLY|O_CLOEXEC) = 3
2428  newfstatat(3, "", {st_mode=S_IFREG|0644, st_size=29392, ...}, AT_EMPTY_PATH) = 0
2428  mmap(NULL, 29392, PROT_READ, MAP_PRIVATE, 3, 0) = 0x762d1091d000
2428  close(3)                          = 0
2428  openat(AT_FDCWD, "/lib/x86_64-linux-gnu/libm.so.6", O_RDONLY|O_CLOEXEC) = 3
2428  read(3, "\177ELF\2\1\1\3\0\0\0\0\0\0\0\0\3\0>\0\1\0\0\0\0\0\0\0\0\0\0\0"..., 832) = 832
2428  newfstatat(3, "", {st_mode=S_IFREG|0644, st_size=940560, ...}, AT_EMPTY_PATH) = 0
2428  mmap(NULL, 942344, PROT_READ, MAP_PRIVATE|MAP_DENYWRITE, 3, 0) = 0x762d10836000
2428  mmap(0x762d10844000, 507904, PROT_READ|PROT_EXEC, MAP_PRIVATE|MAP_FIXED|MAP_DENYWRITE, 3, 0xe000) = 0x762d10844000
2428  mmap(0x762d108c0000, 372736, PROT_READ, MAP_PRIVATE|MAP_FIXED|MAP_DENYWRITE, 3, 0x8a000) = 0x762d108c0000
2428  mmap(0x762d1091b000, 8192, PROT_READ|PROT_WRITE, MAP_PRIVATE|MAP_FIXED|MAP_DENYWRITE, 3, 0xe4000) = 0x762d1091b000
2428  close(3)                          = 0
2428  openat(AT_FDCWD, "/lib/x86_64-linux-gnu/libc.so.6", O_RDONLY|O_CLOEXEC) = 3
2428  read(3, "\177ELF\2\1\1\3\0\0\0\0\0\0\0\0\3\0>\0\1\0\0\0P\237\2\0\0\0\0\0"..., 832) = 832
2428  pread64(3, "\6\0\0\0\4\0\0\0@\0\0\0\0\0\0\0@\0\0\0\0\0\0\0@\0\0\0\0\0\0\0"..., 784, 64) = 784
2428  pread64(3, "\4\0\0\0 \0\0\0\5\0\0\0GNU\0\2\0\0\300\4\0\0\0\3\0\0\0\0\0\0\0"..., 48, 848) = 48
2428  pread64(3, "\4\0\0\0\24\0\0\0\3\0\0\0GNU\0\325\31p\226\367\t\200\30)\261\30\257\33|\366c"..., 68, 896) = 68
2428  newfstatat(3, "", {st_mode=S_IFREG|0755, st_size=2220400, ...}, AT_EMPTY_PATH) = 0
2428  pread64(3, "\6\0\0\0\4\0\0\0@\0\0\0\0\0\0\0@\0\0\0\0\0\0\0@\0\0\0\0\0\0\0"..., 784, 64) = 784
2428  mmap(NULL, 2264656, PROT_READ, MAP_PRIVATE|MAP_DENYWRITE, 3, 0) = 0x762d1060d000
2428  mprotect(0x762d10635000, 2023424, PROT_NONE) = 0
2428  mmap(0x762d10635000, 1658880, PROT_READ|PROT_EXEC, MAP_PRIVATE|MAP_FIXED|MAP_DENYWRITE, 3, 0x28000) = 0x762d10635000
2428  mmap(0x762d107ca000, 360448, PROT_READ, MAP_PRIVATE|MAP_FIXED|MAP_DENYWRITE, 3, 0x1bd000) = 0x762d107ca000
2428  mmap(0x762d10823000, 24576, PROT_READ|PROT_WRITE, MAP_PRIVATE|MAP_FIXED|MAP_DENYWRITE, 3, 0x215000) = 0x762d10823000
2428  mmap(0x762d10829000, 52816, PROT_READ|PROT_WRITE, MAP_PRIVATE|MAP_FIXED|MAP_ANONYMOUS, -1, 0) = 0x762d10829000
2428  close(3)                          = 0
2428  mmap(NULL, 12288, PROT_READ|PROT_WRITE, MAP_PRIVATE|MAP_ANONYMOUS, -1, 0) = 0x762d1060a000
2428  arch_prctl(ARCH_SET_FS, 0x762d1060a740) = 0
2428  set_tid_address(0x762d1060aa10)   = 2428
2428  set_robust_list(0x762d1060aa20, 24) = 0
2428  rseq(0x762d1060b0e0, 0x20, 0, 0x53053053) = 0
2428  mprotect(0x762d10823000, 16384, PROT_READ) = 0
2428  mprotect(0x762d1091b000, 4096, PROT_READ) = 0
2428  mprotect(0x5ef8de281000, 4096, PROT_READ) = 0
2428  mprotect(0x762d1095f000, 8192, PROT_READ) = 0
2428  prlimit64(0, RLIMIT_STACK, NULL, {rlim_cur=8192*1024, rlim_max=RLIM64_INFINITY}) = 0
2428  munmap(0x762d1091d000, 29392)     = 0
2428  clone(child_stack=NULL, flags=CLONE_CHILD_CLEARTID|CLONE_CHILD_SETTID|SIGCHLD, child_tidptr=0x762d1060aa10) = 2429
2428  clone(child_stack=NULL, flags=CLONE_CHILD_CLEARTID|CLONE_CHILD_SETTID|SIGCHLD <unfinished ...>
2429  set_robust_list(0x762d1060aa20, 24 <unfinished ...>
2428  <... clone resumed>, child_tidptr=0x762d1060aa10) = 2430
2428  wait4(-1,  <unfinished ...>
2429  <... set_robust_list resumed>)    = 0
2430  set_robust_list(0x762d1060aa20, 24) = 0
2429  exit_group(53)                    = ?
2430  exit_group(42 <unfinished ...>
2429  +++ exited with 53 +++
2428  <... wait4 resumed>[{WIFEXITED(s) && WEXITSTATUS(s) == 53}], 0, NULL) = 2429
2428  --- SIGCHLD {si_signo=SIGCHLD, si_code=CLD_EXITED, si_pid=2429, si_uid=1000, si_status=53, si_utime=0, si_stime=0} ---
2430  <... exit_group resumed>)         = ?
2428  wait4(-1,  <unfinished ...>
2430  +++ exited with 42 +++
2428  <... wait4 resumed>[{WIFEXITED(s) && WEXITSTATUS(s) == 42}], 0, NULL) = 2430
2428  --- SIGCHLD {si_signo=SIGCHLD, si_code=CLD_EXITED, si_pid=2430, si_uid=1000, si_status=42, si_utime=0, si_stime=0} ---
2428  newfstatat(1, "", {st_mode=S_IFREG|0664, st_size=0, ...}, AT_EMPTY_PATH) = 0
2428  getrandom("\x29\x7f\x4d\x28\xbc\x17\x90\x31", 8, GRND_NONBLOCK) = 8
2428  brk(NULL)                         = 0x5ef8e4d6a000
2428  brk(0x5ef8e4d8b000)               = 0x5ef8e4d8b000
2428  write(1, "Testcase 1 Expected: 95 Output: "..., 70) = 70
2428  exit_group(0)                     = ?
2428  +++ exited with 0 +++
