2440  execve("./pprime", ["./pprime", "5000", "2"], 0x7ffc05660cf8 /* 18 vars */) = 0
2440  brk(NULL)                         = 0x5586db8e8000
2440  arch_prctl(0x3001 /* ARCH_??? */, 0x7ffcdd9a26f0) = -1 EINVAL (Invalid argument)
2440  mmap(NULL, 8192, PROT_READ|PROT_WRITE, MAP_PRIVATE|MAP_ANONYMOUS, -1, 0) = 0x741c1516f000
2440  access("/etc/ld.so.preload", R_OK) = -1 ENOENT (No such file or directory)
2440  openat(AT_FDCWD, "/etc/ld.so.cache", O_RDONLY|O_CLOEXEC) = 3
2440  newfstatat(3, "", {st_mode=S_IFREG|0644, st_size=29392, ...}, AT_EMPTY_PATH) = 0
2440  mmap(NULL, 29392, PROT_READ, MAP_PRIVATE, 3, 0) = 0x741c15167000
2440  close(3)                          = 0
2440  openat(AT_FDCWD, "/lib/x86_64-linux-gnu/libm.so.6", O_RDONLY|O_CLOEXEC) = 3
2440  read(3, "\177ELF\2\1\1\3\0\0\0\0\0\0\0\0\3\0>\0\1\0\0\0\0\0\0\0\0\0\0\0"..., 832) = 832
2440  newfstatat(3, "", {st_mode=S_IFREG|0644, st_size=940560, ...}, AT_EMPTY_PATH) = 0
2440  mmap(NULL, 942344, PROT_READ, MAP_PRIVATE|MAP_DENYWRITE, 3, 0) = 0x741c15080000
2440  mmap(0x741c1508e000, 507904, PROT_READ|PROT_EXEC, MAP_PRIVATE|MAP_FIXED|MAP_DENYWRITE, 3, 0xe000) = 0x741c1508e000
2440  mmap(0x741c1510a000, 372736, PROT_READ, MAP_PRIVATE|MAP_FIXED|MAP_DENYWRITE, 3, 0x8a000) = 0x741c1510a000
2440  mmap(0x741c15165000, 8192, PROT_READ|PROT_WRITE, MAP_PRIVATE|MAP_FIXED|MAP_DENYWRITE, 3, 0xe4000) = 0x741c15165000
2440  close(3)                          = 0
2440  openat(AT_FDCWD, "/lib/x86_64-linux-gnu/libc.so.6", O_RDONLY|O_CLOEXEC) = 3
2440  read(3, "\177ELF\2\1\1\3\0\0\0\0\0\0\0\0\3\0>\0\1\0\0\0P\237\2\0\0\0\0\0"..., 832) = 832
2440  pread64(3, "\6\0\0\0\4\0\0\0@\0\0\0\0\0\0\0@\0\0\0\0\0\0\0@\0\0\0\0\0\0\0"..., 784, 64) = 784
2440  pread64(3, "\4\0\0\0 \0\0\0\5\0\0\0GNU\0\2\0\0\300\4\0\0\0\3\0\0\0\0\0\0\0"..., 48, 848) = 48
2440  pread64(3, "\4\0\0\0\24\0\0\0\3\0\0\0GNU\0\325\31p\226\367\t\200\30)\261\30\257\33|\366c"..., 68, 896) = 68
2440  newfstatat(3, "", {st_mode=S_IFREG|0755, st_size=2220400, ...}, AT_EMPTY_PATH) = 0
2440  pread64(3, "\6\0\0\0\4\0\0\0@\0\0\0\0\0\0\0@\0\0\0\0\0\0\0@\0\0\0\0\0\0\0"..., 784, 64) = 784
2440  mmap(NULL, 2264656, PROT_READ, MAP_PRIVATE|MAP_DENYWRITE, 3, 0) = 0x741c14e57000
2440  mprotect(0x741c14e7f000, 2023424, PROT_NONE) = 0
2440  mmap(0x741c14e7f000, 1658880, PROT_READ|PROT_EXEC, MAP_PRIVATE|MAP_FIXED|MAP_DENYWRITE, 3, 0x28000) = 0x741c14e7f000
2440  mmap(0x741c15014000, 360448, PROT_READ, MAP_PRIVATE|MAP_FIXED|MAP_DENYWRITE, 3, 0x1bd000) = 0x741c15014000
2440  mmap(0x741c1506d000, 24576, PROT_READ|PROT_WRITE, MAP_PRIVATE|MAP_FIXED|MAP_DENYWRITE, 3, 0x215000) = 0x741c1506d000
2440  mmap(0x741c15073000, 52816, PROT_READ|PROT_WRITE, MAP_PRIVATE|MAP_FIXED|MAP_ANONYMOUS, -1, 0) = 0x741c15073000
2440  close(3)                          = 0
2440  mmap(NULL, 12288, PROT_READ|PROT_WRITE, MAP_PRIVATE|MAP_ANONYMOUS, -1, 0) = 0x741c14e54000
2440  arch_prctl(ARCH_SET_FS, 0x741c14e54740) = 0
2440  set_tid_address(0x741c14e54a10)   = 2440
2440  set_robust_list(0x741c14e54a20, 24) = 0
2440  rseq(0x741c14e550e0, 0x20, 0, 0x53053053) = 0
2440  mprotect(0x741c1506d000, 16384, PROT_READ) = 0
2440  mprotect(0x741c15165000, 4096, PROT_READ) = 0
2440  mprotect(0x5586bd4d8000, 4096, PROT_READ) = 0
2440  mprotect(0x741c151a9000, 8192, PROT_READ) = 0
2440  prlimit64(0, RLIMIT_STACK, NULL, {rlim_cur=8192*1024, rlim_max=RLIM64_INFINITY}) = 0
2440  munmap(0x741c15167000, 29392)     = 0
2440  clone(child_stack=NULL, flags=CLONE_CHILD_CLEARTID|CLONE_CHILD_SETTID|SIGCHLD, child_tidptr=0x741c14e54a10) = 2441
2440  clone(child_stack=NULL, flags=CLONE_CHILD_CLEARTID|CLONE_CHILD_SETTID|SIGCHLD <unfinished ...>
2441  set_robust_list(0x741c14e54a20, 24 <unfinished ...>
2440  <... clone resumed>, child_tidptr=0x741c14e54a10) = 2442
2440  wait4(-1,  <unfinished ...>
2441  <... set_robust_list resumed>)    = 0
2442  set_robust_list(0x741c14e54a20, 24) = 0
2441  exit_group(367)                   = ?
2441  +++ exited with 111 +++
2440  <... wait4 resumed>[{WIFEXITED(s) && WEXITSTATUS(s) == 111}], 0, NULL) = 2441
2440  --- SIGCHLD {si_signo=SIGCHLD, si_code=CLD_EXITED, si_pid=2441, si_uid=1000, si_status=111, si_utime=0, si_stime=0} ---
2440  wait4(-1,  <unfinished ...>
2442  exit_group(302)                   = ?
2442  +++ exited with 46 +++
2440  <... wait4 resumed>[{WIFEXITED(s) && WEXITSTATUS(s) == 46}], 0, NULL) = 2442
2440  --- SIGCHLD {si_signo=SIGCHLD, si_code=CLD_EXITED, si_pid=2442, si_uid=1000, si_status=46, si_utime=0, si_stime=0} ---
2440  newfstatat(1, "", {st_mode=S_IFREG|0664, st_size=70, ...}, AT_EMPTY_PATH) = 0
2440  getrandom("\x84\x35\x79\x64\x47\x0f\xa1\x56", 8, GRND_NONBLOCK) = 8
2440  brk(NULL)                         = 0x5586db8e8000
2440  brk(0x5586db909000)               = 0x5586db909000
2440  write(1, "Testcase 2 Expected: 157 Output:"..., 72) = 72
2440  exit_group(0)                     = ?
2440  +++ exited with 0 +++
