2452  execve("./pprime", ["./pprime", "50000", "3"], 0x7ffe9af96bb8 /* 18 vars */) = 0
2452  brk(NULL)                         = 0x5fbba807f000
2452  arch_prctl(0x3001 /* ARCH_??? */, 0x7ffe5dad2090) = -1 EINVAL (Invalid argument)
2452  mmap(NULL, 8192, PROT_READ|PROT_WRITE, MAP_PRIVATE|MAP_ANONYMOUS, -1, 0) = 0x7627377eb000
2452  access("/etc/ld.so.preload", R_OK) = -1 ENOENT (No such file or directory)
2452  openat(AT_FDCWD, "/etc/ld.so.cache", O_RDONLY|O_CLOEXEC) = 3
2452  newfstatat(3, "", {st_mode=S_IFREG|0644, st_size=29392, ...}, AT_EMPTY_PATH) = 0
2452  mmap(NULL, 29392, PROT_READ, MAP_PRIVATE, 3, 0) = 0x7627377e3000
2452  close(3)                          = 0
2452  openat(AT_FDCWD, "/lib/x86_64-linux-gnu/libm.so.6", O_RDONLY|O_CLOEXEC) = 3
2452  read(3, "\177ELF\2\1\1\3\0\0\0\0\0\0\0\0\3\0>\0\1\0\0\0\0\0\0\0\0\0\0\0"..., 832) = 832
2452  newfstatat(3, "", {st_mode=S_IFREG|0644, st_size=940560, ...}, AT_EMPTY_PATH) = 0
2452  mmap(NULL, 942344, PROT_READ, MAP_PRIVATE|MAP_DENYWRITE, 3, 0) = 0x7627376fc000
2452  mmap(0x76273770a000, 507904, PROT_READ|PROT_EXEC, MAP_PRIVATE|MAP_FIXED|MAP_DENYWRITE, 3, 0xe000) = 0x76273770a000
2452  mmap(0x762737786000, 372736, PROT_READ, MAP_PRIVATE|MAP_FIXED|MAP_DENYWRITE, 3, 0x8a000) = 0x762737786000
2452  mmap(0x7627377e1000, 8192, PROT_READ|PROT_WRITE, MAP_PRIVATE|MAP_FIXED|MAP_DENYWRITE, 3, 0xe4000) = 0x7627377e1000
2452  close(3)                          = 0
2452  openat(AT_FDCWD, "/lib/x86_64-linux-gnu/libc.so.6", O_RDONLY|O_CLOEXEC) = 3
2452  read(3, "\177ELF\2\1\1\3\0\0\0\0\0\0\0\0\3\0>\0\1\0\0\0P\237\2\0\0\0\0\0"..., 832) = 832
2452  pread64(3, "\6\0\0\0\4\0\0\0@\0\0\0\0\0\0\0@\0\0\0\0\0\0\0@\0\0\0\0\0\0\0"..., 784, 64) = 784
2452  pread64(3, "\4\0\0\0 \0\0\0\5\0\0\0GNU\0\2\0\0\300\4\0\0\0\3\0\0\0\0\0\0\0"..., 48, 848) = 48
2452  pread64(3, "\4\0\0\0\24\0\0\0\3\0\0\0GNU\0\325\31p\226\367\t\200\30)\261\30\257\33|\366c"..., 68, 896) = 68
2452  newfstatat(3, "", {st_mode=S_IFREG|0755, st_size=2220400, ...}, AT_EMPTY_PATH) = 0
2452  pread64(3, "\6\0\0\0\4\0\0\0@\0\0\0\0\0\0\0@\0\0\0\0\0\0\0@\0\0\0\0\0\0\0"..., 784, 64) = 784
2452  mmap(NULL, 2264656, PROT_READ, MAP_PRIVATE|MAP_DENYWRITE, 3, 0) = 0x7627374d3000
2452  mprotect(0x7627374fb000, 2023424, PROT_NONE) = 0
2452  mmap(0x7627374fb000, 1658880, PROT_READ|PROT_EXEC, MAP_PRIVATE|MAP_FIXED|MAP_DENYWRITE, 3, 0x28000) = 0x7627374fb000
2452  mmap(0x762737690000, 360448, PROT_READ, MAP_PRIVATE|MAP_FIXED|MAP_DENYWRITE, 3, 0x1bd000) = 0x762737690000
2452  mmap(0x7627376e9000, 24576, PROT_READ|PROT_WRITE, MAP_PRIVATE|MAP_FIXED|MAP_DENYWRITE, 3, 0x215000) = 0x7627376e9000
2452  mmap(0x7627376ef000, 52816, PROT_READ|PROT_WRITE, MAP_PRIVATE|MAP_FIXED|MAP_ANONYMOUS, -1, 0) = 0x7627376ef000
2452  close(3)                          = 0
2452  mmap(NULL, 12288, PROT_READ|PROT_WRITE, MAP_PRIVATE|MAP_ANONYMOUS, -1, 0) = 0x7627374d0000
2452  arch_prctl(ARCH_SET_FS, 0x7627374d0740) = 0
2452  set_tid_address(0x7627374d0a10)   = 2452
2452  set_robust_list(0x7627374d0a20, 24) = 0
2452  rseq(0x7627374d10e0, 0x20, 0, 0x53053053) = 0
2452  mprotect(0x7627376e9000, 16384, PROT_READ) = 0
2452  mprotect(0x7627377e1000, 4096, PROT_READ) = 0
2452  mprotect(0x5fbba0496000, 4096, PROT_READ) = 0
2452  mprotect(0x762737825000, 8192, PROT_READ) = 0
2452  prlimit64(0, RLIMIT_STACK, NULL, {rlim_cur=8192*1024, rlim_max=RLIM64_INFINITY}) = 0
2452  munmap(0x7627377e3000, 29392)     = 0
2452  clone(child_stack=NULL, flags=CLONE_CHILD_CLEARTID|CLONE_CHILD_SETTID|SIGCHLD, child_tidptr=0x7627374d0a10) = 2453
2452  clone(child_stack=NULL, flags=CLONE_CHILD_CLEARTID|CLONE_CHILD_SETTID|SIGCHLD <unfinished ...>
2453  set_robust_list(0x7627374d0a20, 24 <unfinished ...>
2452  <... clone resumed>, child_tidptr=0x7627374d0a10) = 2454
2452  wait4(-1,  <unfinished ...>
2453  <... set_robust_list resumed>)    = 0
2454  set_robust_list(0x7627374d0a20, 24) = 0
2453  exit_group(2762)                  = ?
2453  +++ exited with 202 +++
2452  <... wait4 resumed>[{WIFEXITED(s) && WEXITSTATUS(s) == 202}], 0, NULL) = 2453
2452  --- SIGCHLD {si_signo=SIGCHLD, si_code=CLD_EXITED, si_pid=2453, si_uid=1000, si_status=202, si_utime=0, si_stime=0} ---
2452  wait4(-1,  <unfinished ...>
2454  exit_group(2371)                  = ?
2454  +++ exited with 67 +++
2452  <... wait4 resumed>[{WIFEXITED(s) && WEXITSTATUS(s) == 67}], 0, NULL) = 2454
2452  --- SIGCHLD {si_signo=SIGCHLD, si_code=CLD_EXITED, si_pid=2454, si_uid=1000, si_status=67, si_utime=0, si_stime=0} ---
2452  newfstatat(1, "", {st_mode=S_IFREG|0664, st_size=142, ...}, AT_EMPTY_PATH) = 0
2452  getrandom("\x82\x48\x0b\xb2\x9e\x09\x48\xdb", 8, GRND_NONBLOCK) = 8
2452  brk(NULL)                         = 0x5fbba807f000
2452  brk(0x5fbba80a0000)               = 0x5fbba80a0000
2452  write(1, "Testcase 3 Expected: 13 Output: "..., 72) = 72
2452  exit_group(0)                     = ?
2452  +++ exited with 0 +++
