2464  execve("./pprime", ["./pprime", "500000", "4"], 0x7ffc39b59318 /* 18 vars */) = 0
2464  brk(NULL)                         = 0x636d60550000
2464  arch_prctl(0x3001 /* ARCH_??? */, 0x7ffdb2819840) = -1 EINVAL (Invalid argument)
2464  mmap(NULL, 8192, PROT_READ|PROT_WRITE, MAP_PRIVATE|MAP_ANONYMOUS, -1, 0) = 0x7bf946d6b000
2464  access("/etc/ld.so.preload", R_OK) = -1 ENOENT (No such file or directory)
2464  openat(AT_FDCWD, "/etc/ld.so.cache", O_RDONLY|O_CLOEXEC) = 3
2464  newfstatat(3, "", {st_mode=S_IFREG|0644, st_size=29392, ...}, AT_EMPTY_PATH) = 0
2464  mmap(NULL, 29392, PROT_READ, MAP_PRIVATE, 3, 0) = 0x7bf946d63000
2464  close(3)                          = 0
2464  openat(AT_FDCWD, "/lib/x86_64-linux-gnu/libm.so.6", O_RDONLY|O_CLOEXEC) = 3
2464  read(3, "\177ELF\2\1\1\3\0\0\0\0\0\0\0\0\3\0>\0\1\0\0\0\0\0\0\0\0\0\0\0"..., 832) = 832
2464  newfstatat(3, "", {st_mode=S_IFREG|0644, st_size=940560, ...}, AT_EMPTY_PATH) = 0
2464  mmap(NULL, 942344, PROT_READ, MAP_PRIVATE|MAP_DENYWRITE, 3, 0) = 0x7bf946c7c000
2464  mmap(0x7bf946c8a000, 507904, PROT_READ|PROT_EXEC, MAP_PRIVATE|MAP_FIXED|MAP_DENYWRITE, 3, 0xe000) = 0x7bf946c8a000
2464  mmap(0x7bf946d06000, 372736, PROT_READ, MAP_PRIVATE|MAP_FIXED|MAP_DENYWRITE, 3, 0x8a000) = 0x7bf946d06000
2464  mmap(0x7bf946d61000, 8192, PROT_READ|PROT_WRITE, MAP_PRIVATE|MAP_FIXED|MAP_DENYWRITE, 3, 0xe4000) = 0x7bf946d61000
2464  close(3)                          = 0
2464  openat(AT_FDCWD, "/lib/x86_64-linux-gnu/libc.so.6", O_RDONLY|O_CLOEXEC) = 3
2464  read(3, "\177ELF\2\1\1\3\0\0\0\0\0\0\0\0\3\0>\0\1\0\0\0P\237\2\0\0\0\0\0"..., 832) = 832
2464  pread64(3, "\6\0\0\0\4\0\0\0@\0\0\0\0\0\0\0@\0\0\0\0\0\0\0@\0\0\0\0\0\0\0"..., 784, 64) = 784
2464  pread64(3, "\4\0\0\0 \0\0\0\5\0\0\0GNU\0\2\0\0\300\4\0\0\0\3\0\0\0\0\0\0\0"..., 48, 848) = 48
2464  pread64(3, "\4\0\0\0\24\0\0\0\3\0\0\0GNU\0\325\31p\226\367\t\200\30)\261\30\257\33|\366c"..., 68, 896) = 68
2464  newfstatat(3, "", {st_mode=S_IFREG|0755, st_size=2220400, ...}, AT_EMPTY_PATH) = 0
2464  pread64(3, "\6\0\0\0\4\0\0\0@\0\0\0\0\0\0\0@\0\0\0\0\0\0\0@\0\0\0\0\0\0\0"..., 784, 64) = 784
2464  mmap(NULL, 2264656, PROT_READ, MAP_PRIVATE|MAP_DENYWRITE, 3, 0) = 0x7bf946a53000
2464  mprotect(0x7bf946a7b000, 2023424, PROT_NONE) = 0
2464  mmap(0x7bf946a7b000, 1658880, PROT_READ|PROT_EXEC, MAP_PRIVATE|MAP_FIXED|MAP_DENYWRITE, 3, 0x28000) = 0x7bf946a7b000
2464  mmap(0x7bf946c10000, 360448, PROT_READ, MAP_PRIVATE|MAP_FIXED|MAP_DENYWRITE, 3, 0x1bd000) = 0x7bf946c10000
2464  mmap(0x7bf946c69000, 24576, PROT_READ|PROT_WRITE, MAP_PRIVATE|MAP_FIXED|MAP_DENYWRITE, 3, 0x215000) = 0x7bf946c69000
2464  mmap(0x7bf946c6f000, 52816, PROT_READ|PROT_WRITE, MAP_PRIVATE|MAP_FIXED|MAP_ANONYMOUS, -1, 0) = 0x7bf946c6f000
2464  close(3)                          = 0
2464  mmap(NULL, 12288, PROT_READ|PROT_WRITE, MAP_PRIVATE|MAP_ANONYMOUS, -1, 0) = 0x7bf946a50000
2464  arch_prctl(ARCH_SET_FS, 0x7bf946a50740) = 0
2464  set_tid_address(0x7bf946a50a10)   = 2464
2464  set_robust_list(0x7bf946a50a20, 24) = 0
2464  rseq(0x7bf946a510e0, 0x20, 0, 0x53053053) = 0
2464  mprotect(0x7bf946c69000, 16384, PROT_READ) = 0
2464  mprotect(0x7bf946d61000, 4096, PROT_READ) = 0
2464  mprotect(0x636d38a7f000, 4096, PROT_READ) = 0
2464  mprotect(0x7bf946da5000, 8192, PROT_READ) = 0
2464  prlimit64(0, RLIMIT_STACK, NULL, {rlim_cur=8192*1024, rlim_max=RLIM64_INFINITY}) = 0
2464  munmap(0x7bf946d63000, 29392)     = 0
2464  clone(child_stack=NULL, flags=CLONE_CHILD_CLEARTID|CLONE_CHILD_SETTID|SIGCHLD, child_tidptr=0x7bf946a50a10) = 2465
2464  clone(child_stack=NULL, flags=CLONE_CHILD_CLEARTID|CLONE_CHILD_SETTID|SIGCHLD <unfinished ...>
2465  set_robust_list(0x7bf946a50a20, 24) = 0
2464  <... clone resumed>, child_tidptr=0x7bf946a50a10) = 2466
2464  wait4(-1,  <unfinished ...>
2466  set_robust_list(0x7bf946a50a20, 24) = 0
2465  exit_group(22044)                 = ?
2465  +++ exited with 28 +++
2464  <... wait4 resumed>[{WIFEXITED(s) && WEXITSTATUS(s) == 28}], 0, NULL) = 2465
2464  --- SIGCHLD {si_signo=SIGCHLD, si_code=CLD_EXITED, si_pid=2465, si_uid=1000, si_status=28, si_utime=6, si_stime=0} ---
2464  wait4(-1,  <unfinished ...>
2466  exit_group(19494)                 = ?
2466  +++ exited with 38 +++
2464  <... wait4 resumed>[{WIFEXITED(s) && WEXITSTATUS(s) == 38}], 0, NULL) = 2466
2464  --- SIGCHLD {si_signo=SIGCHLD, si_code=CLD_EXITED, si_pid=2466, si_uid=1000, si_status=38, si_utime=10, si_stime=0} ---
2464  newfstatat(1, "", {st_mode=S_IFREG|0664, st_size=214, ...}, AT_EMPTY_PATH) = 0
2464  getrandom("\x6e\x0c\x28\x4a\xc5\x4c\x21\x2b", 8, GRND_NONBLOCK) = 8
2464  brk(NULL)                         = 0x636d60550000
2464  brk(0x636d60571000)               = 0x636d60571000
2464  write(1, "Testcase 4 Expected: 66 Output: "..., 76) = 76
2464  exit_group(0)                     = ?
2464  +++ exited with 0 +++
