2476  execve("./pprime", ["./pprime", "5000000", "5"], 0x7ffdb89edbc8 /* 18 vars */) = 0
2476  brk(NULL)                         = 0x606da39e4000
2476  arch_prctl(0x3001 /* ARCH_??? */, 0x7ffe36f00f00) = -1 EINVAL (Invalid argument)
2476  mmap(NULL, 8192, PROT_READ|PROT_WRITE, MAP_PRIVATE|MAP_ANONYMOUS, -1, 0) = 0x73060b341000
2476  access("/etc/ld.so.preload", R_OK) = -1 ENOENT (No such file or directory)
2476  openat(AT_FDCWD, "/etc/ld.so.cache", O_RDONLY|O_CLOEXEC) = 3
2476  newfstatat(3, "", {st_mode=S_IFREG|0644, st_size=29392, ...}, AT_EMPTY_PATH) = 0
2476  mmap(NULL, 29392, PROT_READ, MAP_PRIVATE, 3, 0) = 0x73060b339000
2476  close(3)                          = 0
2476  openat(AT_FDCWD, "/lib/x86_64-linux-gnu/libm.so.6", O_RDONLY|O_CLOEXEC) = 3
2476  read(3, "\177ELF\2\1\1\3\0\0\0\0\0\0\0\0\3\0>\0\1\0\0\0\0\0\0\0\0\0\0\0"..., 832) = 832
2476  newfstatat(3, "", {st_mode=S_IFREG|0644, st_size=940560, ...}, AT_EMPTY_PATH) = 0
2476  mmap(NULL, 942344, PROT_READ, MAP_PRIVATE|MAP_DENYWRITE, 3, 0) = 0x73060b252000
2476  mmap(0x73060b260000, 507904, PROT_READ|PROT_EXEC, MAP_PRIVATE|MAP_FIXED|MAP_DENYWRITE, 3, 0xe000) = 0x73060b260000
2476  mmap(0x73060b2dc000, 372736, PROT_READ, MAP_PRIVATE|MAP_FIXED|MAP_DENYWRITE, 3, 0x8a000) = 0x73060b2dc000
2476  mmap(0x73060b337000, 8192, PROT_READ|PROT_WRITE, MAP_PRIVATE|MAP_FIXED|MAP_DENYWRITE, 3, 0xe4000) = 0x73060b337000
2476  close(3)                          = 0
2476  openat(AT_FDCWD, "/lib/x86_64-linux-gnu/libc.so.6", O_RDONLY|O_CLOEXEC) = 3
2476  read(3, "\177ELF\2\1\1\3\0\0\0\0\0\0\0\0\3\0>\0\1\0\0\0P\237\2\0\0\0\0\0"..., 832) = 832
2476  pread64(3, "\6\0\0\0\4\0\0\0@\0\0\0\0\0\0\0@\0\0\0\0\0\0\0@\0\0\0\0\0\0\0"..., 784, 64) = 784
2476  pread64(3, "\4\0\0\0 \0\0\0\5\0\0\0GNU\0\2\0\0\300\4\0\0\0\3\0\0\0\0\0\0\0"..., 48, 848) = 48
2476  pread64(3, "\4\0\0\0\24\0\0\0\3\0\0\0GNU\0\325\31p\226\367\t\200\30)\261\30\257\33|\366c"..., 68, 896) = 68
2476  newfstatat(3, "", {st_mode=S_IFREG|0755, st_size=2220400, ...}, AT_EMPTY_PATH) = 0
2476  pread64(3, "\6\0\0\0\4\0\0\0@\0\0\0\0\0\0\0@\0\0\0\0\0\0\0@\0\0\0\0\0\0\0"..., 784, 64) = 784
2476  mmap(NULL, 2264656, PROT_READ, MAP_PRIVATE|MAP_DENYWRITE, 3, 0) = 0x73060b029000
2476  mprotect(0x73060b051000, 2023424, PROT_NONE) = 0
2476  mmap(0x73060b051000, 1658880, PROT_READ|PROT_EXEC, MAP_PRIVATE|MAP_FIXED|MAP_DENYWRITE, 3, 0x28000) = 0x73060b051000
2476  mmap(0x73060b1e6000, 360448, PROT_READ, MAP_PRIVATE|MAP_FIXED|MAP_DENYWRITE, 3, 0x1bd000) = 0x73060b1e6000
2476  mmap(0x73060b23f000, 24576, PROT_READ|PROT_WRITE, MAP_PRIVATE|MAP_FIXED|MAP_DENYWRITE, 3, 0x215000) = 0x73060b23f000
2476  mmap(0x73060b245000, 52816, PROT_READ|PROT_WRITE, MAP_PRIVATE|MAP_FIXED|MAP_ANONYMOUS, -1, 0) = 0x73060b245000
2476  close(3)                          = 0
2476  mmap(NULL, 12288, PROT_READ|PROT_WRITE, MAP_PRIVATE|MAP_ANONYMOUS, -1, 0) = 0x73060b026000
2476  arch_prctl(ARCH_SET_FS, 0x73060b026740) = 0
2476  set_tid_address(0x73060b026a10)   = 2476
2476  set_robust_list(0x73060b026a20, 24) = 0
2476  rseq(0x73060b0270e0, 0x20, 0, 0x53053053) = 0
2476  mprotect(0x73060b23f000, 16384, PROT_READ) = 0
2476  mprotect(0x73060b337000, 4096, PROT_READ) = 0
2476  mprotect(0x606d8b9e5000, 4096, PROT_READ) = 0
2476  mprotect(0x73060b37b000, 8192, PROT_READ) = 0
2476  prlimit64(0, RLIMIT_STACK, NULL, {rlim_cur=8192*1024, rlim_max=RLIM64_INFINITY}) = 0
2476  munmap(0x73060b339000, 29392)     = 0
2476  clone(child_stack=NULL, flags=CLONE_CHILD_CLEARTID|CLONE_CHILD_SETTID|SIGCHLD, child_tidptr=0x73060b026a10) = 2477
2476  clone(child_stack=NULL, flags=CLONE_CHILD_CLEARTID|CLONE_CHILD_SETTID|SIGCHLD <unfinished ...>
2477  set_robust_list(0x73060b026a20, 24 <unfinished ...>
2476  <... clone resumed>, child_tidptr=0x73060b026a10) = 2478
2477  <... set_robust_list resumed>)    = 0
2476  wait4(-1,  <unfinished ...>
2478  set_robust_list(0x73060b026a20, 24) = 0
2477  exit_group(183072)                = ?
2477  +++ exited with 32 +++
2476  <... wait4 resumed>[{WIFEXITED(s) && WEXITSTATUS(s) == 32}], 0, NULL) = 2477
2476  --- SIGCHLD {si_signo=SIGCHLD, si_code=CLD_EXITED, si_pid=2477, si_uid=1000, si_status=32, si_utime=164, si_stime=0} ---
2476  wait4(-1,  <unfinished ...>
2478  exit_group(165441)                = ?
2478  +++ exited with 65 +++
2476  <... wait4 resumed>[{WIFEXITED(s) && WEXITSTATUS(s) == 65}], 0, NULL) = 2478
2476  --- SIGCHLD {si_signo=SIGCHLD, si_code=CLD_EXITED, si_pid=2478, si_uid=1000, si_status=65, si_utime=267, si_stime=0} ---
2476  newfstatat(1, "", {st_mode=S_IFREG|0664, st_size=290, ...}, AT_EMPTY_PATH) = 0
2476  getrandom("\x4b\xd8\x90\x1b\x40\x94\xa3\x65", 8, GRND_NONBLOCK) = 8
2476  brk(NULL)                         = 0x606da39e4000
2476  brk(0x606da3a05000)               = 0x606da3a05000
2476  write(1, "Testcase 5 Expected: 97 Output: "..., 78) = 78
2476  exit_group(0)                     = ?
2476  +++ exited with 0 +++
